<?xml version="1.0" encoding="UTF-8"?>
<robot generator="Robot 6.0.1 (Python 3.11.0 on win32)" generated="20221113 21:12:42.031" rpa="false" schemaversion="3">
<suite id="s1" name="Tests" source="C:\Users\Karla\PycharmProjects\Planit-Karla\tests">
<suite id="s1-s1" name="TC1" source="C:\Users\Karla\PycharmProjects\Planit-Karla\tests\TC1.robot">
<test id="s1-s1-t1" name="Scenario: Verify display of error messages upon submitting null data in contact page" line="9">
<kw name="Given I am in Jupiter Toys Homepage" library="JupiterToysKeywords">
<kw name="Set Selenium Speed" library="SeleniumLibrary">
<arg>0.3 seconds</arg>
<doc>Sets the delay that is waited after each Selenium command.</doc>
<status status="PASS" starttime="20221113 21:12:42.270" endtime="20221113 21:12:42.270"/>
</kw>
<kw name="I open browser and navigate to URL" library="utils">
<arg>${url_jupiter}</arg>
<arg>${browser}</arg>
<kw name="Open Browser" library="SeleniumLibrary">
<arg>${url}</arg>
<arg>${browser}</arg>
<doc>Opens a new browser instance to the optional ``url``.</doc>
<msg timestamp="20221113 21:12:42.270" level="INFO">Opening browser 'chrome' to base url 'https://jupiter.cloud.planittesting.com/#'.</msg>
<status status="PASS" starttime="20221113 21:12:42.270" endtime="20221113 21:12:45.908"/>
</kw>
<status status="PASS" starttime="20221113 21:12:42.270" endtime="20221113 21:12:45.908"/>
</kw>
<kw name="Location Should Contain" library="SeleniumLibrary">
<arg>${url_jupiter}</arg>
<doc>Verifies that the current URL contains ``expected``.</doc>
<msg timestamp="20221113 21:12:46.214" level="INFO">Current location contains 'https://jupiter.cloud.planittesting.com/#'.</msg>
<status status="PASS" starttime="20221113 21:12:45.908" endtime="20221113 21:12:46.214"/>
</kw>
<kw name="Maximize Browser Window" library="SeleniumLibrary">
<doc>Maximizes current browser window.</doc>
<status status="PASS" starttime="20221113 21:12:46.214" endtime="20221113 21:12:46.633"/>
</kw>
<status status="PASS" starttime="20221113 21:12:42.270" endtime="20221113 21:12:46.633"/>
</kw>
<kw name="When I go to Contact page" library="JupiterToysKeywords">
<kw name="Wait For Element and Click" library="utils">
<arg>${btn_contact}</arg>
<kw name="Wait Until Element Is Visible" library="SeleniumLibrary">
<arg>${element}</arg>
<doc>Waits until the element ``locator`` is visible.</doc>
<status status="PASS" starttime="20221113 21:12:46.633" endtime="20221113 21:12:47.260"/>
</kw>
<kw name="Click Link" library="SeleniumLibrary">
<arg>${element}</arg>
<doc>Clicks a link identified by ``locator``.</doc>
<msg timestamp="20221113 21:12:47.260" level="INFO">Clicking link 'css:a[href="#/contact"]'.</msg>
<status status="PASS" starttime="20221113 21:12:47.260" endtime="20221113 21:12:48.212"/>
</kw>
<status status="PASS" starttime="20221113 21:12:46.633" endtime="20221113 21:12:48.212"/>
</kw>
<kw name="Location Should Contain" library="SeleniumLibrary">
<arg>${url_contact}</arg>
<doc>Verifies that the current URL contains ``expected``.</doc>
<msg timestamp="20221113 21:12:48.516" level="INFO">Current location contains 'https://jupiter.cloud.planittesting.com/#/contact'.</msg>
<status status="PASS" starttime="20221113 21:12:48.212" endtime="20221113 21:12:48.516"/>
</kw>
<kw name="Wait Until Page Contains Element" library="SeleniumLibrary">
<arg>${input_forename}</arg>
<doc>Waits until the element ``locator`` appears on the current page.</doc>
<status status="PASS" starttime="20221113 21:12:48.516" endtime="20221113 21:12:48.828"/>
</kw>
<kw name="Wait Until Page Contains Element" library="SeleniumLibrary">
<arg>${input_surname}</arg>
<doc>Waits until the element ``locator`` appears on the current page.</doc>
<status status="PASS" starttime="20221113 21:12:48.828" endtime="20221113 21:12:49.138"/>
</kw>
<kw name="Wait Until Page Contains Element" library="SeleniumLibrary">
<arg>${input_email}</arg>
<doc>Waits until the element ``locator`` appears on the current page.</doc>
<status status="PASS" starttime="20221113 21:12:49.138" endtime="20221113 21:12:49.447"/>
</kw>
<kw name="Wait Until Page Contains Element" library="SeleniumLibrary">
<arg>${input_telephone}</arg>
<doc>Waits until the element ``locator`` appears on the current page.</doc>
<status status="PASS" starttime="20221113 21:12:49.447" endtime="20221113 21:12:49.758"/>
</kw>
<kw name="Wait Until Page Contains Element" library="SeleniumLibrary">
<arg>${input_message}</arg>
<doc>Waits until the element ``locator`` appears on the current page.</doc>
<status status="PASS" starttime="20221113 21:12:49.758" endtime="20221113 21:12:50.068"/>
</kw>
<kw name="Wait Until Page Contains Element" library="SeleniumLibrary">
<arg>${btn_submit}</arg>
<doc>Waits until the element ``locator`` appears on the current page.</doc>
<status status="PASS" starttime="20221113 21:12:50.068" endtime="20221113 21:12:50.378"/>
</kw>
<status status="PASS" starttime="20221113 21:12:46.633" endtime="20221113 21:12:50.378"/>
</kw>
<kw name="And I click submit button" library="JupiterToysKeywords">
<kw name="Wait For Element and Click" library="utils">
<arg>${btn_submit}</arg>
<kw name="Wait Until Element Is Visible" library="SeleniumLibrary">
<arg>${element}</arg>
<doc>Waits until the element ``locator`` is visible.</doc>
<status status="PASS" starttime="20221113 21:12:50.378" endtime="20221113 21:12:50.999"/>
</kw>
<kw name="Click Link" library="SeleniumLibrary">
<arg>${element}</arg>
<doc>Clicks a link identified by ``locator``.</doc>
<msg timestamp="20221113 21:12:50.999" level="INFO">Clicking link 'css:a.btn-contact'.</msg>
<status status="PASS" starttime="20221113 21:12:50.999" endtime="20221113 21:12:51.969"/>
</kw>
<status status="PASS" starttime="20221113 21:12:50.378" endtime="20221113 21:12:51.969"/>
</kw>
<status status="PASS" starttime="20221113 21:12:50.378" endtime="20221113 21:12:51.969"/>
</kw>
<kw name="Then Error messages for required fields should be displayed" library="JupiterToysKeywords">
<kw name="Page Should Contain" library="SeleniumLibrary">
<arg>${err_msg_forename}</arg>
<doc>Verifies that current page contains ``text``.</doc>
<msg timestamp="20221113 21:12:52.585" level="INFO">Current page contains text 'Forename is required'.</msg>
<status status="PASS" starttime="20221113 21:12:51.969" endtime="20221113 21:12:52.585"/>
</kw>
<kw name="Page Should Contain" library="SeleniumLibrary">
<arg>${err_msg_email}</arg>
<doc>Verifies that current page contains ``text``.</doc>
<msg timestamp="20221113 21:12:53.202" level="INFO">Current page contains text 'Email is required'.</msg>
<status status="PASS" starttime="20221113 21:12:52.585" endtime="20221113 21:12:53.202"/>
</kw>
<kw name="Page Should Contain" library="SeleniumLibrary">
<arg>${err_msg_page}</arg>
<doc>Verifies that current page contains ``text``.</doc>
<msg timestamp="20221113 21:12:53.816" level="INFO">Current page contains text 'We welcome your feedback'.</msg>
<status status="PASS" starttime="20221113 21:12:53.202" endtime="20221113 21:12:53.816"/>
</kw>
<kw name="Page Should Contain" library="SeleniumLibrary">
<arg>${err_msg_page_cont}</arg>
<doc>Verifies that current page contains ``text``.</doc>
<msg timestamp="20221113 21:12:54.429" level="INFO">Current page contains text '- but we won't get it unless you complete the form correctly'.</msg>
<status status="PASS" starttime="20221113 21:12:53.816" endtime="20221113 21:12:54.429"/>
</kw>
<status status="PASS" starttime="20221113 21:12:51.969" endtime="20221113 21:12:54.429"/>
</kw>
<status status="PASS" starttime="20221113 21:12:42.270" endtime="20221113 21:12:54.429"/>
</test>
<test id="s1-s1-t2" name="Scenario: Validate error message for wrong email format" line="15">
<kw name="Given I am in Contact page" library="JupiterToysKeywords">
<kw name="Location Should Contain" library="SeleniumLibrary">
<arg>${url_contact}</arg>
<doc>Verifies that the current URL contains ``expected``.</doc>
<msg timestamp="20221113 21:12:54.736" level="INFO">Current location contains 'https://jupiter.cloud.planittesting.com/#/contact'.</msg>
<status status="PASS" starttime="20221113 21:12:54.429" endtime="20221113 21:12:54.736"/>
</kw>
<kw name="Wait Until Page Contains Element" library="SeleniumLibrary">
<arg>${input_forename}</arg>
<doc>Waits until the element ``locator`` appears on the current page.</doc>
<status status="PASS" starttime="20221113 21:12:54.736" endtime="20221113 21:12:55.044"/>
</kw>
<kw name="Wait Until Page Contains Element" library="SeleniumLibrary">
<arg>${input_surname}</arg>
<doc>Waits until the element ``locator`` appears on the current page.</doc>
<status status="PASS" starttime="20221113 21:12:55.044" endtime="20221113 21:12:55.351"/>
</kw>
<kw name="Wait Until Page Contains Element" library="SeleniumLibrary">
<arg>${input_email}</arg>
<doc>Waits until the element ``locator`` appears on the current page.</doc>
<status status="PASS" starttime="20221113 21:12:55.351" endtime="20221113 21:12:55.659"/>
</kw>
<kw name="Wait Until Page Contains Element" library="SeleniumLibrary">
<arg>${input_telephone}</arg>
<doc>Waits until the element ``locator`` appears on the current page.</doc>
<status status="PASS" starttime="20221113 21:12:55.659" endtime="20221113 21:12:55.966"/>
</kw>
<kw name="Wait Until Page Contains Element" library="SeleniumLibrary">
<arg>${input_message}</arg>
<doc>Waits until the element ``locator`` appears on the current page.</doc>
<status status="PASS" starttime="20221113 21:12:55.966" endtime="20221113 21:12:56.273"/>
</kw>
<kw name="Wait Until Page Contains Element" library="SeleniumLibrary">
<arg>${btn_submit}</arg>
<doc>Waits until the element ``locator`` appears on the current page.</doc>
<status status="PASS" starttime="20221113 21:12:56.273" endtime="20221113 21:12:56.580"/>
</kw>
<status status="PASS" starttime="20221113 21:12:54.429" endtime="20221113 21:12:56.580"/>
</kw>
<kw name="When I input data in required fields" library="JupiterToysKeywords">
<kw name="Input Text" library="SeleniumLibrary">
<arg>${input_forename}</arg>
<arg>${valid_forename}</arg>
<doc>Types the given ``text`` into the text field identified by ``locator``.</doc>
<msg timestamp="20221113 21:12:56.580" level="INFO">Typing text 'Planit test' into text field 'css:input#forename'.</msg>
<status status="PASS" starttime="20221113 21:12:56.580" endtime="20221113 21:12:57.546"/>
</kw>
<kw name="Input Text" library="SeleniumLibrary">
<arg>${input_message}</arg>
<arg>${valid_message}</arg>
<doc>Types the given ``text`` into the text field identified by ``locator``.</doc>
<msg timestamp="20221113 21:12:57.546" level="INFO">Typing text 'test message only' into text field 'css:textarea#message'.</msg>
<status status="PASS" starttime="20221113 21:12:57.546" endtime="20221113 21:12:58.526"/>
</kw>
<status status="PASS" starttime="20221113 21:12:56.580" endtime="20221113 21:12:58.526"/>
</kw>
<kw name="And Email address is not in correct format" library="JupiterToysKeywords">
<kw name="Input Text" library="SeleniumLibrary">
<arg>${input_email}</arg>
<arg>${invalid_email}</arg>
<doc>Types the given ``text`` into the text field identified by ``locator``.</doc>
<msg timestamp="20221113 21:12:58.527" level="INFO">Typing text 'invalid email format' into text field 'css:input#email'.</msg>
<status status="PASS" starttime="20221113 21:12:58.527" endtime="20221113 21:12:59.520"/>
</kw>
<status status="PASS" starttime="20221113 21:12:58.527" endtime="20221113 21:12:59.520"/>
</kw>
<kw name="Then Email address format error should be displayed" library="JupiterToysKeywords">
<kw name="Page Should Contain" library="SeleniumLibrary">
<arg>${err_email_format}</arg>
<doc>Verifies that current page contains ``text``.</doc>
<msg timestamp="20221113 21:13:00.135" level="INFO">Current page contains text 'Please enter a valid email'.</msg>
<status status="PASS" starttime="20221113 21:12:59.521" endtime="20221113 21:13:00.135"/>
</kw>
<status status="PASS" starttime="20221113 21:12:59.521" endtime="20221113 21:13:00.135"/>
</kw>
<status status="PASS" starttime="20221113 21:12:54.429" endtime="20221113 21:13:00.135"/>
</test>
<test id="s1-s1-t3" name="Scenario: Validate error messages are gone after inputting correct data on required fields" line="21">
<kw name="Given I am in Contact page" library="JupiterToysKeywords">
<kw name="Location Should Contain" library="SeleniumLibrary">
<arg>${url_contact}</arg>
<doc>Verifies that the current URL contains ``expected``.</doc>
<msg timestamp="20221113 21:13:00.442" level="INFO">Current location contains 'https://jupiter.cloud.planittesting.com/#/contact'.</msg>
<status status="PASS" starttime="20221113 21:13:00.138" endtime="20221113 21:13:00.442"/>
</kw>
<kw name="Wait Until Page Contains Element" library="SeleniumLibrary">
<arg>${input_forename}</arg>
<doc>Waits until the element ``locator`` appears on the current page.</doc>
<status status="PASS" starttime="20221113 21:13:00.442" endtime="20221113 21:13:00.749"/>
</kw>
<kw name="Wait Until Page Contains Element" library="SeleniumLibrary">
<arg>${input_surname}</arg>
<doc>Waits until the element ``locator`` appears on the current page.</doc>
<status status="PASS" starttime="20221113 21:13:00.749" endtime="20221113 21:13:01.058"/>
</kw>
<kw name="Wait Until Page Contains Element" library="SeleniumLibrary">
<arg>${input_email}</arg>
<doc>Waits until the element ``locator`` appears on the current page.</doc>
<status status="PASS" starttime="20221113 21:13:01.058" endtime="20221113 21:13:01.366"/>
</kw>
<kw name="Wait Until Page Contains Element" library="SeleniumLibrary">
<arg>${input_telephone}</arg>
<doc>Waits until the element ``locator`` appears on the current page.</doc>
<status status="PASS" starttime="20221113 21:13:01.366" endtime="20221113 21:13:01.673"/>
</kw>
<kw name="Wait Until Page Contains Element" library="SeleniumLibrary">
<arg>${input_message}</arg>
<doc>Waits until the element ``locator`` appears on the current page.</doc>
<status status="PASS" starttime="20221113 21:13:01.673" endtime="20221113 21:13:01.981"/>
</kw>
<kw name="Wait Until Page Contains Element" library="SeleniumLibrary">
<arg>${btn_submit}</arg>
<doc>Waits until the element ``locator`` appears on the current page.</doc>
<status status="PASS" starttime="20221113 21:13:01.981" endtime="20221113 21:13:02.287"/>
</kw>
<status status="PASS" starttime="20221113 21:13:00.138" endtime="20221113 21:13:02.287"/>
</kw>
<kw name="When I input correct data in all required fields" library="JupiterToysKeywords">
<kw name="Input Text" library="SeleniumLibrary">
<arg>${input_forename}</arg>
<arg>${valid_forename}</arg>
<doc>Types the given ``text`` into the text field identified by ``locator``.</doc>
<msg timestamp="20221113 21:13:02.287" level="INFO">Typing text 'Planit test' into text field 'css:input#forename'.</msg>
<status status="PASS" starttime="20221113 21:13:02.287" endtime="20221113 21:13:03.258"/>
</kw>
<kw name="Input Text" library="SeleniumLibrary">
<arg>${input_email}</arg>
<arg>${valid_email}</arg>
<doc>Types the given ``text`` into the text field identified by ``locator``.</doc>
<msg timestamp="20221113 21:13:03.258" level="INFO">Typing text 'test@test.com' into text field 'css:input#email'.</msg>
<status status="PASS" starttime="20221113 21:13:03.258" endtime="20221113 21:13:04.224"/>
</kw>
<kw name="Input Text" library="SeleniumLibrary">
<arg>${input_message}</arg>
<arg>${valid_message}</arg>
<doc>Types the given ``text`` into the text field identified by ``locator``.</doc>
<msg timestamp="20221113 21:13:04.224" level="INFO">Typing text 'test message only' into text field 'css:textarea#message'.</msg>
<status status="PASS" starttime="20221113 21:13:04.224" endtime="20221113 21:13:05.197"/>
</kw>
<status status="PASS" starttime="20221113 21:13:02.287" endtime="20221113 21:13:05.197"/>
</kw>
<kw name="Then Error messages should not be displayed" library="JupiterToysKeywords">
<kw name="Page Should Not Contain" library="SeleniumLibrary">
<arg>${err_msg_forename}</arg>
<doc>Verifies the current page does not contain ``text``.</doc>
<msg timestamp="20221113 21:13:06.119" level="INFO">Current page does not contain text 'Forename is required'.</msg>
<status status="PASS" starttime="20221113 21:13:05.197" endtime="20221113 21:13:06.119"/>
</kw>
<kw name="Page Should Not Contain" library="SeleniumLibrary">
<arg>${err_msg_email}</arg>
<doc>Verifies the current page does not contain ``text``.</doc>
<msg timestamp="20221113 21:13:07.036" level="INFO">Current page does not contain text 'Email is required'.</msg>
<status status="PASS" starttime="20221113 21:13:06.119" endtime="20221113 21:13:07.036"/>
</kw>
<kw name="Page Should Not Contain" library="SeleniumLibrary">
<arg>${err_msg_message}</arg>
<doc>Verifies the current page does not contain ``text``.</doc>
<msg timestamp="20221113 21:13:07.958" level="INFO">Current page does not contain text 'Message is required'.</msg>
<status status="PASS" starttime="20221113 21:13:07.036" endtime="20221113 21:13:07.958"/>
</kw>
<status status="PASS" starttime="20221113 21:13:05.197" endtime="20221113 21:13:07.958"/>
</kw>
<status status="PASS" starttime="20221113 21:13:00.137" endtime="20221113 21:13:07.958"/>
</test>
<status status="PASS" starttime="20221113 21:12:42.062" endtime="20221113 21:13:07.958"/>
</suite>
<suite id="s1-s2" name="TC2" source="C:\Users\Karla\PycharmProjects\Planit-Karla\tests\TC2.robot">
<test id="s1-s2-t1" name="Scenario: Successful submission of data in Contact page" line="9">
<kw name="Scenario Outline: Successful submission of contact form">
<arg>test1</arg>
<arg>test1@test.com</arg>
<arg>testmessage</arg>
<kw name="Given I am in Jupiter Toys Homepage" library="JupiterToysKeywords">
<kw name="Set Selenium Speed" library="SeleniumLibrary">
<arg>0.3 seconds</arg>
<doc>Sets the delay that is waited after each Selenium command.</doc>
<status status="PASS" starttime="20221113 21:13:07.958" endtime="20221113 21:13:07.958"/>
</kw>
<kw name="I open browser and navigate to URL" library="utils">
<arg>${url_jupiter}</arg>
<arg>${browser}</arg>
<kw name="Open Browser" library="SeleniumLibrary">
<arg>${url}</arg>
<arg>${browser}</arg>
<doc>Opens a new browser instance to the optional ``url``.</doc>
<msg timestamp="20221113 21:13:07.958" level="INFO">Opening browser 'chrome' to base url 'https://jupiter.cloud.planittesting.com/#'.</msg>
<status status="PASS" starttime="20221113 21:13:07.958" endtime="20221113 21:13:11.432"/>
</kw>
<status status="PASS" starttime="20221113 21:13:07.958" endtime="20221113 21:13:11.432"/>
</kw>
<kw name="Location Should Contain" library="SeleniumLibrary">
<arg>${url_jupiter}</arg>
<doc>Verifies that the current URL contains ``expected``.</doc>
<msg timestamp="20221113 21:13:11.738" level="INFO">Current location contains 'https://jupiter.cloud.planittesting.com/#'.</msg>
<status status="PASS" starttime="20221113 21:13:11.432" endtime="20221113 21:13:11.738"/>
</kw>
<kw name="Maximize Browser Window" library="SeleniumLibrary">
<doc>Maximizes current browser window.</doc>
<status status="PASS" starttime="20221113 21:13:11.738" endtime="20221113 21:13:12.173"/>
</kw>
<status status="PASS" starttime="20221113 21:13:07.958" endtime="20221113 21:13:12.173"/>
</kw>
<kw name="When I go to Contact page" library="JupiterToysKeywords">
<kw name="Wait For Element and Click" library="utils">
<arg>${btn_contact}</arg>
<kw name="Wait Until Element Is Visible" library="SeleniumLibrary">
<arg>${element}</arg>
<doc>Waits until the element ``locator`` is visible.</doc>
<status status="PASS" starttime="20221113 21:13:12.173" endtime="20221113 21:13:12.800"/>
</kw>
<kw name="Click Link" library="SeleniumLibrary">
<arg>${element}</arg>
<doc>Clicks a link identified by ``locator``.</doc>
<msg timestamp="20221113 21:13:12.800" level="INFO">Clicking link 'css:a[href="#/contact"]'.</msg>
<status status="PASS" starttime="20221113 21:13:12.800" endtime="20221113 21:13:13.757"/>
</kw>
<status status="PASS" starttime="20221113 21:13:12.173" endtime="20221113 21:13:13.757"/>
</kw>
<kw name="Location Should Contain" library="SeleniumLibrary">
<arg>${url_contact}</arg>
<doc>Verifies that the current URL contains ``expected``.</doc>
<msg timestamp="20221113 21:13:14.062" level="INFO">Current location contains 'https://jupiter.cloud.planittesting.com/#/contact'.</msg>
<status status="PASS" starttime="20221113 21:13:13.757" endtime="20221113 21:13:14.062"/>
</kw>
<kw name="Wait Until Page Contains Element" library="SeleniumLibrary">
<arg>${input_forename}</arg>
<doc>Waits until the element ``locator`` appears on the current page.</doc>
<status status="PASS" starttime="20221113 21:13:14.062" endtime="20221113 21:13:14.375"/>
</kw>
<kw name="Wait Until Page Contains Element" library="SeleniumLibrary">
<arg>${input_surname}</arg>
<doc>Waits until the element ``locator`` appears on the current page.</doc>
<status status="PASS" starttime="20221113 21:13:14.375" endtime="20221113 21:13:14.688"/>
</kw>
<kw name="Wait Until Page Contains Element" library="SeleniumLibrary">
<arg>${input_email}</arg>
<doc>Waits until the element ``locator`` appears on the current page.</doc>
<status status="PASS" starttime="20221113 21:13:14.688" endtime="20221113 21:13:15.000"/>
</kw>
<kw name="Wait Until Page Contains Element" library="SeleniumLibrary">
<arg>${input_telephone}</arg>
<doc>Waits until the element ``locator`` appears on the current page.</doc>
<status status="PASS" starttime="20221113 21:13:15.000" endtime="20221113 21:13:15.312"/>
</kw>
<kw name="Wait Until Page Contains Element" library="SeleniumLibrary">
<arg>${input_message}</arg>
<doc>Waits until the element ``locator`` appears on the current page.</doc>
<status status="PASS" starttime="20221113 21:13:15.312" endtime="20221113 21:13:15.624"/>
</kw>
<kw name="Wait Until Page Contains Element" library="SeleniumLibrary">
<arg>${btn_submit}</arg>
<doc>Waits until the element ``locator`` appears on the current page.</doc>
<status status="PASS" starttime="20221113 21:13:15.624" endtime="20221113 21:13:15.935"/>
</kw>
<status status="PASS" starttime="20221113 21:13:12.173" endtime="20221113 21:13:15.935"/>
</kw>
<kw name="And Input text" library="SeleniumLibrary">
<arg>${input_forename}</arg>
<arg>${forename}</arg>
<doc>Types the given ``text`` into the text field identified by ``locator``.</doc>
<msg timestamp="20221113 21:13:15.935" level="INFO">Typing text 'test1' into text field 'css:input#forename'.</msg>
<status status="PASS" starttime="20221113 21:13:15.935" endtime="20221113 21:13:16.932"/>
</kw>
<kw name="And Input text" library="SeleniumLibrary">
<arg>${input_email}</arg>
<arg>${email}</arg>
<doc>Types the given ``text`` into the text field identified by ``locator``.</doc>
<msg timestamp="20221113 21:13:16.932" level="INFO">Typing text 'test1@test.com' into text field 'css:input#email'.</msg>
<status status="PASS" starttime="20221113 21:13:16.932" endtime="20221113 21:13:17.937"/>
</kw>
<kw name="And Input Text" library="SeleniumLibrary">
<arg>${input_message}</arg>
<arg>${message}</arg>
<doc>Types the given ``text`` into the text field identified by ``locator``.</doc>
<msg timestamp="20221113 21:13:17.937" level="INFO">Typing text 'testmessage' into text field 'css:textarea#message'.</msg>
<status status="PASS" starttime="20221113 21:13:17.937" endtime="20221113 21:13:18.933"/>
</kw>
<kw name="And I click submit button" library="JupiterToysKeywords">
<kw name="Wait For Element and Click" library="utils">
<arg>${btn_submit}</arg>
<kw name="Wait Until Element Is Visible" library="SeleniumLibrary">
<arg>${element}</arg>
<doc>Waits until the element ``locator`` is visible.</doc>
<status status="PASS" starttime="20221113 21:13:18.933" endtime="20221113 21:13:19.559"/>
</kw>
<kw name="Click Link" library="SeleniumLibrary">
<arg>${element}</arg>
<doc>Clicks a link identified by ``locator``.</doc>
<msg timestamp="20221113 21:13:19.559" level="INFO">Clicking link 'css:a.btn-contact'.</msg>
<status status="PASS" starttime="20221113 21:13:19.559" endtime="20221113 21:13:20.526"/>
</kw>
<status status="PASS" starttime="20221113 21:13:18.933" endtime="20221113 21:13:20.526"/>
</kw>
<status status="PASS" starttime="20221113 21:13:18.933" endtime="20221113 21:13:20.526"/>
</kw>
<kw name="Then Error messages should not be displayed" library="JupiterToysKeywords">
<kw name="Page Should Not Contain" library="SeleniumLibrary">
<arg>${err_msg_forename}</arg>
<doc>Verifies the current page does not contain ``text``.</doc>
<msg timestamp="20221113 21:13:21.453" level="INFO">Current page does not contain text 'Forename is required'.</msg>
<status status="PASS" starttime="20221113 21:13:20.526" endtime="20221113 21:13:21.453"/>
</kw>
<kw name="Page Should Not Contain" library="SeleniumLibrary">
<arg>${err_msg_email}</arg>
<doc>Verifies the current page does not contain ``text``.</doc>
<msg timestamp="20221113 21:13:22.377" level="INFO">Current page does not contain text 'Email is required'.</msg>
<status status="PASS" starttime="20221113 21:13:21.453" endtime="20221113 21:13:22.377"/>
</kw>
<kw name="Page Should Not Contain" library="SeleniumLibrary">
<arg>${err_msg_message}</arg>
<doc>Verifies the current page does not contain ``text``.</doc>
<msg timestamp="20221113 21:13:23.299" level="INFO">Current page does not contain text 'Message is required'.</msg>
<status status="PASS" starttime="20221113 21:13:22.377" endtime="20221113 21:13:23.299"/>
</kw>
<status status="PASS" starttime="20221113 21:13:20.526" endtime="20221113 21:13:23.299"/>
</kw>
<kw name="And Success message should be displayed" library="JupiterToysKeywords">
<kw name="Wait Until Page Contains Element" library="SeleniumLibrary">
<arg>${modal_feedback}</arg>
<arg>20 seconds</arg>
<doc>Waits until the element ``locator`` appears on the current page.</doc>
<status status="PASS" starttime="20221113 21:13:23.299" endtime="20221113 21:13:23.612"/>
</kw>
<kw name="Wait Until Page Contains Element" library="SeleniumLibrary">
<arg>${contact_success_msg}</arg>
<arg>20 seconds</arg>
<doc>Waits until the element ``locator`` appears on the current page.</doc>
<status status="PASS" starttime="20221113 21:13:23.612" endtime="20221113 21:13:23.924"/>
</kw>
<kw name="Wait Until Page Contains" library="SeleniumLibrary">
<arg>${success_msg_contact}</arg>
<arg>20 seconds</arg>
<doc>Waits until ``text`` appears on the current page.</doc>
<status status="PASS" starttime="20221113 21:13:23.924" endtime="20221113 21:13:27.807"/>
</kw>
<kw name="Wait Until Page Contains" library="SeleniumLibrary">
<arg>${success_msg_contact}</arg>
<arg>20 seconds</arg>
<doc>Waits until ``text`` appears on the current page.</doc>
<status status="PASS" starttime="20221113 21:13:27.807" endtime="20221113 21:13:28.115"/>
</kw>
<kw name="Close Browser" library="SeleniumLibrary">
<doc>Closes the current browser.</doc>
<status status="PASS" starttime="20221113 21:13:28.115" endtime="20221113 21:13:30.460"/>
</kw>
<status status="PASS" starttime="20221113 21:13:23.299" endtime="20221113 21:13:30.460"/>
</kw>
<status status="PASS" starttime="20221113 21:13:07.958" endtime="20221113 21:13:30.460"/>
</kw>
<kw name="Scenario Outline: Successful submission of contact form">
<arg>test2</arg>
<arg>test2@test.com</arg>
<arg>testmessage</arg>
<kw name="Given I am in Jupiter Toys Homepage" library="JupiterToysKeywords">
<kw name="Set Selenium Speed" library="SeleniumLibrary">
<arg>0.3 seconds</arg>
<doc>Sets the delay that is waited after each Selenium command.</doc>
<status status="PASS" starttime="20221113 21:13:30.460" endtime="20221113 21:13:30.460"/>
</kw>
<kw name="I open browser and navigate to URL" library="utils">
<arg>${url_jupiter}</arg>
<arg>${browser}</arg>
<kw name="Open Browser" library="SeleniumLibrary">
<arg>${url}</arg>
<arg>${browser}</arg>
<doc>Opens a new browser instance to the optional ``url``.</doc>
<msg timestamp="20221113 21:13:30.460" level="INFO">Opening browser 'chrome' to base url 'https://jupiter.cloud.planittesting.com/#'.</msg>
<status status="PASS" starttime="20221113 21:13:30.460" endtime="20221113 21:13:34.188"/>
</kw>
<status status="PASS" starttime="20221113 21:13:30.460" endtime="20221113 21:13:34.188"/>
</kw>
<kw name="Location Should Contain" library="SeleniumLibrary">
<arg>${url_jupiter}</arg>
<doc>Verifies that the current URL contains ``expected``.</doc>
<msg timestamp="20221113 21:13:34.494" level="INFO">Current location contains 'https://jupiter.cloud.planittesting.com/#'.</msg>
<status status="PASS" starttime="20221113 21:13:34.188" endtime="20221113 21:13:34.494"/>
</kw>
<kw name="Maximize Browser Window" library="SeleniumLibrary">
<doc>Maximizes current browser window.</doc>
<status status="PASS" starttime="20221113 21:13:34.494" endtime="20221113 21:13:34.918"/>
</kw>
<status status="PASS" starttime="20221113 21:13:30.460" endtime="20221113 21:13:34.918"/>
</kw>
<kw name="When I go to Contact page" library="JupiterToysKeywords">
<kw name="Wait For Element and Click" library="utils">
<arg>${btn_contact}</arg>
<kw name="Wait Until Element Is Visible" library="SeleniumLibrary">
<arg>${element}</arg>
<doc>Waits until the element ``locator`` is visible.</doc>
<status status="PASS" starttime="20221113 21:13:34.918" endtime="20221113 21:13:35.543"/>
</kw>
<kw name="Click Link" library="SeleniumLibrary">
<arg>${element}</arg>
<doc>Clicks a link identified by ``locator``.</doc>
<msg timestamp="20221113 21:13:35.543" level="INFO">Clicking link 'css:a[href="#/contact"]'.</msg>
<status status="PASS" starttime="20221113 21:13:35.543" endtime="20221113 21:13:36.495"/>
</kw>
<status status="PASS" starttime="20221113 21:13:34.918" endtime="20221113 21:13:36.495"/>
</kw>
<kw name="Location Should Contain" library="SeleniumLibrary">
<arg>${url_contact}</arg>
<doc>Verifies that the current URL contains ``expected``.</doc>
<msg timestamp="20221113 21:13:36.800" level="INFO">Current location contains 'https://jupiter.cloud.planittesting.com/#/contact'.</msg>
<status status="PASS" starttime="20221113 21:13:36.495" endtime="20221113 21:13:36.800"/>
</kw>
<kw name="Wait Until Page Contains Element" library="SeleniumLibrary">
<arg>${input_forename}</arg>
<doc>Waits until the element ``locator`` appears on the current page.</doc>
<status status="PASS" starttime="20221113 21:13:36.800" endtime="20221113 21:13:37.113"/>
</kw>
<kw name="Wait Until Page Contains Element" library="SeleniumLibrary">
<arg>${input_surname}</arg>
<doc>Waits until the element ``locator`` appears on the current page.</doc>
<status status="PASS" starttime="20221113 21:13:37.113" endtime="20221113 21:13:37.424"/>
</kw>
<kw name="Wait Until Page Contains Element" library="SeleniumLibrary">
<arg>${input_email}</arg>
<doc>Waits until the element ``locator`` appears on the current page.</doc>
<status status="PASS" starttime="20221113 21:13:37.424" endtime="20221113 21:13:37.736"/>
</kw>
<kw name="Wait Until Page Contains Element" library="SeleniumLibrary">
<arg>${input_telephone}</arg>
<doc>Waits until the element ``locator`` appears on the current page.</doc>
<status status="PASS" starttime="20221113 21:13:37.736" endtime="20221113 21:13:38.048"/>
</kw>
<kw name="Wait Until Page Contains Element" library="SeleniumLibrary">
<arg>${input_message}</arg>
<doc>Waits until the element ``locator`` appears on the current page.</doc>
<status status="PASS" starttime="20221113 21:13:38.048" endtime="20221113 21:13:38.359"/>
</kw>
<kw name="Wait Until Page Contains Element" library="SeleniumLibrary">
<arg>${btn_submit}</arg>
<doc>Waits until the element ``locator`` appears on the current page.</doc>
<status status="PASS" starttime="20221113 21:13:38.359" endtime="20221113 21:13:38.671"/>
</kw>
<status status="PASS" starttime="20221113 21:13:34.918" endtime="20221113 21:13:38.671"/>
</kw>
<kw name="And Input text" library="SeleniumLibrary">
<arg>${input_forename}</arg>
<arg>${forename}</arg>
<doc>Types the given ``text`` into the text field identified by ``locator``.</doc>
<msg timestamp="20221113 21:13:38.671" level="INFO">Typing text 'test2' into text field 'css:input#forename'.</msg>
<status status="PASS" starttime="20221113 21:13:38.671" endtime="20221113 21:13:39.658"/>
</kw>
<kw name="And Input text" library="SeleniumLibrary">
<arg>${input_email}</arg>
<arg>${email}</arg>
<doc>Types the given ``text`` into the text field identified by ``locator``.</doc>
<msg timestamp="20221113 21:13:39.658" level="INFO">Typing text 'test2@test.com' into text field 'css:input#email'.</msg>
<status status="PASS" starttime="20221113 21:13:39.658" endtime="20221113 21:13:40.656"/>
</kw>
<kw name="And Input Text" library="SeleniumLibrary">
<arg>${input_message}</arg>
<arg>${message}</arg>
<doc>Types the given ``text`` into the text field identified by ``locator``.</doc>
<msg timestamp="20221113 21:13:40.656" level="INFO">Typing text 'testmessage' into text field 'css:textarea#message'.</msg>
<status status="PASS" starttime="20221113 21:13:40.656" endtime="20221113 21:13:41.721"/>
</kw>
<kw name="And I click submit button" library="JupiterToysKeywords">
<kw name="Wait For Element and Click" library="utils">
<arg>${btn_submit}</arg>
<kw name="Wait Until Element Is Visible" library="SeleniumLibrary">
<arg>${element}</arg>
<doc>Waits until the element ``locator`` is visible.</doc>
<status status="PASS" starttime="20221113 21:13:41.722" endtime="20221113 21:13:42.346"/>
</kw>
<kw name="Click Link" library="SeleniumLibrary">
<arg>${element}</arg>
<doc>Clicks a link identified by ``locator``.</doc>
<msg timestamp="20221113 21:13:42.346" level="INFO">Clicking link 'css:a.btn-contact'.</msg>
<status status="PASS" starttime="20221113 21:13:42.346" endtime="20221113 21:13:43.306"/>
</kw>
<status status="PASS" starttime="20221113 21:13:41.721" endtime="20221113 21:13:43.306"/>
</kw>
<status status="PASS" starttime="20221113 21:13:41.721" endtime="20221113 21:13:43.306"/>
</kw>
<kw name="Then Error messages should not be displayed" library="JupiterToysKeywords">
<kw name="Page Should Not Contain" library="SeleniumLibrary">
<arg>${err_msg_forename}</arg>
<doc>Verifies the current page does not contain ``text``.</doc>
<msg timestamp="20221113 21:13:44.235" level="INFO">Current page does not contain text 'Forename is required'.</msg>
<status status="PASS" starttime="20221113 21:13:43.306" endtime="20221113 21:13:44.235"/>
</kw>
<kw name="Page Should Not Contain" library="SeleniumLibrary">
<arg>${err_msg_email}</arg>
<doc>Verifies the current page does not contain ``text``.</doc>
<msg timestamp="20221113 21:13:45.157" level="INFO">Current page does not contain text 'Email is required'.</msg>
<status status="PASS" starttime="20221113 21:13:44.235" endtime="20221113 21:13:45.157"/>
</kw>
<kw name="Page Should Not Contain" library="SeleniumLibrary">
<arg>${err_msg_message}</arg>
<doc>Verifies the current page does not contain ``text``.</doc>
<msg timestamp="20221113 21:13:46.080" level="INFO">Current page does not contain text 'Message is required'.</msg>
<status status="PASS" starttime="20221113 21:13:45.157" endtime="20221113 21:13:46.080"/>
</kw>
<status status="PASS" starttime="20221113 21:13:43.306" endtime="20221113 21:13:46.080"/>
</kw>
<kw name="And Success message should be displayed" library="JupiterToysKeywords">
<kw name="Wait Until Page Contains Element" library="SeleniumLibrary">
<arg>${modal_feedback}</arg>
<arg>20 seconds</arg>
<doc>Waits until the element ``locator`` appears on the current page.</doc>
<status status="PASS" starttime="20221113 21:13:46.080" endtime="20221113 21:13:46.391"/>
</kw>
<kw name="Wait Until Page Contains Element" library="SeleniumLibrary">
<arg>${contact_success_msg}</arg>
<arg>20 seconds</arg>
<doc>Waits until the element ``locator`` appears on the current page.</doc>
<status status="PASS" starttime="20221113 21:13:46.391" endtime="20221113 21:13:46.701"/>
</kw>
<kw name="Wait Until Page Contains" library="SeleniumLibrary">
<arg>${success_msg_contact}</arg>
<arg>20 seconds</arg>
<doc>Waits until ``text`` appears on the current page.</doc>
<status status="PASS" starttime="20221113 21:13:46.701" endtime="20221113 21:13:47.012"/>
</kw>
<kw name="Wait Until Page Contains" library="SeleniumLibrary">
<arg>${success_msg_contact}</arg>
<arg>20 seconds</arg>
<doc>Waits until ``text`` appears on the current page.</doc>
<status status="PASS" starttime="20221113 21:13:47.012" endtime="20221113 21:13:47.320"/>
</kw>
<kw name="Close Browser" library="SeleniumLibrary">
<doc>Closes the current browser.</doc>
<status status="PASS" starttime="20221113 21:13:47.320" endtime="20221113 21:13:49.670"/>
</kw>
<status status="PASS" starttime="20221113 21:13:46.080" endtime="20221113 21:13:49.670"/>
</kw>
<status status="PASS" starttime="20221113 21:13:30.460" endtime="20221113 21:13:49.670"/>
</kw>
<kw name="Scenario Outline: Successful submission of contact form">
<arg>test3</arg>
<arg>test3@test.com</arg>
<arg>testmessage</arg>
<kw name="Given I am in Jupiter Toys Homepage" library="JupiterToysKeywords">
<kw name="Set Selenium Speed" library="SeleniumLibrary">
<arg>0.3 seconds</arg>
<doc>Sets the delay that is waited after each Selenium command.</doc>
<status status="PASS" starttime="20221113 21:13:49.670" endtime="20221113 21:13:49.670"/>
</kw>
<kw name="I open browser and navigate to URL" library="utils">
<arg>${url_jupiter}</arg>
<arg>${browser}</arg>
<kw name="Open Browser" library="SeleniumLibrary">
<arg>${url}</arg>
<arg>${browser}</arg>
<doc>Opens a new browser instance to the optional ``url``.</doc>
<msg timestamp="20221113 21:13:49.670" level="INFO">Opening browser 'chrome' to base url 'https://jupiter.cloud.planittesting.com/#'.</msg>
<status status="PASS" starttime="20221113 21:13:49.670" endtime="20221113 21:13:53.304"/>
</kw>
<status status="PASS" starttime="20221113 21:13:49.670" endtime="20221113 21:13:53.304"/>
</kw>
<kw name="Location Should Contain" library="SeleniumLibrary">
<arg>${url_jupiter}</arg>
<doc>Verifies that the current URL contains ``expected``.</doc>
<msg timestamp="20221113 21:13:53.610" level="INFO">Current location contains 'https://jupiter.cloud.planittesting.com/#'.</msg>
<status status="PASS" starttime="20221113 21:13:53.304" endtime="20221113 21:13:53.610"/>
</kw>
<kw name="Maximize Browser Window" library="SeleniumLibrary">
<doc>Maximizes current browser window.</doc>
<status status="PASS" starttime="20221113 21:13:53.610" endtime="20221113 21:13:54.035"/>
</kw>
<status status="PASS" starttime="20221113 21:13:49.670" endtime="20221113 21:13:54.035"/>
</kw>
<kw name="When I go to Contact page" library="JupiterToysKeywords">
<kw name="Wait For Element and Click" library="utils">
<arg>${btn_contact}</arg>
<kw name="Wait Until Element Is Visible" library="SeleniumLibrary">
<arg>${element}</arg>
<doc>Waits until the element ``locator`` is visible.</doc>
<status status="PASS" starttime="20221113 21:13:54.035" endtime="20221113 21:13:54.662"/>
</kw>
<kw name="Click Link" library="SeleniumLibrary">
<arg>${element}</arg>
<doc>Clicks a link identified by ``locator``.</doc>
<msg timestamp="20221113 21:13:54.662" level="INFO">Clicking link 'css:a[href="#/contact"]'.</msg>
<status status="PASS" starttime="20221113 21:13:54.662" endtime="20221113 21:13:55.613"/>
</kw>
<status status="PASS" starttime="20221113 21:13:54.035" endtime="20221113 21:13:55.613"/>
</kw>
<kw name="Location Should Contain" library="SeleniumLibrary">
<arg>${url_contact}</arg>
<doc>Verifies that the current URL contains ``expected``.</doc>
<msg timestamp="20221113 21:13:55.918" level="INFO">Current location contains 'https://jupiter.cloud.planittesting.com/#/contact'.</msg>
<status status="PASS" starttime="20221113 21:13:55.613" endtime="20221113 21:13:55.918"/>
</kw>
<kw name="Wait Until Page Contains Element" library="SeleniumLibrary">
<arg>${input_forename}</arg>
<doc>Waits until the element ``locator`` appears on the current page.</doc>
<status status="PASS" starttime="20221113 21:13:55.918" endtime="20221113 21:13:56.231"/>
</kw>
<kw name="Wait Until Page Contains Element" library="SeleniumLibrary">
<arg>${input_surname}</arg>
<doc>Waits until the element ``locator`` appears on the current page.</doc>
<status status="PASS" starttime="20221113 21:13:56.231" endtime="20221113 21:13:56.544"/>
</kw>
<kw name="Wait Until Page Contains Element" library="SeleniumLibrary">
<arg>${input_email}</arg>
<doc>Waits until the element ``locator`` appears on the current page.</doc>
<status status="PASS" starttime="20221113 21:13:56.544" endtime="20221113 21:13:56.855"/>
</kw>
<kw name="Wait Until Page Contains Element" library="SeleniumLibrary">
<arg>${input_telephone}</arg>
<doc>Waits until the element ``locator`` appears on the current page.</doc>
<status status="PASS" starttime="20221113 21:13:56.855" endtime="20221113 21:13:57.168"/>
</kw>
<kw name="Wait Until Page Contains Element" library="SeleniumLibrary">
<arg>${input_message}</arg>
<doc>Waits until the element ``locator`` appears on the current page.</doc>
<status status="PASS" starttime="20221113 21:13:57.168" endtime="20221113 21:13:57.480"/>
</kw>
<kw name="Wait Until Page Contains Element" library="SeleniumLibrary">
<arg>${btn_submit}</arg>
<doc>Waits until the element ``locator`` appears on the current page.</doc>
<status status="PASS" starttime="20221113 21:13:57.480" endtime="20221113 21:13:57.792"/>
</kw>
<status status="PASS" starttime="20221113 21:13:54.035" endtime="20221113 21:13:57.792"/>
</kw>
<kw name="And Input text" library="SeleniumLibrary">
<arg>${input_forename}</arg>
<arg>${forename}</arg>
<doc>Types the given ``text`` into the text field identified by ``locator``.</doc>
<msg timestamp="20221113 21:13:57.792" level="INFO">Typing text 'test3' into text field 'css:input#forename'.</msg>
<status status="PASS" starttime="20221113 21:13:57.792" endtime="20221113 21:13:58.784"/>
</kw>
<kw name="And Input text" library="SeleniumLibrary">
<arg>${input_email}</arg>
<arg>${email}</arg>
<doc>Types the given ``text`` into the text field identified by ``locator``.</doc>
<msg timestamp="20221113 21:13:58.784" level="INFO">Typing text 'test3@test.com' into text field 'css:input#email'.</msg>
<status status="PASS" starttime="20221113 21:13:58.784" endtime="20221113 21:13:59.815"/>
</kw>
<kw name="And Input Text" library="SeleniumLibrary">
<arg>${input_message}</arg>
<arg>${message}</arg>
<doc>Types the given ``text`` into the text field identified by ``locator``.</doc>
<msg timestamp="20221113 21:13:59.815" level="INFO">Typing text 'testmessage' into text field 'css:textarea#message'.</msg>
<status status="PASS" starttime="20221113 21:13:59.815" endtime="20221113 21:14:00.815"/>
</kw>
<kw name="And I click submit button" library="JupiterToysKeywords">
<kw name="Wait For Element and Click" library="utils">
<arg>${btn_submit}</arg>
<kw name="Wait Until Element Is Visible" library="SeleniumLibrary">
<arg>${element}</arg>
<doc>Waits until the element ``locator`` is visible.</doc>
<status status="PASS" starttime="20221113 21:14:00.815" endtime="20221113 21:14:01.439"/>
</kw>
<kw name="Click Link" library="SeleniumLibrary">
<arg>${element}</arg>
<doc>Clicks a link identified by ``locator``.</doc>
<msg timestamp="20221113 21:14:01.439" level="INFO">Clicking link 'css:a.btn-contact'.</msg>
<status status="PASS" starttime="20221113 21:14:01.439" endtime="20221113 21:14:02.405"/>
</kw>
<status status="PASS" starttime="20221113 21:14:00.815" endtime="20221113 21:14:02.405"/>
</kw>
<status status="PASS" starttime="20221113 21:14:00.815" endtime="20221113 21:14:02.405"/>
</kw>
<kw name="Then Error messages should not be displayed" library="JupiterToysKeywords">
<kw name="Page Should Not Contain" library="SeleniumLibrary">
<arg>${err_msg_forename}</arg>
<doc>Verifies the current page does not contain ``text``.</doc>
<msg timestamp="20221113 21:14:03.330" level="INFO">Current page does not contain text 'Forename is required'.</msg>
<status status="PASS" starttime="20221113 21:14:02.405" endtime="20221113 21:14:03.330"/>
</kw>
<kw name="Page Should Not Contain" library="SeleniumLibrary">
<arg>${err_msg_email}</arg>
<doc>Verifies the current page does not contain ``text``.</doc>
<msg timestamp="20221113 21:14:04.254" level="INFO">Current page does not contain text 'Email is required'.</msg>
<status status="PASS" starttime="20221113 21:14:03.330" endtime="20221113 21:14:04.254"/>
</kw>
<kw name="Page Should Not Contain" library="SeleniumLibrary">
<arg>${err_msg_message}</arg>
<doc>Verifies the current page does not contain ``text``.</doc>
<msg timestamp="20221113 21:14:05.175" level="INFO">Current page does not contain text 'Message is required'.</msg>
<status status="PASS" starttime="20221113 21:14:04.254" endtime="20221113 21:14:05.175"/>
</kw>
<status status="PASS" starttime="20221113 21:14:02.405" endtime="20221113 21:14:05.175"/>
</kw>
<kw name="And Success message should be displayed" library="JupiterToysKeywords">
<kw name="Wait Until Page Contains Element" library="SeleniumLibrary">
<arg>${modal_feedback}</arg>
<arg>20 seconds</arg>
<doc>Waits until the element ``locator`` appears on the current page.</doc>
<status status="PASS" starttime="20221113 21:14:05.175" endtime="20221113 21:14:05.486"/>
</kw>
<kw name="Wait Until Page Contains Element" library="SeleniumLibrary">
<arg>${contact_success_msg}</arg>
<arg>20 seconds</arg>
<doc>Waits until the element ``locator`` appears on the current page.</doc>
<status status="PASS" starttime="20221113 21:14:05.486" endtime="20221113 21:14:05.795"/>
</kw>
<kw name="Wait Until Page Contains" library="SeleniumLibrary">
<arg>${success_msg_contact}</arg>
<arg>20 seconds</arg>
<doc>Waits until ``text`` appears on the current page.</doc>
<status status="PASS" starttime="20221113 21:14:05.795" endtime="20221113 21:14:06.107"/>
</kw>
<kw name="Wait Until Page Contains" library="SeleniumLibrary">
<arg>${success_msg_contact}</arg>
<arg>20 seconds</arg>
<doc>Waits until ``text`` appears on the current page.</doc>
<status status="PASS" starttime="20221113 21:14:06.107" endtime="20221113 21:14:06.415"/>
</kw>
<kw name="Close Browser" library="SeleniumLibrary">
<doc>Closes the current browser.</doc>
<status status="PASS" starttime="20221113 21:14:06.415" endtime="20221113 21:14:08.761"/>
</kw>
<status status="PASS" starttime="20221113 21:14:05.175" endtime="20221113 21:14:08.761"/>
</kw>
<status status="PASS" starttime="20221113 21:13:49.670" endtime="20221113 21:14:08.761"/>
</kw>
<kw name="Scenario Outline: Successful submission of contact form">
<arg>test4</arg>
<arg>test4@test.com</arg>
<arg>testmessage</arg>
<kw name="Given I am in Jupiter Toys Homepage" library="JupiterToysKeywords">
<kw name="Set Selenium Speed" library="SeleniumLibrary">
<arg>0.3 seconds</arg>
<doc>Sets the delay that is waited after each Selenium command.</doc>
<status status="PASS" starttime="20221113 21:14:08.761" endtime="20221113 21:14:08.761"/>
</kw>
<kw name="I open browser and navigate to URL" library="utils">
<arg>${url_jupiter}</arg>
<arg>${browser}</arg>
<kw name="Open Browser" library="SeleniumLibrary">
<arg>${url}</arg>
<arg>${browser}</arg>
<doc>Opens a new browser instance to the optional ``url``.</doc>
<msg timestamp="20221113 21:14:08.761" level="INFO">Opening browser 'chrome' to base url 'https://jupiter.cloud.planittesting.com/#'.</msg>
<status status="PASS" starttime="20221113 21:14:08.761" endtime="20221113 21:14:12.199"/>
</kw>
<status status="PASS" starttime="20221113 21:14:08.761" endtime="20221113 21:14:12.199"/>
</kw>
<kw name="Location Should Contain" library="SeleniumLibrary">
<arg>${url_jupiter}</arg>
<doc>Verifies that the current URL contains ``expected``.</doc>
<msg timestamp="20221113 21:14:12.505" level="INFO">Current location contains 'https://jupiter.cloud.planittesting.com/#'.</msg>
<status status="PASS" starttime="20221113 21:14:12.199" endtime="20221113 21:14:12.505"/>
</kw>
<kw name="Maximize Browser Window" library="SeleniumLibrary">
<doc>Maximizes current browser window.</doc>
<status status="PASS" starttime="20221113 21:14:12.505" endtime="20221113 21:14:12.924"/>
</kw>
<status status="PASS" starttime="20221113 21:14:08.761" endtime="20221113 21:14:12.924"/>
</kw>
<kw name="When I go to Contact page" library="JupiterToysKeywords">
<kw name="Wait For Element and Click" library="utils">
<arg>${btn_contact}</arg>
<kw name="Wait Until Element Is Visible" library="SeleniumLibrary">
<arg>${element}</arg>
<doc>Waits until the element ``locator`` is visible.</doc>
<status status="PASS" starttime="20221113 21:14:12.924" endtime="20221113 21:14:13.555"/>
</kw>
<kw name="Click Link" library="SeleniumLibrary">
<arg>${element}</arg>
<doc>Clicks a link identified by ``locator``.</doc>
<msg timestamp="20221113 21:14:13.555" level="INFO">Clicking link 'css:a[href="#/contact"]'.</msg>
<status status="PASS" starttime="20221113 21:14:13.555" endtime="20221113 21:14:14.511"/>
</kw>
<status status="PASS" starttime="20221113 21:14:12.924" endtime="20221113 21:14:14.511"/>
</kw>
<kw name="Location Should Contain" library="SeleniumLibrary">
<arg>${url_contact}</arg>
<doc>Verifies that the current URL contains ``expected``.</doc>
<msg timestamp="20221113 21:14:14.816" level="INFO">Current location contains 'https://jupiter.cloud.planittesting.com/#/contact'.</msg>
<status status="PASS" starttime="20221113 21:14:14.511" endtime="20221113 21:14:14.816"/>
</kw>
<kw name="Wait Until Page Contains Element" library="SeleniumLibrary">
<arg>${input_forename}</arg>
<doc>Waits until the element ``locator`` appears on the current page.</doc>
<status status="PASS" starttime="20221113 21:14:14.816" endtime="20221113 21:14:15.130"/>
</kw>
<kw name="Wait Until Page Contains Element" library="SeleniumLibrary">
<arg>${input_surname}</arg>
<doc>Waits until the element ``locator`` appears on the current page.</doc>
<status status="PASS" starttime="20221113 21:14:15.130" endtime="20221113 21:14:15.443"/>
</kw>
<kw name="Wait Until Page Contains Element" library="SeleniumLibrary">
<arg>${input_email}</arg>
<doc>Waits until the element ``locator`` appears on the current page.</doc>
<status status="PASS" starttime="20221113 21:14:15.443" endtime="20221113 21:14:15.756"/>
</kw>
<kw name="Wait Until Page Contains Element" library="SeleniumLibrary">
<arg>${input_telephone}</arg>
<doc>Waits until the element ``locator`` appears on the current page.</doc>
<status status="PASS" starttime="20221113 21:14:15.756" endtime="20221113 21:14:16.068"/>
</kw>
<kw name="Wait Until Page Contains Element" library="SeleniumLibrary">
<arg>${input_message}</arg>
<doc>Waits until the element ``locator`` appears on the current page.</doc>
<status status="PASS" starttime="20221113 21:14:16.068" endtime="20221113 21:14:16.381"/>
</kw>
<kw name="Wait Until Page Contains Element" library="SeleniumLibrary">
<arg>${btn_submit}</arg>
<doc>Waits until the element ``locator`` appears on the current page.</doc>
<status status="PASS" starttime="20221113 21:14:16.381" endtime="20221113 21:14:16.692"/>
</kw>
<status status="PASS" starttime="20221113 21:14:12.924" endtime="20221113 21:14:16.692"/>
</kw>
<kw name="And Input text" library="SeleniumLibrary">
<arg>${input_forename}</arg>
<arg>${forename}</arg>
<doc>Types the given ``text`` into the text field identified by ``locator``.</doc>
<msg timestamp="20221113 21:14:16.692" level="INFO">Typing text 'test4' into text field 'css:input#forename'.</msg>
<status status="PASS" starttime="20221113 21:14:16.692" endtime="20221113 21:14:17.705"/>
</kw>
<kw name="And Input text" library="SeleniumLibrary">
<arg>${input_email}</arg>
<arg>${email}</arg>
<doc>Types the given ``text`` into the text field identified by ``locator``.</doc>
<msg timestamp="20221113 21:14:17.705" level="INFO">Typing text 'test4@test.com' into text field 'css:input#email'.</msg>
<status status="PASS" starttime="20221113 21:14:17.705" endtime="20221113 21:14:18.718"/>
</kw>
<kw name="And Input Text" library="SeleniumLibrary">
<arg>${input_message}</arg>
<arg>${message}</arg>
<doc>Types the given ``text`` into the text field identified by ``locator``.</doc>
<msg timestamp="20221113 21:14:18.718" level="INFO">Typing text 'testmessage' into text field 'css:textarea#message'.</msg>
<status status="PASS" starttime="20221113 21:14:18.718" endtime="20221113 21:14:19.737"/>
</kw>
<kw name="And I click submit button" library="JupiterToysKeywords">
<kw name="Wait For Element and Click" library="utils">
<arg>${btn_submit}</arg>
<kw name="Wait Until Element Is Visible" library="SeleniumLibrary">
<arg>${element}</arg>
<doc>Waits until the element ``locator`` is visible.</doc>
<status status="PASS" starttime="20221113 21:14:19.737" endtime="20221113 21:14:20.364"/>
</kw>
<kw name="Click Link" library="SeleniumLibrary">
<arg>${element}</arg>
<doc>Clicks a link identified by ``locator``.</doc>
<msg timestamp="20221113 21:14:20.364" level="INFO">Clicking link 'css:a.btn-contact'.</msg>
<status status="PASS" starttime="20221113 21:14:20.364" endtime="20221113 21:14:21.358"/>
</kw>
<status status="PASS" starttime="20221113 21:14:19.737" endtime="20221113 21:14:21.358"/>
</kw>
<status status="PASS" starttime="20221113 21:14:19.737" endtime="20221113 21:14:21.358"/>
</kw>
<kw name="Then Error messages should not be displayed" library="JupiterToysKeywords">
<kw name="Page Should Not Contain" library="SeleniumLibrary">
<arg>${err_msg_forename}</arg>
<doc>Verifies the current page does not contain ``text``.</doc>
<msg timestamp="20221113 21:14:22.286" level="INFO">Current page does not contain text 'Forename is required'.</msg>
<status status="PASS" starttime="20221113 21:14:21.358" endtime="20221113 21:14:22.286"/>
</kw>
<kw name="Page Should Not Contain" library="SeleniumLibrary">
<arg>${err_msg_email}</arg>
<doc>Verifies the current page does not contain ``text``.</doc>
<msg timestamp="20221113 21:14:23.209" level="INFO">Current page does not contain text 'Email is required'.</msg>
<status status="PASS" starttime="20221113 21:14:22.286" endtime="20221113 21:14:23.209"/>
</kw>
<kw name="Page Should Not Contain" library="SeleniumLibrary">
<arg>${err_msg_message}</arg>
<doc>Verifies the current page does not contain ``text``.</doc>
<msg timestamp="20221113 21:14:24.130" level="INFO">Current page does not contain text 'Message is required'.</msg>
<status status="PASS" starttime="20221113 21:14:23.209" endtime="20221113 21:14:24.130"/>
</kw>
<status status="PASS" starttime="20221113 21:14:21.358" endtime="20221113 21:14:24.130"/>
</kw>
<kw name="And Success message should be displayed" library="JupiterToysKeywords">
<kw name="Wait Until Page Contains Element" library="SeleniumLibrary">
<arg>${modal_feedback}</arg>
<arg>20 seconds</arg>
<doc>Waits until the element ``locator`` appears on the current page.</doc>
<status status="PASS" starttime="20221113 21:14:24.130" endtime="20221113 21:14:24.441"/>
</kw>
<kw name="Wait Until Page Contains Element" library="SeleniumLibrary">
<arg>${contact_success_msg}</arg>
<arg>20 seconds</arg>
<doc>Waits until the element ``locator`` appears on the current page.</doc>
<status status="PASS" starttime="20221113 21:14:24.441" endtime="20221113 21:14:24.750"/>
</kw>
<kw name="Wait Until Page Contains" library="SeleniumLibrary">
<arg>${success_msg_contact}</arg>
<arg>20 seconds</arg>
<doc>Waits until ``text`` appears on the current page.</doc>
<status status="PASS" starttime="20221113 21:14:24.750" endtime="20221113 21:14:25.063"/>
</kw>
<kw name="Wait Until Page Contains" library="SeleniumLibrary">
<arg>${success_msg_contact}</arg>
<arg>20 seconds</arg>
<doc>Waits until ``text`` appears on the current page.</doc>
<status status="PASS" starttime="20221113 21:14:25.063" endtime="20221113 21:14:25.371"/>
</kw>
<kw name="Close Browser" library="SeleniumLibrary">
<doc>Closes the current browser.</doc>
<status status="PASS" starttime="20221113 21:14:25.371" endtime="20221113 21:14:27.724"/>
</kw>
<status status="PASS" starttime="20221113 21:14:24.130" endtime="20221113 21:14:27.724"/>
</kw>
<status status="PASS" starttime="20221113 21:14:08.761" endtime="20221113 21:14:27.724"/>
</kw>
<kw name="Scenario Outline: Successful submission of contact form">
<arg>test5</arg>
<arg>test5@test.com</arg>
<arg>testmessage</arg>
<kw name="Given I am in Jupiter Toys Homepage" library="JupiterToysKeywords">
<kw name="Set Selenium Speed" library="SeleniumLibrary">
<arg>0.3 seconds</arg>
<doc>Sets the delay that is waited after each Selenium command.</doc>
<status status="PASS" starttime="20221113 21:14:27.724" endtime="20221113 21:14:27.724"/>
</kw>
<kw name="I open browser and navigate to URL" library="utils">
<arg>${url_jupiter}</arg>
<arg>${browser}</arg>
<kw name="Open Browser" library="SeleniumLibrary">
<arg>${url}</arg>
<arg>${browser}</arg>
<doc>Opens a new browser instance to the optional ``url``.</doc>
<msg timestamp="20221113 21:14:27.724" level="INFO">Opening browser 'chrome' to base url 'https://jupiter.cloud.planittesting.com/#'.</msg>
<status status="PASS" starttime="20221113 21:14:27.724" endtime="20221113 21:14:31.316"/>
</kw>
<status status="PASS" starttime="20221113 21:14:27.724" endtime="20221113 21:14:31.316"/>
</kw>
<kw name="Location Should Contain" library="SeleniumLibrary">
<arg>${url_jupiter}</arg>
<doc>Verifies that the current URL contains ``expected``.</doc>
<msg timestamp="20221113 21:14:31.623" level="INFO">Current location contains 'https://jupiter.cloud.planittesting.com/#'.</msg>
<status status="PASS" starttime="20221113 21:14:31.316" endtime="20221113 21:14:31.623"/>
</kw>
<kw name="Maximize Browser Window" library="SeleniumLibrary">
<doc>Maximizes current browser window.</doc>
<status status="PASS" starttime="20221113 21:14:31.623" endtime="20221113 21:14:32.042"/>
</kw>
<status status="PASS" starttime="20221113 21:14:27.724" endtime="20221113 21:14:32.042"/>
</kw>
<kw name="When I go to Contact page" library="JupiterToysKeywords">
<kw name="Wait For Element and Click" library="utils">
<arg>${btn_contact}</arg>
<kw name="Wait Until Element Is Visible" library="SeleniumLibrary">
<arg>${element}</arg>
<doc>Waits until the element ``locator`` is visible.</doc>
<status status="PASS" starttime="20221113 21:14:32.042" endtime="20221113 21:14:32.673"/>
</kw>
<kw name="Click Link" library="SeleniumLibrary">
<arg>${element}</arg>
<doc>Clicks a link identified by ``locator``.</doc>
<msg timestamp="20221113 21:14:32.673" level="INFO">Clicking link 'css:a[href="#/contact"]'.</msg>
<status status="PASS" starttime="20221113 21:14:32.673" endtime="20221113 21:14:33.617"/>
</kw>
<status status="PASS" starttime="20221113 21:14:32.042" endtime="20221113 21:14:33.617"/>
</kw>
<kw name="Location Should Contain" library="SeleniumLibrary">
<arg>${url_contact}</arg>
<doc>Verifies that the current URL contains ``expected``.</doc>
<msg timestamp="20221113 21:14:33.922" level="INFO">Current location contains 'https://jupiter.cloud.planittesting.com/#/contact'.</msg>
<status status="PASS" starttime="20221113 21:14:33.617" endtime="20221113 21:14:33.922"/>
</kw>
<kw name="Wait Until Page Contains Element" library="SeleniumLibrary">
<arg>${input_forename}</arg>
<doc>Waits until the element ``locator`` appears on the current page.</doc>
<status status="PASS" starttime="20221113 21:14:33.922" endtime="20221113 21:14:34.234"/>
</kw>
<kw name="Wait Until Page Contains Element" library="SeleniumLibrary">
<arg>${input_surname}</arg>
<doc>Waits until the element ``locator`` appears on the current page.</doc>
<status status="PASS" starttime="20221113 21:14:34.234" endtime="20221113 21:14:34.546"/>
</kw>
<kw name="Wait Until Page Contains Element" library="SeleniumLibrary">
<arg>${input_email}</arg>
<doc>Waits until the element ``locator`` appears on the current page.</doc>
<status status="PASS" starttime="20221113 21:14:34.546" endtime="20221113 21:14:34.858"/>
</kw>
<kw name="Wait Until Page Contains Element" library="SeleniumLibrary">
<arg>${input_telephone}</arg>
<doc>Waits until the element ``locator`` appears on the current page.</doc>
<status status="PASS" starttime="20221113 21:14:34.858" endtime="20221113 21:14:35.170"/>
</kw>
<kw name="Wait Until Page Contains Element" library="SeleniumLibrary">
<arg>${input_message}</arg>
<doc>Waits until the element ``locator`` appears on the current page.</doc>
<status status="PASS" starttime="20221113 21:14:35.170" endtime="20221113 21:14:35.481"/>
</kw>
<kw name="Wait Until Page Contains Element" library="SeleniumLibrary">
<arg>${btn_submit}</arg>
<doc>Waits until the element ``locator`` appears on the current page.</doc>
<status status="PASS" starttime="20221113 21:14:35.481" endtime="20221113 21:14:35.793"/>
</kw>
<status status="PASS" starttime="20221113 21:14:32.042" endtime="20221113 21:14:35.793"/>
</kw>
<kw name="And Input text" library="SeleniumLibrary">
<arg>${input_forename}</arg>
<arg>${forename}</arg>
<doc>Types the given ``text`` into the text field identified by ``locator``.</doc>
<msg timestamp="20221113 21:14:35.793" level="INFO">Typing text 'test5' into text field 'css:input#forename'.</msg>
<status status="PASS" starttime="20221113 21:14:35.793" endtime="20221113 21:14:36.784"/>
</kw>
<kw name="And Input text" library="SeleniumLibrary">
<arg>${input_email}</arg>
<arg>${email}</arg>
<doc>Types the given ``text`` into the text field identified by ``locator``.</doc>
<msg timestamp="20221113 21:14:36.784" level="INFO">Typing text 'test5@test.com' into text field 'css:input#email'.</msg>
<status status="PASS" starttime="20221113 21:14:36.784" endtime="20221113 21:14:37.788"/>
</kw>
<kw name="And Input Text" library="SeleniumLibrary">
<arg>${input_message}</arg>
<arg>${message}</arg>
<doc>Types the given ``text`` into the text field identified by ``locator``.</doc>
<msg timestamp="20221113 21:14:37.788" level="INFO">Typing text 'testmessage' into text field 'css:textarea#message'.</msg>
<status status="PASS" starttime="20221113 21:14:37.788" endtime="20221113 21:14:38.792"/>
</kw>
<kw name="And I click submit button" library="JupiterToysKeywords">
<kw name="Wait For Element and Click" library="utils">
<arg>${btn_submit}</arg>
<kw name="Wait Until Element Is Visible" library="SeleniumLibrary">
<arg>${element}</arg>
<doc>Waits until the element ``locator`` is visible.</doc>
<status status="PASS" starttime="20221113 21:14:38.792" endtime="20221113 21:14:39.417"/>
</kw>
<kw name="Click Link" library="SeleniumLibrary">
<arg>${element}</arg>
<doc>Clicks a link identified by ``locator``.</doc>
<msg timestamp="20221113 21:14:39.417" level="INFO">Clicking link 'css:a.btn-contact'.</msg>
<status status="PASS" starttime="20221113 21:14:39.417" endtime="20221113 21:14:40.389"/>
</kw>
<status status="PASS" starttime="20221113 21:14:38.792" endtime="20221113 21:14:40.389"/>
</kw>
<status status="PASS" starttime="20221113 21:14:38.792" endtime="20221113 21:14:40.389"/>
</kw>
<kw name="Then Error messages should not be displayed" library="JupiterToysKeywords">
<kw name="Page Should Not Contain" library="SeleniumLibrary">
<arg>${err_msg_forename}</arg>
<doc>Verifies the current page does not contain ``text``.</doc>
<msg timestamp="20221113 21:14:41.318" level="INFO">Current page does not contain text 'Forename is required'.</msg>
<status status="PASS" starttime="20221113 21:14:40.389" endtime="20221113 21:14:41.318"/>
</kw>
<kw name="Page Should Not Contain" library="SeleniumLibrary">
<arg>${err_msg_email}</arg>
<doc>Verifies the current page does not contain ``text``.</doc>
<msg timestamp="20221113 21:14:42.239" level="INFO">Current page does not contain text 'Email is required'.</msg>
<status status="PASS" starttime="20221113 21:14:41.318" endtime="20221113 21:14:42.239"/>
</kw>
<kw name="Page Should Not Contain" library="SeleniumLibrary">
<arg>${err_msg_message}</arg>
<doc>Verifies the current page does not contain ``text``.</doc>
<msg timestamp="20221113 21:14:43.158" level="INFO">Current page does not contain text 'Message is required'.</msg>
<status status="PASS" starttime="20221113 21:14:42.239" endtime="20221113 21:14:43.158"/>
</kw>
<status status="PASS" starttime="20221113 21:14:40.389" endtime="20221113 21:14:43.158"/>
</kw>
<kw name="And Success message should be displayed" library="JupiterToysKeywords">
<kw name="Wait Until Page Contains Element" library="SeleniumLibrary">
<arg>${modal_feedback}</arg>
<arg>20 seconds</arg>
<doc>Waits until the element ``locator`` appears on the current page.</doc>
<status status="PASS" starttime="20221113 21:14:43.158" endtime="20221113 21:14:43.469"/>
</kw>
<kw name="Wait Until Page Contains Element" library="SeleniumLibrary">
<arg>${contact_success_msg}</arg>
<arg>20 seconds</arg>
<doc>Waits until the element ``locator`` appears on the current page.</doc>
<status status="PASS" starttime="20221113 21:14:43.469" endtime="20221113 21:14:43.779"/>
</kw>
<kw name="Wait Until Page Contains" library="SeleniumLibrary">
<arg>${success_msg_contact}</arg>
<arg>20 seconds</arg>
<doc>Waits until ``text`` appears on the current page.</doc>
<status status="PASS" starttime="20221113 21:14:43.779" endtime="20221113 21:14:44.090"/>
</kw>
<kw name="Wait Until Page Contains" library="SeleniumLibrary">
<arg>${success_msg_contact}</arg>
<arg>20 seconds</arg>
<doc>Waits until ``text`` appears on the current page.</doc>
<status status="PASS" starttime="20221113 21:14:44.090" endtime="20221113 21:14:44.398"/>
</kw>
<kw name="Close Browser" library="SeleniumLibrary">
<doc>Closes the current browser.</doc>
<status status="PASS" starttime="20221113 21:14:44.398" endtime="20221113 21:14:46.755"/>
</kw>
<status status="PASS" starttime="20221113 21:14:43.158" endtime="20221113 21:14:46.755"/>
</kw>
<status status="PASS" starttime="20221113 21:14:27.724" endtime="20221113 21:14:46.755"/>
</kw>
<tag>Regression</tag>
<status status="PASS" starttime="20221113 21:13:07.958" endtime="20221113 21:14:46.755"/>
</test>
<status status="PASS" starttime="20221113 21:13:07.958" endtime="20221113 21:14:46.755"/>
</suite>
<suite id="s1-s3" name="TC3" source="C:\Users\Karla\PycharmProjects\Planit-Karla\tests\TC3.robot">
<test id="s1-s3-t1" name="Scenario: Verify Cart Computations" line="11">
<kw name="Given I am in Jupiter Toys Homepage" library="JupiterToysKeywords">
<kw name="Set Selenium Speed" library="SeleniumLibrary">
<arg>0.3 seconds</arg>
<doc>Sets the delay that is waited after each Selenium command.</doc>
<status status="PASS" starttime="20221113 21:14:46.755" endtime="20221113 21:14:46.755"/>
</kw>
<kw name="I open browser and navigate to URL" library="utils">
<arg>${url_jupiter}</arg>
<arg>${browser}</arg>
<kw name="Open Browser" library="SeleniumLibrary">
<arg>${url}</arg>
<arg>${browser}</arg>
<doc>Opens a new browser instance to the optional ``url``.</doc>
<msg timestamp="20221113 21:14:46.755" level="INFO">Opening browser 'chrome' to base url 'https://jupiter.cloud.planittesting.com/#'.</msg>
<status status="PASS" starttime="20221113 21:14:46.755" endtime="20221113 21:14:50.519"/>
</kw>
<status status="PASS" starttime="20221113 21:14:46.755" endtime="20221113 21:14:50.519"/>
</kw>
<kw name="Location Should Contain" library="SeleniumLibrary">
<arg>${url_jupiter}</arg>
<doc>Verifies that the current URL contains ``expected``.</doc>
<msg timestamp="20221113 21:14:50.827" level="INFO">Current location contains 'https://jupiter.cloud.planittesting.com/#'.</msg>
<status status="PASS" starttime="20221113 21:14:50.519" endtime="20221113 21:14:50.827"/>
</kw>
<kw name="Maximize Browser Window" library="SeleniumLibrary">
<doc>Maximizes current browser window.</doc>
<status status="PASS" starttime="20221113 21:14:50.827" endtime="20221113 21:14:51.244"/>
</kw>
<status status="PASS" starttime="20221113 21:14:46.755" endtime="20221113 21:14:51.244"/>
</kw>
<kw name="When I go to Shop page" library="JupiterToysKeywords">
<kw name="Wait For Element and Click" library="utils">
<arg>${btn_shop}</arg>
<kw name="Wait Until Element Is Visible" library="SeleniumLibrary">
<arg>${element}</arg>
<doc>Waits until the element ``locator`` is visible.</doc>
<status status="PASS" starttime="20221113 21:14:51.244" endtime="20221113 21:14:51.869"/>
</kw>
<kw name="Click Link" library="SeleniumLibrary">
<arg>${element}</arg>
<doc>Clicks a link identified by ``locator``.</doc>
<msg timestamp="20221113 21:14:51.869" level="INFO">Clicking link 'css:a[href="#/shop"]'.</msg>
<status status="PASS" starttime="20221113 21:14:51.869" endtime="20221113 21:14:53.127"/>
</kw>
<status status="PASS" starttime="20221113 21:14:51.244" endtime="20221113 21:14:53.127"/>
</kw>
<kw name="Location Should Contain" library="SeleniumLibrary">
<arg>${url_shop}</arg>
<doc>Verifies that the current URL contains ``expected``.</doc>
<msg timestamp="20221113 21:14:53.432" level="INFO">Current location contains 'https://jupiter.cloud.planittesting.com/#/shop'.</msg>
<status status="PASS" starttime="20221113 21:14:53.127" endtime="20221113 21:14:53.432"/>
</kw>
<kw name="Wait Until Element Is Visible" library="SeleniumLibrary">
<arg>${lbl_frog_price}</arg>
<doc>Waits until the element ``locator`` is visible.</doc>
<status status="PASS" starttime="20221113 21:14:53.432" endtime="20221113 21:14:54.066"/>
</kw>
<kw name="Wait Until Element Is Visible" library="SeleniumLibrary">
<arg>${lbl_bunny_price}</arg>
<doc>Waits until the element ``locator`` is visible.</doc>
<status status="PASS" starttime="20221113 21:14:54.066" endtime="20221113 21:14:54.692"/>
</kw>
<kw name="Wait Until Element Is Visible" library="SeleniumLibrary">
<arg>${lbl_vbear_price}</arg>
<doc>Waits until the element ``locator`` is visible.</doc>
<status status="PASS" starttime="20221113 21:14:54.692" endtime="20221113 21:14:55.316"/>
</kw>
<status status="PASS" starttime="20221113 21:14:51.244" endtime="20221113 21:14:55.316"/>
</kw>
<kw name="And I get the product price on Shop page" library="JupiterToysKeywords">
<kw name="Get Text" library="SeleniumLibrary">
<var>${shop_frog_price}</var>
<arg>${lbl_frog_price}</arg>
<doc>Returns the text value of the element identified by ``locator``.</doc>
<msg timestamp="20221113 21:14:55.941" level="INFO">${shop_frog_price} = $10.99</msg>
<status status="PASS" starttime="20221113 21:14:55.316" endtime="20221113 21:14:55.941"/>
</kw>
<kw name="Get Price String As Integer" library="utils">
<var>${actual_frog_price}</var>
<arg>${shop_frog_price}</arg>
<kw name="Remove String" library="String">
<var>${price}</var>
<arg>${price}</arg>
<arg>$</arg>
<arg>,</arg>
<doc>Removes all ``removables`` from the given ``string``.</doc>
<msg timestamp="20221113 21:14:55.941" level="INFO">${price} = 10.99</msg>
<status status="PASS" starttime="20221113 21:14:55.941" endtime="20221113 21:14:55.942"/>
</kw>
<kw name="Convert To Number" library="BuiltIn">
<var>${value}</var>
<arg>${price}</arg>
<doc>Converts the given item to a floating point number.</doc>
<msg timestamp="20221113 21:14:55.942" level="INFO">${value} = 10.99</msg>
<status status="PASS" starttime="20221113 21:14:55.942" endtime="20221113 21:14:55.942"/>
</kw>
<msg timestamp="20221113 21:14:55.942" level="INFO">${actual_frog_price} = 10.99</msg>
<status status="PASS" starttime="20221113 21:14:55.941" endtime="20221113 21:14:55.942"/>
</kw>
<kw name="Set Global Variable" library="BuiltIn">
<arg>${actual_frog_price}</arg>
<doc>Makes a variable available globally in all tests and suites.</doc>
<msg timestamp="20221113 21:14:55.942" level="INFO">${actual_frog_price} = 10.99</msg>
<status status="PASS" starttime="20221113 21:14:55.942" endtime="20221113 21:14:55.942"/>
</kw>
<kw name="Get Text" library="SeleniumLibrary">
<var>${shop_bunny_price}</var>
<arg>${lbl_bunny_price}</arg>
<doc>Returns the text value of the element identified by ``locator``.</doc>
<msg timestamp="20221113 21:14:56.565" level="INFO">${shop_bunny_price} = $9.99</msg>
<status status="PASS" starttime="20221113 21:14:55.943" endtime="20221113 21:14:56.565"/>
</kw>
<kw name="Get Price String As Integer" library="utils">
<var>${actual_bunny_price}</var>
<arg>${shop_bunny_price}</arg>
<kw name="Remove String" library="String">
<var>${price}</var>
<arg>${price}</arg>
<arg>$</arg>
<arg>,</arg>
<doc>Removes all ``removables`` from the given ``string``.</doc>
<msg timestamp="20221113 21:14:56.566" level="INFO">${price} = 9.99</msg>
<status status="PASS" starttime="20221113 21:14:56.565" endtime="20221113 21:14:56.566"/>
</kw>
<kw name="Convert To Number" library="BuiltIn">
<var>${value}</var>
<arg>${price}</arg>
<doc>Converts the given item to a floating point number.</doc>
<msg timestamp="20221113 21:14:56.566" level="INFO">${value} = 9.99</msg>
<status status="PASS" starttime="20221113 21:14:56.566" endtime="20221113 21:14:56.566"/>
</kw>
<msg timestamp="20221113 21:14:56.566" level="INFO">${actual_bunny_price} = 9.99</msg>
<status status="PASS" starttime="20221113 21:14:56.565" endtime="20221113 21:14:56.566"/>
</kw>
<kw name="Set Global Variable" library="BuiltIn">
<arg>${actual_bunny_price}</arg>
<doc>Makes a variable available globally in all tests and suites.</doc>
<msg timestamp="20221113 21:14:56.567" level="INFO">${actual_bunny_price} = 9.99</msg>
<status status="PASS" starttime="20221113 21:14:56.566" endtime="20221113 21:14:56.567"/>
</kw>
<kw name="Get Text" library="SeleniumLibrary">
<var>${shop_vbear_price}</var>
<arg>${lbl_vbear_price}</arg>
<doc>Returns the text value of the element identified by ``locator``.</doc>
<msg timestamp="20221113 21:14:57.193" level="INFO">${shop_vbear_price} = $14.99</msg>
<status status="PASS" starttime="20221113 21:14:56.567" endtime="20221113 21:14:57.193"/>
</kw>
<kw name="Get Price String As Integer" library="utils">
<var>${actual_vbear_price}</var>
<arg>${shop_vbear_price}</arg>
<kw name="Remove String" library="String">
<var>${price}</var>
<arg>${price}</arg>
<arg>$</arg>
<arg>,</arg>
<doc>Removes all ``removables`` from the given ``string``.</doc>
<msg timestamp="20221113 21:14:57.193" level="INFO">${price} = 14.99</msg>
<status status="PASS" starttime="20221113 21:14:57.193" endtime="20221113 21:14:57.194"/>
</kw>
<kw name="Convert To Number" library="BuiltIn">
<var>${value}</var>
<arg>${price}</arg>
<doc>Converts the given item to a floating point number.</doc>
<msg timestamp="20221113 21:14:57.194" level="INFO">${value} = 14.99</msg>
<status status="PASS" starttime="20221113 21:14:57.194" endtime="20221113 21:14:57.194"/>
</kw>
<msg timestamp="20221113 21:14:57.194" level="INFO">${actual_vbear_price} = 14.99</msg>
<status status="PASS" starttime="20221113 21:14:57.193" endtime="20221113 21:14:57.194"/>
</kw>
<kw name="Set Global Variable" library="BuiltIn">
<arg>${actual_vbear_price}</arg>
<doc>Makes a variable available globally in all tests and suites.</doc>
<msg timestamp="20221113 21:14:57.194" level="INFO">${actual_vbear_price} = 14.99</msg>
<status status="PASS" starttime="20221113 21:14:57.194" endtime="20221113 21:14:57.194"/>
</kw>
<status status="PASS" starttime="20221113 21:14:55.316" endtime="20221113 21:14:57.195"/>
</kw>
<kw name="And I buy 2 stuffed Frog, 5 Fluffy Bunny and 3 Valentine Bear" library="JupiterToysKeywords">
<kw name="Wait Until Element Is Visible" library="SeleniumLibrary">
<arg>${btn_frog_buy}</arg>
<doc>Waits until the element ``locator`` is visible.</doc>
<status status="PASS" starttime="20221113 21:14:57.195" endtime="20221113 21:14:57.821"/>
</kw>
<kw name="Get Text" library="SeleniumLibrary">
<arg>${lbl_frog_price}</arg>
<doc>Returns the text value of the element identified by ``locator``.</doc>
<status status="PASS" starttime="20221113 21:14:57.821" endtime="20221113 21:14:58.441"/>
</kw>
<kw name="Wait Until Element Is Visible" library="SeleniumLibrary">
<arg>${btn_bunny_buy}</arg>
<doc>Waits until the element ``locator`` is visible.</doc>
<status status="PASS" starttime="20221113 21:14:58.441" endtime="20221113 21:14:59.065"/>
</kw>
<kw name="Wait Until Element Is Visible" library="SeleniumLibrary">
<arg>${btn_vbear_buy}</arg>
<doc>Waits until the element ``locator`` is visible.</doc>
<status status="PASS" starttime="20221113 21:14:59.065" endtime="20221113 21:14:59.686"/>
</kw>
<kw name="Click Element Multiple times and Verify Cart Total Count" library="utils">
<var>${cart_count}</var>
<arg>${btn_frog_buy}</arg>
<arg>${frogs}</arg>
<arg>${cart_ctr}</arg>
<arg>${cart_count}</arg>
<while condition="${ctr} &lt; ${number_of clicks}">
<iter>
<kw name="Click Element" library="SeleniumLibrary">
<arg>${element}</arg>
<doc>Click the element identified by ``locator``.</doc>
<msg timestamp="20221113 21:14:59.686" level="INFO">Clicking element 'xpath://li[@id='product-2']//a[@class='btn btn-success']'.</msg>
<status status="PASS" starttime="20221113 21:14:59.686" endtime="20221113 21:15:00.328"/>
</kw>
<kw name="Evaluate" library="BuiltIn">
<var>${ctr}</var>
<arg>${ctr} + 1</arg>
<doc>Evaluates the given expression in Python and returns the result.</doc>
<msg timestamp="20221113 21:15:00.328" level="INFO">${ctr} = 1</msg>
<status status="PASS" starttime="20221113 21:15:00.328" endtime="20221113 21:15:00.328"/>
</kw>
<status status="PASS" starttime="20221113 21:14:59.686" endtime="20221113 21:15:00.328"/>
</iter>
<iter>
<kw name="Click Element" library="SeleniumLibrary">
<arg>${element}</arg>
<doc>Click the element identified by ``locator``.</doc>
<msg timestamp="20221113 21:15:00.329" level="INFO">Clicking element 'xpath://li[@id='product-2']//a[@class='btn btn-success']'.</msg>
<status status="PASS" starttime="20221113 21:15:00.328" endtime="20221113 21:15:00.958"/>
</kw>
<kw name="Evaluate" library="BuiltIn">
<var>${ctr}</var>
<arg>${ctr} + 1</arg>
<doc>Evaluates the given expression in Python and returns the result.</doc>
<msg timestamp="20221113 21:15:00.958" level="INFO">${ctr} = 2</msg>
<status status="PASS" starttime="20221113 21:15:00.958" endtime="20221113 21:15:00.958"/>
</kw>
<status status="PASS" starttime="20221113 21:15:00.328" endtime="20221113 21:15:00.958"/>
</iter>
<status status="PASS" starttime="20221113 21:14:59.686" endtime="20221113 21:15:00.958"/>
</while>
<kw name="Evaluate" library="BuiltIn">
<var>${total_count}</var>
<arg>${total_count} + ${number_of_clicks}</arg>
<doc>Evaluates the given expression in Python and returns the result.</doc>
<msg timestamp="20221113 21:15:00.958" level="INFO">${total_count} = 2</msg>
<status status="PASS" starttime="20221113 21:15:00.958" endtime="20221113 21:15:00.958"/>
</kw>
<kw name="Element Text Should Be" library="SeleniumLibrary">
<arg>${element_ctr}</arg>
<arg>${total_count}</arg>
<doc>Verifies that element ``locator`` contains exact the text ``expected``.</doc>
<msg timestamp="20221113 21:15:00.958" level="INFO">Verifying element 'css:span.cart-count' contains exact text '2'.</msg>
<status status="PASS" starttime="20221113 21:15:00.958" endtime="20221113 21:15:01.582"/>
</kw>
<msg timestamp="20221113 21:15:01.582" level="INFO">${cart_count} = 2</msg>
<status status="PASS" starttime="20221113 21:14:59.686" endtime="20221113 21:15:01.582"/>
</kw>
<kw name="Click Element Multiple times and Verify Cart Total Count" library="utils">
<var>${cart_count}</var>
<arg>${btn_bunny_buy}</arg>
<arg>${bunnies}</arg>
<arg>${cart_ctr}</arg>
<arg>${cart_count}</arg>
<while condition="${ctr} &lt; ${number_of clicks}">
<iter>
<kw name="Click Element" library="SeleniumLibrary">
<arg>${element}</arg>
<doc>Click the element identified by ``locator``.</doc>
<msg timestamp="20221113 21:15:01.583" level="INFO">Clicking element 'xpath://li[@id='product-4']//a[@class='btn btn-success']'.</msg>
<status status="PASS" starttime="20221113 21:15:01.583" endtime="20221113 21:15:02.221"/>
</kw>
<kw name="Evaluate" library="BuiltIn">
<var>${ctr}</var>
<arg>${ctr} + 1</arg>
<doc>Evaluates the given expression in Python and returns the result.</doc>
<msg timestamp="20221113 21:15:02.221" level="INFO">${ctr} = 1</msg>
<status status="PASS" starttime="20221113 21:15:02.221" endtime="20221113 21:15:02.221"/>
</kw>
<status status="PASS" starttime="20221113 21:15:01.583" endtime="20221113 21:15:02.221"/>
</iter>
<iter>
<kw name="Click Element" library="SeleniumLibrary">
[...]
<status status="PASS" starttime="20221113 21:15:04.745" endtime="20221113 21:15:05.361"/>
</kw>
<msg timestamp="20221113 21:15:05.361" level="INFO">${cart_count} = 7</msg>
<status status="PASS" starttime="20221113 21:15:01.582" endtime="20221113 21:15:05.361"/>
</kw>
<kw name="Click Element Multiple times and Verify Cart Total Count" library="utils">
<arg>${btn_vbear_buy}</arg>
<arg>${vbears}</arg>
<arg>${cart_ctr}</arg>
<arg>${cart_count}</arg>
<while condition="${ctr} &lt; ${number_of clicks}">
<iter>
<kw name="Click Element" library="SeleniumLibrary">
<arg>${element}</arg>
<doc>Click the element identified by ``locator``.</doc>
<msg timestamp="20221113 21:15:05.363" level="INFO">Clicking element 'xpath://li[@id='product-7']//a[@class='btn btn-success']'.</msg>
<status status="PASS" starttime="20221113 21:15:05.362" endtime="20221113 21:15:06.012"/>
</kw>
<kw name="Evaluate" library="BuiltIn">
<var>${ctr}</var>
<arg>${ctr} + 1</arg>
<doc>Evaluates the given expression in Python and returns the result.</doc>
<msg timestamp="20221113 21:15:06.012" level="INFO">${ctr} = 1</msg>
<status status="PASS" starttime="20221113 21:15:06.012" endtime="20221113 21:15:06.012"/>
</kw>
<status status="PASS" starttime="20221113 21:15:05.362" endtime="20221113 21:15:06.012"/>
</iter>
<iter>
<kw name="Click Element" library="SeleniumLibrary">
<arg>${element}</arg>
<doc>Click the element identified by ``locator``.</doc>
<msg timestamp="20221113 21:15:06.013" level="INFO">Clicking element 'xpath://li[@id='product-7']//a[@class='btn btn-success']'.</msg>
<status status="PASS" starttime="20221113 21:15:06.013" endtime="20221113 21:15:06.644"/>
</kw>
<kw name="Evaluate" library="BuiltIn">
<var>${ctr}</var>
<arg>${ctr} + 1</arg>
<doc>Evaluates the given expression in Python and returns the result.</doc>
<msg timestamp="20221113 21:15:06.644" level="INFO">${ctr} = 2</msg>
<status status="PASS" starttime="20221113 21:15:06.644" endtime="20221113 21:15:06.644"/>
</kw>
<status status="PASS" starttime="20221113 21:15:06.013" endtime="20221113 21:15:06.644"/>
</iter>
<iter>
<kw name="Click Element" library="SeleniumLibrary">
<arg>${element}</arg>
<doc>Click the element identified by ``locator``.</doc>
<msg timestamp="20221113 21:15:06.645" level="INFO">Clicking element 'xpath://li[@id='product-7']//a[@class='btn btn-success']'.</msg>
<status status="PASS" starttime="20221113 21:15:06.645" endtime="20221113 21:15:07.273"/>
</kw>
<kw name="Evaluate" library="BuiltIn">
<var>${ctr}</var>
<arg>${ctr} + 1</arg>
<doc>Evaluates the given expression in Python and returns the result.</doc>
<msg timestamp="20221113 21:15:07.273" level="INFO">${ctr} = 3</msg>
<status status="PASS" starttime="20221113 21:15:07.273" endtime="20221113 21:15:07.273"/>
</kw>
<status status="PASS" starttime="20221113 21:15:06.645" endtime="20221113 21:15:07.273"/>
</iter>
<status status="PASS" starttime="20221113 21:15:05.362" endtime="20221113 21:15:07.273"/>
</while>
<kw name="Evaluate" library="BuiltIn">
<var>${total_count}</var>
<arg>${total_count} + ${number_of_clicks}</arg>
<doc>Evaluates the given expression in Python and returns the result.</doc>
<msg timestamp="20221113 21:15:07.274" level="INFO">${total_count} = 10</msg>
<status status="PASS" starttime="20221113 21:15:07.274" endtime="20221113 21:15:07.274"/>
</kw>
<kw name="Element Text Should Be" library="SeleniumLibrary">
<arg>${element_ctr}</arg>
<arg>${total_count}</arg>
<doc>Verifies that element ``locator`` contains exact the text ``expected``.</doc>
<msg timestamp="20221113 21:15:07.274" level="INFO">Verifying element 'css:span.cart-count' contains exact text '10'.</msg>
<status status="PASS" starttime="20221113 21:15:07.274" endtime="20221113 21:15:07.889"/>
</kw>
<status status="PASS" starttime="20221113 21:15:05.361" endtime="20221113 21:15:07.889"/>
</kw>
<status status="PASS" starttime="20221113 21:14:57.195" endtime="20221113 21:15:07.889"/>
</kw>
<kw name="And I go to Cart Page" library="JupiterToysKeywords">
<kw name="Wait For Element and Click" library="utils">
<arg>${btn_cart}</arg>
<kw name="Wait Until Element Is Visible" library="SeleniumLibrary">
<arg>${element}</arg>
<doc>Waits until the element ``locator`` is visible.</doc>
<status status="PASS" starttime="20221113 21:15:07.890" endtime="20221113 21:15:08.512"/>
</kw>
<kw name="Click Link" library="SeleniumLibrary">
<arg>${element}</arg>
<doc>Clicks a link identified by ``locator``.</doc>
<msg timestamp="20221113 21:15:08.513" level="INFO">Clicking link 'css:a[href="#/cart"]'.</msg>
<status status="PASS" starttime="20221113 21:15:08.512" endtime="20221113 21:15:09.460"/>
</kw>
<status status="PASS" starttime="20221113 21:15:07.890" endtime="20221113 21:15:09.460"/>
</kw>
<kw name="Location Should Contain" library="SeleniumLibrary">
<arg>${url_cart}</arg>
<doc>Verifies that the current URL contains ``expected``.</doc>
<msg timestamp="20221113 21:15:09.767" level="INFO">Current location contains 'https://jupiter.cloud.planittesting.com/#/cart'.</msg>
<status status="PASS" starttime="20221113 21:15:09.460" endtime="20221113 21:15:09.767"/>
</kw>
<kw name="Wait Until Element Is Visible" library="SeleniumLibrary">
<arg>${btn_checkout}</arg>
<doc>Waits until the element ``locator`` is visible.</doc>
<status status="PASS" starttime="20221113 21:15:09.767" endtime="20221113 21:15:10.388"/>
</kw>
<kw name="Wait Until Element Is Visible" library="SeleniumLibrary">
<arg>${btn_empty_cart}</arg>
<doc>Waits until the element ``locator`` is visible.</doc>
<status status="PASS" starttime="20221113 21:15:10.388" endtime="20221113 21:15:11.008"/>
</kw>
<kw name="Element Should Be Visible" library="SeleniumLibrary">
<arg>${btn_checkout}</arg>
<doc>Verifies that the element identified by ``locator`` is visible.</doc>
<msg timestamp="20221113 21:15:11.624" level="INFO">Element 'css:a.btn-checkout' is displayed.</msg>
<status status="PASS" starttime="20221113 21:15:11.008" endtime="20221113 21:15:11.624"/>
</kw>
<kw name="Element Should Be Visible" library="SeleniumLibrary">
<arg>${btn_empty_cart}</arg>
<doc>Verifies that the element identified by ``locator`` is visible.</doc>
<msg timestamp="20221113 21:15:12.242" level="INFO">Element 'css:ng-confirm[title='Empty Cart']' is displayed.</msg>
<status status="PASS" starttime="20221113 21:15:11.624" endtime="20221113 21:15:12.242"/>
</kw>
<status status="PASS" starttime="20221113 21:15:07.890" endtime="20221113 21:15:12.242"/>
</kw>
<kw name="Then The price of each product should be correct" library="JupiterToysKeywords">
<kw name="Get Text" library="SeleniumLibrary">
<var>${cart_frog_price}</var>
<arg>${cart_lbl_frog_price}</arg>
<doc>Returns the text value of the element identified by ``locator``.</doc>
<msg timestamp="20221113 21:15:12.870" level="INFO">${cart_frog_price} = $10.99</msg>
<status status="PASS" starttime="20221113 21:15:12.243" endtime="20221113 21:15:12.870"/>
</kw>
<kw name="Get Price String As Integer" library="utils">
<var>${cart_frog_price}</var>
<arg>${cart_frog_price}</arg>
<kw name="Remove String" library="String">
<var>${price}</var>
<arg>${price}</arg>
<arg>$</arg>
<arg>,</arg>
<doc>Removes all ``removables`` from the given ``string``.</doc>
<msg timestamp="20221113 21:15:12.870" level="INFO">${price} = 10.99</msg>
<status status="PASS" starttime="20221113 21:15:12.870" endtime="20221113 21:15:12.870"/>
</kw>
<kw name="Convert To Number" library="BuiltIn">
<var>${value}</var>
<arg>${price}</arg>
<doc>Converts the given item to a floating point number.</doc>
<msg timestamp="20221113 21:15:12.870" level="INFO">${value} = 10.99</msg>
<status status="PASS" starttime="20221113 21:15:12.870" endtime="20221113 21:15:12.870"/>
</kw>
<msg timestamp="20221113 21:15:12.870" level="INFO">${cart_frog_price} = 10.99</msg>
<status status="PASS" starttime="20221113 21:15:12.870" endtime="20221113 21:15:12.870"/>
</kw>
<kw name="Get Text" library="SeleniumLibrary">
<var>${cart_bunny_price}</var>
<arg>${cart_lbl_bunny_price}</arg>
<doc>Returns the text value of the element identified by ``locator``.</doc>
<msg timestamp="20221113 21:15:13.495" level="INFO">${cart_bunny_price} = $9.99</msg>
<status status="PASS" starttime="20221113 21:15:12.870" endtime="20221113 21:15:13.495"/>
</kw>
<kw name="Get Price String As Integer" library="utils">
<var>${cart_bunny_price}</var>
<arg>${cart_bunny_price}</arg>
<kw name="Remove String" library="String">
<var>${price}</var>
<arg>${price}</arg>
<arg>$</arg>
<arg>,</arg>
<doc>Removes all ``removables`` from the given ``string``.</doc>
<msg timestamp="20221113 21:15:13.495" level="INFO">${price} = 9.99</msg>
<status status="PASS" starttime="20221113 21:15:13.495" endtime="20221113 21:15:13.495"/>
</kw>
<kw name="Convert To Number" library="BuiltIn">
<var>${value}</var>
<arg>${price}</arg>
<doc>Converts the given item to a floating point number.</doc>
<msg timestamp="20221113 21:15:13.495" level="INFO">${value} = 9.99</msg>
<status status="PASS" starttime="20221113 21:15:13.495" endtime="20221113 21:15:13.495"/>
</kw>
<msg timestamp="20221113 21:15:13.495" level="INFO">${cart_bunny_price} = 9.99</msg>
<status status="PASS" starttime="20221113 21:15:13.495" endtime="20221113 21:15:13.495"/>
</kw>
<kw name="Get Text" library="SeleniumLibrary">
<var>${cart_vbear_price}</var>
<arg>${cart_lbl_vbear_price}</arg>
<doc>Returns the text value of the element identified by ``locator``.</doc>
<msg timestamp="20221113 21:15:14.120" level="INFO">${cart_vbear_price} = $14.99</msg>
<status status="PASS" starttime="20221113 21:15:13.495" endtime="20221113 21:15:14.120"/>
</kw>
<kw name="Get Price String As Integer" library="utils">
<var>${cart_vbear_price}</var>
<arg>${cart_vbear_price}</arg>
<kw name="Remove String" library="String">
<var>${price}</var>
<arg>${price}</arg>
<arg>$</arg>
<arg>,</arg>
<doc>Removes all ``removables`` from the given ``string``.</doc>
<msg timestamp="20221113 21:15:14.120" level="INFO">${price} = 14.99</msg>
<status status="PASS" starttime="20221113 21:15:14.120" endtime="20221113 21:15:14.120"/>
</kw>
<kw name="Convert To Number" library="BuiltIn">
<var>${value}</var>
<arg>${price}</arg>
<doc>Converts the given item to a floating point number.</doc>
<msg timestamp="20221113 21:15:14.120" level="INFO">${value} = 14.99</msg>
<status status="PASS" starttime="20221113 21:15:14.120" endtime="20221113 21:15:14.120"/>
</kw>
<msg timestamp="20221113 21:15:14.120" level="INFO">${cart_vbear_price} = 14.99</msg>
<status status="PASS" starttime="20221113 21:15:14.120" endtime="20221113 21:15:14.120"/>
</kw>
<kw name="Evaluate" library="BuiltIn">
<arg>${actual_frog_price} == ${cart_frog_price}</arg>
<doc>Evaluates the given expression in Python and returns the result.</doc>
<status status="PASS" starttime="20221113 21:15:14.120" endtime="20221113 21:15:14.120"/>
</kw>
<kw name="Evaluate" library="BuiltIn">
<arg>${actual_bunny_price} == ${cart_bunny_price}</arg>
<doc>Evaluates the given expression in Python and returns the result.</doc>
<status status="PASS" starttime="20221113 21:15:14.120" endtime="20221113 21:15:14.120"/>
</kw>
<kw name="Evaluate" library="BuiltIn">
<arg>${actual_vbear_price} == ${cart_vbear_price}</arg>
<doc>Evaluates the given expression in Python and returns the result.</doc>
<status status="PASS" starttime="20221113 21:15:14.120" endtime="20221113 21:15:14.120"/>
</kw>
<status status="PASS" starttime="20221113 21:15:12.243" endtime="20221113 21:15:14.120"/>
</kw>
<kw name="And Sub-total for each product should be correct" library="JupiterToysKeywords">
<kw name="Get Text" library="SeleniumLibrary">
<var>${frog_subtotal_price}</var>
<arg>${cart_lbl_frog_subtotal_price}</arg>
<doc>Returns the text value of the element identified by ``locator``.</doc>
<msg timestamp="20221113 21:15:14.746" level="INFO">${frog_subtotal_price} = $21.98</msg>
<status status="PASS" starttime="20221113 21:15:14.120" endtime="20221113 21:15:14.746"/>
</kw>
<kw name="Get Price String As Integer" library="utils">
<var>${frog_subtotal_price}</var>
<arg>${frog_subtotal_price}</arg>
<kw name="Remove String" library="String">
<var>${price}</var>
<arg>${price}</arg>
<arg>$</arg>
<arg>,</arg>
<doc>Removes all ``removables`` from the given ``string``.</doc>
<msg timestamp="20221113 21:15:14.746" level="INFO">${price} = 21.98</msg>
<status status="PASS" starttime="20221113 21:15:14.746" endtime="20221113 21:15:14.746"/>
</kw>
<kw name="Convert To Number" library="BuiltIn">
<var>${value}</var>
<arg>${price}</arg>
<doc>Converts the given item to a floating point number.</doc>
<msg timestamp="20221113 21:15:14.746" level="INFO">${value} = 21.98</msg>
<status status="PASS" starttime="20221113 21:15:14.746" endtime="20221113 21:15:14.746"/>
</kw>
<msg timestamp="20221113 21:15:14.746" level="INFO">${frog_subtotal_price} = 21.98</msg>
<status status="PASS" starttime="20221113 21:15:14.746" endtime="20221113 21:15:14.746"/>
</kw>
<kw name="Set Global Variable" library="BuiltIn">
<arg>${frog_subtotal_price}</arg>
<doc>Makes a variable available globally in all tests and suites.</doc>
<msg timestamp="20221113 21:15:14.746" level="INFO">${frog_subtotal_price} = 21.98</msg>
<status status="PASS" starttime="20221113 21:15:14.746" endtime="20221113 21:15:14.746"/>
</kw>
<kw name="Evaluate" library="BuiltIn">
<arg>${actual_frog_price}*${frogs} == ${frog_subtotal_price}</arg>
<doc>Evaluates the given expression in Python and returns the result.</doc>
<status status="PASS" starttime="20221113 21:15:14.746" endtime="20221113 21:15:14.746"/>
</kw>
<kw name="Get Text" library="SeleniumLibrary">
<var>${bunny_subtotal_price}</var>
<arg>${cart_lbl_bunny_subtotal_price}</arg>
<doc>Returns the text value of the element identified by ``locator``.</doc>
<msg timestamp="20221113 21:15:15.369" level="INFO">${bunny_subtotal_price} = $49.95</msg>
<status status="PASS" starttime="20221113 21:15:14.746" endtime="20221113 21:15:15.369"/>
</kw>
<kw name="Get Price String As Integer" library="utils">
<var>${bunny_subtotal_price}</var>
<arg>${bunny_subtotal_price}</arg>
<kw name="Remove String" library="String">
<var>${price}</var>
<arg>${price}</arg>
<arg>$</arg>
<arg>,</arg>
<doc>Removes all ``removables`` from the given ``string``.</doc>
<msg timestamp="20221113 21:15:15.369" level="INFO">${price} = 49.95</msg>
<status status="PASS" starttime="20221113 21:15:15.369" endtime="20221113 21:15:15.369"/>
</kw>
<kw name="Convert To Number" library="BuiltIn">
<var>${value}</var>
<arg>${price}</arg>
<doc>Converts the given item to a floating point number.</doc>
<msg timestamp="20221113 21:15:15.369" level="INFO">${value} = 49.95</msg>
<status status="PASS" starttime="20221113 21:15:15.369" endtime="20221113 21:15:15.369"/>
</kw>
<msg timestamp="20221113 21:15:15.369" level="INFO">${bunny_subtotal_price} = 49.95</msg>
<status status="PASS" starttime="20221113 21:15:15.369" endtime="20221113 21:15:15.369"/>
</kw>
<kw name="Set Global Variable" library="BuiltIn">
<arg>${bunny_subtotal_price}</arg>
<doc>Makes a variable available globally in all tests and suites.</doc>
<msg timestamp="20221113 21:15:15.369" level="INFO">${bunny_subtotal_price} = 49.95</msg>
<status status="PASS" starttime="20221113 21:15:15.369" endtime="20221113 21:15:15.369"/>
</kw>
<kw name="Evaluate" library="BuiltIn">
<arg>${actual_bunny_price}*${bunnies} == ${bunny_subtotal_price}</arg>
<doc>Evaluates the given expression in Python and returns the result.</doc>
<status status="PASS" starttime="20221113 21:15:15.369" endtime="20221113 21:15:15.369"/>
</kw>
<kw name="Get Text" library="SeleniumLibrary">
<var>${vbear_subtotal_price}</var>
<arg>${cart_lbl_vbear_subtotal_price}</arg>
<doc>Returns the text value of the element identified by ``locator``.</doc>
<msg timestamp="20221113 21:15:15.992" level="INFO">${vbear_subtotal_price} = $44.97</msg>
<status status="PASS" starttime="20221113 21:15:15.369" endtime="20221113 21:15:15.992"/>
</kw>
<kw name="Get Price String As Integer" library="utils">
<var>${vbear_subtotal_price}</var>
<arg>${vbear_subtotal_price}</arg>
<kw name="Remove String" library="String">
<var>${price}</var>
<arg>${price}</arg>
<arg>$</arg>
<arg>,</arg>
<doc>Removes all ``removables`` from the given ``string``.</doc>
<msg timestamp="20221113 21:15:15.992" level="INFO">${price} = 44.97</msg>
<status status="PASS" starttime="20221113 21:15:15.992" endtime="20221113 21:15:15.992"/>
</kw>
<kw name="Convert To Number" library="BuiltIn">
<var>${value}</var>
<arg>${price}</arg>
<doc>Converts the given item to a floating point number.</doc>
<msg timestamp="20221113 21:15:15.992" level="INFO">${value} = 44.97</msg>
<status status="PASS" starttime="20221113 21:15:15.992" endtime="20221113 21:15:15.992"/>
</kw>
<msg timestamp="20221113 21:15:15.992" level="INFO">${vbear_subtotal_price} = 44.97</msg>
<status status="PASS" starttime="20221113 21:15:15.992" endtime="20221113 21:15:15.992"/>
</kw>
<kw name="Set Global Variable" library="BuiltIn">
<arg>${vbear_subtotal_price}</arg>
<doc>Makes a variable available globally in all tests and suites.</doc>
<msg timestamp="20221113 21:15:15.992" level="INFO">${vbear_subtotal_price} = 44.97</msg>
<status status="PASS" starttime="20221113 21:15:15.992" endtime="20221113 21:15:15.992"/>
</kw>
<kw name="Evaluate" library="BuiltIn">
<arg>${actual_vbear_price}*${vbears} == ${vbear_subtotal_price}</arg>
<doc>Evaluates the given expression in Python and returns the result.</doc>
<status status="PASS" starttime="20221113 21:15:15.992" endtime="20221113 21:15:15.992"/>
</kw>
<status status="PASS" starttime="20221113 21:15:14.120" endtime="20221113 21:15:15.992"/>
</kw>
<kw name="And Total of all products should be correct" library="JupiterToysKeywords">
<kw name="Get Text" library="SeleniumLibrary">
<var>${total_price}</var>
<arg>${cart_lbl_total_price}</arg>
<doc>Returns the text value of the element identified by ``locator``.</doc>
<msg timestamp="20221113 21:15:16.616" level="INFO">${total_price} = Total: 116.9</msg>
<status status="PASS" starttime="20221113 21:15:15.992" endtime="20221113 21:15:16.616"/>
</kw>
<kw name="Remove String" library="String">
<var>${total_price}</var>
<arg>${total_price}</arg>
<arg>Total:</arg>
<doc>Removes all ``removables`` from the given ``string``.</doc>
<msg timestamp="20221113 21:15:16.616" level="INFO">${total_price} =  116.9</msg>
<status status="PASS" starttime="20221113 21:15:16.616" endtime="20221113 21:15:16.616"/>
</kw>
<kw name="Convert To Number" library="BuiltIn">
<var>${total_price}</var>
<arg>${total_price}</arg>
<doc>Converts the given item to a floating point number.</doc>
<msg timestamp="20221113 21:15:16.616" level="INFO">${total_price} = 116.9</msg>
<status status="PASS" starttime="20221113 21:15:16.616" endtime="20221113 21:15:16.616"/>
</kw>
<kw name="Evaluate" library="BuiltIn">
<arg>${actual_frog_price}+${actual_bunny_price}+${actual_vbear_price} == ${total_price}</arg>
<doc>Evaluates the given expression in Python and returns the result.</doc>
<status status="PASS" starttime="20221113 21:15:16.616" endtime="20221113 21:15:16.616"/>
</kw>
<status status="PASS" starttime="20221113 21:15:15.992" endtime="20221113 21:15:16.616"/>
</kw>
<tag>Regression</tag>
<status status="PASS" starttime="20221113 21:14:46.755" endtime="20221113 21:15:16.616"/>
</test>
<status status="PASS" starttime="20221113 21:14:46.755" endtime="20221113 21:15:16.616"/>
</suite>
<status status="PASS" starttime="20221113 21:12:42.031" endtime="20221113 21:15:16.616"/>
</suite>
<statistics>
<total>
<stat pass="5" fail="0" skip="0">All Tests</stat>
</total>
<tag>
<stat pass="2" fail="0" skip="0">Regression</stat>
</tag>
<suite>
<stat pass="5" fail="0" skip="0" id="s1" name="Tests">Tests</stat>
<stat pass="3" fail="0" skip="0" id="s1-s1" name="TC1">Tests.TC1</stat>
<stat pass="1" fail="0" skip="0" id="s1-s2" name="TC2">Tests.TC2</stat>
<stat pass="1" fail="0" skip="0" id="s1-s3" name="TC3">Tests.TC3</stat>
</suite>
</statistics>
<errors>
</errors>
</robot>
