<?xml version="1.0" encoding="UTF-8"?>
<robot generator="Robot 6.0.1 (Python 3.11.0 on win32)" generated="20221113 22:47:26.075" rpa="false" schemaversion="3">
<suite id="s1" name="Planit-Karla" source="C:\Users\Karla\PycharmProjects\Planit-Karla">
<suite id="s1-s1" name="Tests" source="C:\Users\Karla\PycharmProjects\Planit-Karla\tests">
<suite id="s1-s1-s1" name="TC1" source="C:\Users\Karla\PycharmProjects\Planit-Karla\tests\TC1.robot">
<test id="s1-s1-s1-t1" name="Scenario: Verify display of error messages upon submitting null data in contact page" line="9">
<kw name="Given I am in Jupiter Toys Homepage" library="JupiterToysKeywords">
<kw name="Set Selenium Speed" library="SeleniumLibrary">
<arg>0.3 seconds</arg>
<doc>Sets the delay that is waited after each Selenium command.</doc>
<status status="PASS" starttime="20221113 22:47:26.634" endtime="20221113 22:47:26.634"/>
</kw>
<kw name="I open browser and navigate to URL" library="utils">
<arg>${url_jupiter}</arg>
<arg>${browser}</arg>
<kw name="Open Browser" library="SeleniumLibrary">
<arg>${url}</arg>
<arg>${browser}</arg>
<doc>Opens a new browser instance to the optional ``url``.</doc>
<msg timestamp="20221113 22:47:26.634" level="INFO">Opening browser 'chrome' to base url 'https://jupiter.cloud.planittesting.com/#'.</msg>
<status status="PASS" starttime="20221113 22:47:26.634" endtime="20221113 22:47:30.689"/>
</kw>
<status status="PASS" starttime="20221113 22:47:26.634" endtime="20221113 22:47:30.689"/>
</kw>
<kw name="Location Should Contain" library="SeleniumLibrary">
<arg>${url_jupiter}</arg>
<doc>Verifies that the current URL contains ``expected``.</doc>
<msg timestamp="20221113 22:47:30.995" level="INFO">Current location contains 'https://jupiter.cloud.planittesting.com/#'.</msg>
<status status="PASS" starttime="20221113 22:47:30.689" endtime="20221113 22:47:30.995"/>
</kw>
<kw name="Maximize Browser Window" library="SeleniumLibrary">
<doc>Maximizes current browser window.</doc>
<status status="PASS" starttime="20221113 22:47:30.995" endtime="20221113 22:47:31.409"/>
</kw>
<status status="PASS" starttime="20221113 22:47:26.634" endtime="20221113 22:47:31.409"/>
</kw>
<kw name="When I go to Contact page" library="JupiterToysKeywords">
<kw name="Wait For Element and Click" library="utils">
<arg>${btn_contact}</arg>
<kw name="Wait Until Element Is Visible" library="SeleniumLibrary">
<arg>${element}</arg>
<doc>Waits until the element ``locator`` is visible.</doc>
<status status="PASS" starttime="20221113 22:47:31.409" endtime="20221113 22:47:32.044"/>
</kw>
<kw name="Click Link" library="SeleniumLibrary">
<arg>${element}</arg>
<doc>Clicks a link identified by ``locator``.</doc>
<msg timestamp="20221113 22:47:32.044" level="INFO">Clicking link 'css:a[href="#/contact"]'.</msg>
<status status="PASS" starttime="20221113 22:47:32.044" endtime="20221113 22:47:32.986"/>
</kw>
<status status="PASS" starttime="20221113 22:47:31.409" endtime="20221113 22:47:32.986"/>
</kw>
<kw name="Location Should Contain" library="SeleniumLibrary">
<arg>${url_contact}</arg>
<doc>Verifies that the current URL contains ``expected``.</doc>
<msg timestamp="20221113 22:47:33.290" level="INFO">Current location contains 'https://jupiter.cloud.planittesting.com/#/contact'.</msg>
<status status="PASS" starttime="20221113 22:47:32.986" endtime="20221113 22:47:33.290"/>
</kw>
<kw name="Wait Until Page Contains Element" library="SeleniumLibrary">
<arg>${input_forename}</arg>
<doc>Waits until the element ``locator`` appears on the current page.</doc>
<status status="PASS" starttime="20221113 22:47:33.290" endtime="20221113 22:47:33.604"/>
</kw>
<kw name="Wait Until Page Contains Element" library="SeleniumLibrary">
<arg>${input_surname}</arg>
<doc>Waits until the element ``locator`` appears on the current page.</doc>
<status status="PASS" starttime="20221113 22:47:33.604" endtime="20221113 22:47:33.914"/>
</kw>
<kw name="Wait Until Page Contains Element" library="SeleniumLibrary">
<arg>${input_email}</arg>
<doc>Waits until the element ``locator`` appears on the current page.</doc>
<status status="PASS" starttime="20221113 22:47:33.914" endtime="20221113 22:47:34.224"/>
</kw>
<kw name="Wait Until Page Contains Element" library="SeleniumLibrary">
<arg>${input_telephone}</arg>
<doc>Waits until the element ``locator`` appears on the current page.</doc>
<status status="PASS" starttime="20221113 22:47:34.224" endtime="20221113 22:47:34.534"/>
</kw>
<kw name="Wait Until Page Contains Element" library="SeleniumLibrary">
<arg>${input_message}</arg>
<doc>Waits until the element ``locator`` appears on the current page.</doc>
<status status="PASS" starttime="20221113 22:47:34.534" endtime="20221113 22:47:34.843"/>
</kw>
<kw name="Wait Until Page Contains Element" library="SeleniumLibrary">
<arg>${btn_submit}</arg>
<doc>Waits until the element ``locator`` appears on the current page.</doc>
<status status="PASS" starttime="20221113 22:47:34.843" endtime="20221113 22:47:35.153"/>
</kw>
<status status="PASS" starttime="20221113 22:47:31.409" endtime="20221113 22:47:35.153"/>
</kw>
<kw name="And I click submit button" library="JupiterToysKeywords">
<kw name="Wait For Element and Click" library="utils">
<arg>${btn_submit}</arg>
<kw name="Wait Until Element Is Visible" library="SeleniumLibrary">
<arg>${element}</arg>
<doc>Waits until the element ``locator`` is visible.</doc>
<status status="PASS" starttime="20221113 22:47:35.153" endtime="20221113 22:47:35.773"/>
</kw>
<kw name="Click Link" library="SeleniumLibrary">
<arg>${element}</arg>
<doc>Clicks a link identified by ``locator``.</doc>
<msg timestamp="20221113 22:47:35.774" level="INFO">Clicking link 'css:a.btn-contact'.</msg>
<status status="PASS" starttime="20221113 22:47:35.773" endtime="20221113 22:47:36.729"/>
</kw>
<status status="PASS" starttime="20221113 22:47:35.153" endtime="20221113 22:47:36.729"/>
</kw>
<status status="PASS" starttime="20221113 22:47:35.153" endtime="20221113 22:47:36.729"/>
</kw>
<kw name="Then Error messages for required fields should be displayed" library="JupiterToysKeywords">
<kw name="Page Should Contain" library="SeleniumLibrary">
<arg>${err_msg_forename}</arg>
<doc>Verifies that current page contains ``text``.</doc>
<msg timestamp="20221113 22:47:37.344" level="INFO">Current page contains text 'Forename is required'.</msg>
<status status="PASS" starttime="20221113 22:47:36.729" endtime="20221113 22:47:37.344"/>
</kw>
<kw name="Page Should Contain" library="SeleniumLibrary">
<arg>${err_msg_email}</arg>
<doc>Verifies that current page contains ``text``.</doc>
<msg timestamp="20221113 22:47:37.957" level="INFO">Current page contains text 'Email is required'.</msg>
<status status="PASS" starttime="20221113 22:47:37.344" endtime="20221113 22:47:37.957"/>
</kw>
<kw name="Page Should Contain" library="SeleniumLibrary">
<arg>${err_msg_page}</arg>
<doc>Verifies that current page contains ``text``.</doc>
<msg timestamp="20221113 22:47:38.571" level="INFO">Current page contains text 'We welcome your feedback'.</msg>
<status status="PASS" starttime="20221113 22:47:37.957" endtime="20221113 22:47:38.571"/>
</kw>
<kw name="Page Should Contain" library="SeleniumLibrary">
<arg>${err_msg_page_cont}</arg>
<doc>Verifies that current page contains ``text``.</doc>
<msg timestamp="20221113 22:47:39.185" level="INFO">Current page contains text '- but we won't get it unless you complete the form correctly'.</msg>
<status status="PASS" starttime="20221113 22:47:38.571" endtime="20221113 22:47:39.185"/>
</kw>
<status status="PASS" starttime="20221113 22:47:36.729" endtime="20221113 22:47:39.185"/>
</kw>
<status status="PASS" starttime="20221113 22:47:26.634" endtime="20221113 22:47:39.186"/>
</test>
<test id="s1-s1-s1-t2" name="Scenario: Validate error message for wrong email format" line="15">
<kw name="Given I am in Contact page" library="JupiterToysKeywords">
<kw name="Location Should Contain" library="SeleniumLibrary">
<arg>${url_contact}</arg>
<doc>Verifies that the current URL contains ``expected``.</doc>
<msg timestamp="20221113 22:47:39.494" level="INFO">Current location contains 'https://jupiter.cloud.planittesting.com/#/contact'.</msg>
<status status="PASS" starttime="20221113 22:47:39.188" endtime="20221113 22:47:39.494"/>
</kw>
<kw name="Wait Until Page Contains Element" library="SeleniumLibrary">
<arg>${input_forename}</arg>
<doc>Waits until the element ``locator`` appears on the current page.</doc>
<status status="PASS" starttime="20221113 22:47:39.494" endtime="20221113 22:47:39.801"/>
</kw>
<kw name="Wait Until Page Contains Element" library="SeleniumLibrary">
<arg>${input_surname}</arg>
<doc>Waits until the element ``locator`` appears on the current page.</doc>
<status status="PASS" starttime="20221113 22:47:39.801" endtime="20221113 22:47:40.110"/>
</kw>
<kw name="Wait Until Page Contains Element" library="SeleniumLibrary">
<arg>${input_email}</arg>
<doc>Waits until the element ``locator`` appears on the current page.</doc>
<status status="PASS" starttime="20221113 22:47:40.110" endtime="20221113 22:47:40.418"/>
</kw>
<kw name="Wait Until Page Contains Element" library="SeleniumLibrary">
<arg>${input_telephone}</arg>
<doc>Waits until the element ``locator`` appears on the current page.</doc>
<status status="PASS" starttime="20221113 22:47:40.418" endtime="20221113 22:47:40.726"/>
</kw>
<kw name="Wait Until Page Contains Element" library="SeleniumLibrary">
<arg>${input_message}</arg>
<doc>Waits until the element ``locator`` appears on the current page.</doc>
<status status="PASS" starttime="20221113 22:47:40.726" endtime="20221113 22:47:41.034"/>
</kw>
<kw name="Wait Until Page Contains Element" library="SeleniumLibrary">
<arg>${btn_submit}</arg>
<doc>Waits until the element ``locator`` appears on the current page.</doc>
<status status="PASS" starttime="20221113 22:47:41.034" endtime="20221113 22:47:41.346"/>
</kw>
<status status="PASS" starttime="20221113 22:47:39.187" endtime="20221113 22:47:41.346"/>
</kw>
<kw name="When I input data in required fields" library="JupiterToysKeywords">
<kw name="Input Text" library="SeleniumLibrary">
<arg>${input_forename}</arg>
<arg>${valid_forename}</arg>
<doc>Types the given ``text`` into the text field identified by ``locator``.</doc>
<msg timestamp="20221113 22:47:41.348" level="INFO">Typing text 'Planit test' into text field 'css:input#forename'.</msg>
<status status="PASS" starttime="20221113 22:47:41.347" endtime="20221113 22:47:42.349"/>
</kw>
<kw name="Input Text" library="SeleniumLibrary">
<arg>${input_message}</arg>
<arg>${valid_message}</arg>
<doc>Types the given ``text`` into the text field identified by ``locator``.</doc>
<msg timestamp="20221113 22:47:42.349" level="INFO">Typing text 'test message only' into text field 'css:textarea#message'.</msg>
<status status="PASS" starttime="20221113 22:47:42.349" endtime="20221113 22:47:43.328"/>
</kw>
<status status="PASS" starttime="20221113 22:47:41.347" endtime="20221113 22:47:43.328"/>
</kw>
<kw name="And Email address is not in correct format" library="JupiterToysKeywords">
<kw name="Input Text" library="SeleniumLibrary">
<arg>${input_email}</arg>
<arg>${invalid_email}</arg>
<doc>Types the given ``text`` into the text field identified by ``locator``.</doc>
<msg timestamp="20221113 22:47:43.328" level="INFO">Typing text 'invalid email format' into text field 'css:input#email'.</msg>
<status status="PASS" starttime="20221113 22:47:43.328" endtime="20221113 22:47:44.311"/>
</kw>
<status status="PASS" starttime="20221113 22:47:43.328" endtime="20221113 22:47:44.311"/>
</kw>
<kw name="Then Email address format error should be displayed" library="JupiterToysKeywords">
<kw name="Page Should Contain" library="SeleniumLibrary">
<arg>${err_email_format}</arg>
<doc>Verifies that current page contains ``text``.</doc>
<msg timestamp="20221113 22:47:44.927" level="INFO">Current page contains text 'Please enter a valid email'.</msg>
<status status="PASS" starttime="20221113 22:47:44.311" endtime="20221113 22:47:44.927"/>
</kw>
<status status="PASS" starttime="20221113 22:47:44.311" endtime="20221113 22:47:44.927"/>
</kw>
<status status="PASS" starttime="20221113 22:47:39.187" endtime="20221113 22:47:44.927"/>
</test>
<test id="s1-s1-s1-t3" name="Scenario: Validate error messages are gone after inputting correct data on required fields" line="21">
<kw name="Given I am in Contact page" library="JupiterToysKeywords">
<kw name="Location Should Contain" library="SeleniumLibrary">
<arg>${url_contact}</arg>
<doc>Verifies that the current URL contains ``expected``.</doc>
<msg timestamp="20221113 22:47:45.235" level="INFO">Current location contains 'https://jupiter.cloud.planittesting.com/#/contact'.</msg>
<status status="PASS" starttime="20221113 22:47:44.929" endtime="20221113 22:47:45.235"/>
</kw>
<kw name="Wait Until Page Contains Element" library="SeleniumLibrary">
<arg>${input_forename}</arg>
<doc>Waits until the element ``locator`` appears on the current page.</doc>
<status status="PASS" starttime="20221113 22:47:45.235" endtime="20221113 22:47:45.543"/>
</kw>
<kw name="Wait Until Page Contains Element" library="SeleniumLibrary">
<arg>${input_surname}</arg>
<doc>Waits until the element ``locator`` appears on the current page.</doc>
<status status="PASS" starttime="20221113 22:47:45.543" endtime="20221113 22:47:45.850"/>
</kw>
<kw name="Wait Until Page Contains Element" library="SeleniumLibrary">
<arg>${input_email}</arg>
<doc>Waits until the element ``locator`` appears on the current page.</doc>
<status status="PASS" starttime="20221113 22:47:45.850" endtime="20221113 22:47:46.157"/>
</kw>
<kw name="Wait Until Page Contains Element" library="SeleniumLibrary">
<arg>${input_telephone}</arg>
<doc>Waits until the element ``locator`` appears on the current page.</doc>
<status status="PASS" starttime="20221113 22:47:46.157" endtime="20221113 22:47:46.465"/>
</kw>
<kw name="Wait Until Page Contains Element" library="SeleniumLibrary">
<arg>${input_message}</arg>
<doc>Waits until the element ``locator`` appears on the current page.</doc>
<status status="PASS" starttime="20221113 22:47:46.465" endtime="20221113 22:47:46.772"/>
</kw>
<kw name="Wait Until Page Contains Element" library="SeleniumLibrary">
<arg>${btn_submit}</arg>
<doc>Waits until the element ``locator`` appears on the current page.</doc>
<status status="PASS" starttime="20221113 22:47:46.772" endtime="20221113 22:47:47.079"/>
</kw>
<status status="PASS" starttime="20221113 22:47:44.929" endtime="20221113 22:47:47.079"/>
</kw>
<kw name="When I input correct data in all required fields" library="JupiterToysKeywords">
<kw name="Input Text" library="SeleniumLibrary">
<arg>${input_forename}</arg>
<arg>${valid_forename}</arg>
<doc>Types the given ``text`` into the text field identified by ``locator``.</doc>
<msg timestamp="20221113 22:47:47.079" level="INFO">Typing text 'Planit test' into text field 'css:input#forename'.</msg>
<status status="PASS" starttime="20221113 22:47:47.079" endtime="20221113 22:47:48.039"/>
</kw>
<kw name="Input Text" library="SeleniumLibrary">
<arg>${input_email}</arg>
<arg>${valid_email}</arg>
<doc>Types the given ``text`` into the text field identified by ``locator``.</doc>
<msg timestamp="20221113 22:47:48.039" level="INFO">Typing text 'test@test.com' into text field 'css:input#email'.</msg>
<status status="PASS" starttime="20221113 22:47:48.039" endtime="20221113 22:47:49.002"/>
</kw>
<kw name="Input Text" library="SeleniumLibrary">
<arg>${input_message}</arg>
<arg>${valid_message}</arg>
<doc>Types the given ``text`` into the text field identified by ``locator``.</doc>
<msg timestamp="20221113 22:47:49.002" level="INFO">Typing text 'test message only' into text field 'css:textarea#message'.</msg>
<status status="PASS" starttime="20221113 22:47:49.002" endtime="20221113 22:47:49.976"/>
</kw>
<status status="PASS" starttime="20221113 22:47:47.079" endtime="20221113 22:47:49.976"/>
</kw>
<kw name="Then Error messages should not be displayed" library="JupiterToysKeywords">
<kw name="Page Should Not Contain" library="SeleniumLibrary">
<arg>${err_msg_forename}</arg>
<doc>Verifies the current page does not contain ``text``.</doc>
<msg timestamp="20221113 22:47:50.898" level="INFO">Current page does not contain text 'Forename is required'.</msg>
<status status="PASS" starttime="20221113 22:47:49.976" endtime="20221113 22:47:50.898"/>
</kw>
<kw name="Page Should Not Contain" library="SeleniumLibrary">
<arg>${err_msg_email}</arg>
<doc>Verifies the current page does not contain ``text``.</doc>
<msg timestamp="20221113 22:47:51.815" level="INFO">Current page does not contain text 'Email is required'.</msg>
<status status="PASS" starttime="20221113 22:47:50.898" endtime="20221113 22:47:51.815"/>
</kw>
<kw name="Page Should Not Contain" library="SeleniumLibrary">
<arg>${err_msg_message}</arg>
<doc>Verifies the current page does not contain ``text``.</doc>
<msg timestamp="20221113 22:47:52.736" level="INFO">Current page does not contain text 'Message is required'.</msg>
<status status="PASS" starttime="20221113 22:47:51.815" endtime="20221113 22:47:52.736"/>
</kw>
<status status="PASS" starttime="20221113 22:47:49.976" endtime="20221113 22:47:52.736"/>
</kw>
<status status="PASS" starttime="20221113 22:47:44.929" endtime="20221113 22:47:52.736"/>
</test>
<status status="PASS" starttime="20221113 22:47:26.107" endtime="20221113 22:47:52.736"/>
</suite>
<suite id="s1-s1-s2" name="TC2" source="C:\Users\Karla\PycharmProjects\Planit-Karla\tests\TC2.robot">
<test id="s1-s1-s2-t1" name="Scenario: Successful submission of data in Contact page" line="9">
<kw name="Scenario Outline: Successful submission of contact form">
<arg>test1</arg>
<arg>test1@test.com</arg>
<arg>testmessage</arg>
<kw name="Given I am in Jupiter Toys Homepage" library="JupiterToysKeywords">
<kw name="Set Selenium Speed" library="SeleniumLibrary">
<arg>0.3 seconds</arg>
<doc>Sets the delay that is waited after each Selenium command.</doc>
<status status="PASS" starttime="20221113 22:47:52.736" endtime="20221113 22:47:52.736"/>
</kw>
<kw name="I open browser and navigate to URL" library="utils">
<arg>${url_jupiter}</arg>
<arg>${browser}</arg>
<kw name="Open Browser" library="SeleniumLibrary">
<arg>${url}</arg>
<arg>${browser}</arg>
<doc>Opens a new browser instance to the optional ``url``.</doc>
<msg timestamp="20221113 22:47:52.736" level="INFO">Opening browser 'chrome' to base url 'https://jupiter.cloud.planittesting.com/#'.</msg>
<status status="PASS" starttime="20221113 22:47:52.736" endtime="20221113 22:47:56.226"/>
</kw>
<status status="PASS" starttime="20221113 22:47:52.736" endtime="20221113 22:47:56.226"/>
</kw>
<kw name="Location Should Contain" library="SeleniumLibrary">
<arg>${url_jupiter}</arg>
<doc>Verifies that the current URL contains ``expected``.</doc>
<msg timestamp="20221113 22:47:56.532" level="INFO">Current location contains 'https://jupiter.cloud.planittesting.com/#'.</msg>
<status status="PASS" starttime="20221113 22:47:56.226" endtime="20221113 22:47:56.532"/>
</kw>
<kw name="Maximize Browser Window" library="SeleniumLibrary">
<doc>Maximizes current browser window.</doc>
<status status="PASS" starttime="20221113 22:47:56.532" endtime="20221113 22:47:56.954"/>
</kw>
<status status="PASS" starttime="20221113 22:47:52.736" endtime="20221113 22:47:56.954"/>
</kw>
<kw name="When I go to Contact page" library="JupiterToysKeywords">
<kw name="Wait For Element and Click" library="utils">
<arg>${btn_contact}</arg>
<kw name="Wait Until Element Is Visible" library="SeleniumLibrary">
<arg>${element}</arg>
<doc>Waits until the element ``locator`` is visible.</doc>
<status status="PASS" starttime="20221113 22:47:56.954" endtime="20221113 22:47:57.581"/>
</kw>
<kw name="Click Link" library="SeleniumLibrary">
<arg>${element}</arg>
<doc>Clicks a link identified by ``locator``.</doc>
<msg timestamp="20221113 22:47:57.581" level="INFO">Clicking link 'css:a[href="#/contact"]'.</msg>
<status status="PASS" starttime="20221113 22:47:57.581" endtime="20221113 22:47:58.525"/>
</kw>
<status status="PASS" starttime="20221113 22:47:56.954" endtime="20221113 22:47:58.525"/>
</kw>
<kw name="Location Should Contain" library="SeleniumLibrary">
<arg>${url_contact}</arg>
<doc>Verifies that the current URL contains ``expected``.</doc>
<msg timestamp="20221113 22:47:58.830" level="INFO">Current location contains 'https://jupiter.cloud.planittesting.com/#/contact'.</msg>
<status status="PASS" starttime="20221113 22:47:58.525" endtime="20221113 22:47:58.830"/>
</kw>
<kw name="Wait Until Page Contains Element" library="SeleniumLibrary">
<arg>${input_forename}</arg>
<doc>Waits until the element ``locator`` appears on the current page.</doc>
<status status="PASS" starttime="20221113 22:47:58.830" endtime="20221113 22:47:59.141"/>
</kw>
<kw name="Wait Until Page Contains Element" library="SeleniumLibrary">
<arg>${input_surname}</arg>
<doc>Waits until the element ``locator`` appears on the current page.</doc>
<status status="PASS" starttime="20221113 22:47:59.141" endtime="20221113 22:47:59.451"/>
</kw>
<kw name="Wait Until Page Contains Element" library="SeleniumLibrary">
<arg>${input_email}</arg>
<doc>Waits until the element ``locator`` appears on the current page.</doc>
<status status="PASS" starttime="20221113 22:47:59.451" endtime="20221113 22:47:59.760"/>
</kw>
<kw name="Wait Until Page Contains Element" library="SeleniumLibrary">
<arg>${input_telephone}</arg>
<doc>Waits until the element ``locator`` appears on the current page.</doc>
<status status="PASS" starttime="20221113 22:47:59.760" endtime="20221113 22:48:00.070"/>
</kw>
<kw name="Wait Until Page Contains Element" library="SeleniumLibrary">
<arg>${input_message}</arg>
<doc>Waits until the element ``locator`` appears on the current page.</doc>
<status status="PASS" starttime="20221113 22:48:00.070" endtime="20221113 22:48:00.380"/>
</kw>
<kw name="Wait Until Page Contains Element" library="SeleniumLibrary">
<arg>${btn_submit}</arg>
<doc>Waits until the element ``locator`` appears on the current page.</doc>
<status status="PASS" starttime="20221113 22:48:00.380" endtime="20221113 22:48:00.689"/>
</kw>
<status status="PASS" starttime="20221113 22:47:56.954" endtime="20221113 22:48:00.689"/>
</kw>
<kw name="And Input text" library="SeleniumLibrary">
<arg>${input_forename}</arg>
<arg>${forename}</arg>
<doc>Types the given ``text`` into the text field identified by ``locator``.</doc>
<msg timestamp="20221113 22:48:00.689" level="INFO">Typing text 'test1' into text field 'css:input#forename'.</msg>
<status status="PASS" starttime="20221113 22:48:00.689" endtime="20221113 22:48:01.669"/>
</kw>
<kw name="And Input text" library="SeleniumLibrary">
<arg>${input_email}</arg>
<arg>${email}</arg>
<doc>Types the given ``text`` into the text field identified by ``locator``.</doc>
<msg timestamp="20221113 22:48:01.669" level="INFO">Typing text 'test1@test.com' into text field 'css:input#email'.</msg>
<status status="PASS" starttime="20221113 22:48:01.669" endtime="20221113 22:48:02.655"/>
</kw>
<kw name="And Input Text" library="SeleniumLibrary">
<arg>${input_message}</arg>
<arg>${message}</arg>
<doc>Types the given ``text`` into the text field identified by ``locator``.</doc>
<msg timestamp="20221113 22:48:02.655" level="INFO">Typing text 'testmessage' into text field 'css:textarea#message'.</msg>
<status status="PASS" starttime="20221113 22:48:02.655" endtime="20221113 22:48:03.628"/>
</kw>
<kw name="And I click submit button" library="JupiterToysKeywords">
<kw name="Wait For Element and Click" library="utils">
<arg>${btn_submit}</arg>
<kw name="Wait Until Element Is Visible" library="SeleniumLibrary">
<arg>${element}</arg>
<doc>Waits until the element ``locator`` is visible.</doc>
<status status="PASS" starttime="20221113 22:48:03.628" endtime="20221113 22:48:04.249"/>
</kw>
<kw name="Click Link" library="SeleniumLibrary">
<arg>${element}</arg>
<doc>Clicks a link identified by ``locator``.</doc>
<msg timestamp="20221113 22:48:04.249" level="INFO">Clicking link 'css:a.btn-contact'.</msg>
<status status="PASS" starttime="20221113 22:48:04.249" endtime="20221113 22:48:05.200"/>
</kw>
<status status="PASS" starttime="20221113 22:48:03.628" endtime="20221113 22:48:05.200"/>
</kw>
<status status="PASS" starttime="20221113 22:48:03.628" endtime="20221113 22:48:05.200"/>
</kw>
<kw name="Then Error messages should not be displayed" library="JupiterToysKeywords">
<kw name="Page Should Not Contain" library="SeleniumLibrary">
<arg>${err_msg_forename}</arg>
<doc>Verifies the current page does not contain ``text``.</doc>
<msg timestamp="20221113 22:48:06.124" level="INFO">Current page does not contain text 'Forename is required'.</msg>
<status status="PASS" starttime="20221113 22:48:05.200" endtime="20221113 22:48:06.124"/>
</kw>
<kw name="Page Should Not Contain" library="SeleniumLibrary">
<arg>${err_msg_email}</arg>
<doc>Verifies the current page does not contain ``text``.</doc>
<msg timestamp="20221113 22:48:07.049" level="INFO">Current page does not contain text 'Email is required'.</msg>
<status status="PASS" starttime="20221113 22:48:06.124" endtime="20221113 22:48:07.049"/>
</kw>
<kw name="Page Should Not Contain" library="SeleniumLibrary">
<arg>${err_msg_message}</arg>
<doc>Verifies the current page does not contain ``text``.</doc>
<msg timestamp="20221113 22:48:07.972" level="INFO">Current page does not contain text 'Message is required'.</msg>
<status status="PASS" starttime="20221113 22:48:07.049" endtime="20221113 22:48:07.972"/>
</kw>
<status status="PASS" starttime="20221113 22:48:05.200" endtime="20221113 22:48:07.972"/>
</kw>
<kw name="And Success message should be displayed" library="JupiterToysKeywords">
<kw name="Wait Until Page Contains Element" library="SeleniumLibrary">
<arg>${modal_feedback}</arg>
<arg>20 seconds</arg>
<doc>Waits until the element ``locator`` appears on the current page.</doc>
<status status="PASS" starttime="20221113 22:48:07.972" endtime="20221113 22:48:08.284"/>
</kw>
<kw name="Wait Until Page Contains Element" library="SeleniumLibrary">
<arg>${contact_success_msg}</arg>
<arg>20 seconds</arg>
<doc>Waits until the element ``locator`` appears on the current page.</doc>
<status status="PASS" starttime="20221113 22:48:08.284" endtime="20221113 22:48:08.594"/>
</kw>
<kw name="Wait Until Page Contains" library="SeleniumLibrary">
<arg>${success_msg_contact}</arg>
<arg>20 seconds</arg>
<doc>Waits until ``text`` appears on the current page.</doc>
<status status="PASS" starttime="20221113 22:48:08.594" endtime="20221113 22:48:08.905"/>
</kw>
<kw name="Wait Until Page Contains" library="SeleniumLibrary">
<arg>${success_msg_contact}</arg>
<arg>20 seconds</arg>
<doc>Waits until ``text`` appears on the current page.</doc>
<status status="PASS" starttime="20221113 22:48:08.905" endtime="20221113 22:48:09.212"/>
</kw>
<kw name="Close Browser" library="SeleniumLibrary">
<doc>Closes the current browser.</doc>
<status status="PASS" starttime="20221113 22:48:09.212" endtime="20221113 22:48:11.575"/>
</kw>
<status status="PASS" starttime="20221113 22:48:07.972" endtime="20221113 22:48:11.575"/>
</kw>
<status status="PASS" starttime="20221113 22:47:52.736" endtime="20221113 22:48:11.575"/>
</kw>
<kw name="Scenario Outline: Successful submission of contact form">
<arg>test2</arg>
<arg>test2@test.com</arg>
<arg>testmessage</arg>
<kw name="Given I am in Jupiter Toys Homepage" library="JupiterToysKeywords">
<kw name="Set Selenium Speed" library="SeleniumLibrary">
<arg>0.3 seconds</arg>
<doc>Sets the delay that is waited after each Selenium command.</doc>
<status status="PASS" starttime="20221113 22:48:11.575" endtime="20221113 22:48:11.575"/>
</kw>
<kw name="I open browser and navigate to URL" library="utils">
<arg>${url_jupiter}</arg>
<arg>${browser}</arg>
<kw name="Open Browser" library="SeleniumLibrary">
<arg>${url}</arg>
<arg>${browser}</arg>
<doc>Opens a new browser instance to the optional ``url``.</doc>
<msg timestamp="20221113 22:48:11.575" level="INFO">Opening browser 'chrome' to base url 'https://jupiter.cloud.planittesting.com/#'.</msg>
<status status="PASS" starttime="20221113 22:48:11.575" endtime="20221113 22:48:14.990"/>
</kw>
<status status="PASS" starttime="20221113 22:48:11.575" endtime="20221113 22:48:14.991"/>
</kw>
<kw name="Location Should Contain" library="SeleniumLibrary">
<arg>${url_jupiter}</arg>
<doc>Verifies that the current URL contains ``expected``.</doc>
<msg timestamp="20221113 22:48:15.299" level="INFO">Current location contains 'https://jupiter.cloud.planittesting.com/#'.</msg>
<status status="PASS" starttime="20221113 22:48:14.991" endtime="20221113 22:48:15.299"/>
</kw>
<kw name="Maximize Browser Window" library="SeleniumLibrary">
<doc>Maximizes current browser window.</doc>
<status status="PASS" starttime="20221113 22:48:15.299" endtime="20221113 22:48:15.720"/>
</kw>
<status status="PASS" starttime="20221113 22:48:11.575" endtime="20221113 22:48:15.720"/>
</kw>
<kw name="When I go to Contact page" library="JupiterToysKeywords">
<kw name="Wait For Element and Click" library="utils">
<arg>${btn_contact}</arg>
<kw name="Wait Until Element Is Visible" library="SeleniumLibrary">
<arg>${element}</arg>
<doc>Waits until the element ``locator`` is visible.</doc>
<status status="PASS" starttime="20221113 22:48:15.720" endtime="20221113 22:48:16.347"/>
</kw>
<kw name="Click Link" library="SeleniumLibrary">
<arg>${element}</arg>
<doc>Clicks a link identified by ``locator``.</doc>
<msg timestamp="20221113 22:48:16.347" level="INFO">Clicking link 'css:a[href="#/contact"]'.</msg>
<status status="PASS" starttime="20221113 22:48:16.347" endtime="20221113 22:48:17.293"/>
</kw>
<status status="PASS" starttime="20221113 22:48:15.720" endtime="20221113 22:48:17.293"/>
</kw>
<kw name="Location Should Contain" library="SeleniumLibrary">
<arg>${url_contact}</arg>
<doc>Verifies that the current URL contains ``expected``.</doc>
<msg timestamp="20221113 22:48:17.598" level="INFO">Current location contains 'https://jupiter.cloud.planittesting.com/#/contact'.</msg>
<status status="PASS" starttime="20221113 22:48:17.293" endtime="20221113 22:48:17.598"/>
</kw>
<kw name="Wait Until Page Contains Element" library="SeleniumLibrary">
<arg>${input_forename}</arg>
<doc>Waits until the element ``locator`` appears on the current page.</doc>
<status status="PASS" starttime="20221113 22:48:17.598" endtime="20221113 22:48:17.908"/>
</kw>
<kw name="Wait Until Page Contains Element" library="SeleniumLibrary">
<arg>${input_surname}</arg>
<doc>Waits until the element ``locator`` appears on the current page.</doc>
<status status="PASS" starttime="20221113 22:48:17.908" endtime="20221113 22:48:18.218"/>
</kw>
<kw name="Wait Until Page Contains Element" library="SeleniumLibrary">
<arg>${input_email}</arg>
<doc>Waits until the element ``locator`` appears on the current page.</doc>
<status status="PASS" starttime="20221113 22:48:18.218" endtime="20221113 22:48:18.528"/>
</kw>
<kw name="Wait Until Page Contains Element" library="SeleniumLibrary">
<arg>${input_telephone}</arg>
<doc>Waits until the element ``locator`` appears on the current page.</doc>
<status status="PASS" starttime="20221113 22:48:18.528" endtime="20221113 22:48:18.839"/>
</kw>
<kw name="Wait Until Page Contains Element" library="SeleniumLibrary">
<arg>${input_message}</arg>
<doc>Waits until the element ``locator`` appears on the current page.</doc>
<status status="PASS" starttime="20221113 22:48:18.839" endtime="20221113 22:48:19.150"/>
</kw>
<kw name="Wait Until Page Contains Element" library="SeleniumLibrary">
<arg>${btn_submit}</arg>
<doc>Waits until the element ``locator`` appears on the current page.</doc>
<status status="PASS" starttime="20221113 22:48:19.150" endtime="20221113 22:48:19.461"/>
</kw>
<status status="PASS" starttime="20221113 22:48:15.720" endtime="20221113 22:48:19.461"/>
</kw>
<kw name="And Input text" library="SeleniumLibrary">
<arg>${input_forename}</arg>
<arg>${forename}</arg>
<doc>Types the given ``text`` into the text field identified by ``locator``.</doc>
<msg timestamp="20221113 22:48:19.461" level="INFO">Typing text 'test2' into text field 'css:input#forename'.</msg>
<status status="PASS" starttime="20221113 22:48:19.461" endtime="20221113 22:48:20.450"/>
</kw>
<kw name="And Input text" library="SeleniumLibrary">
<arg>${input_email}</arg>
<arg>${email}</arg>
<doc>Types the given ``text`` into the text field identified by ``locator``.</doc>
<msg timestamp="20221113 22:48:20.450" level="INFO">Typing text 'test2@test.com' into text field 'css:input#email'.</msg>
<status status="PASS" starttime="20221113 22:48:20.450" endtime="20221113 22:48:21.448"/>
</kw>
<kw name="And Input Text" library="SeleniumLibrary">
<arg>${input_message}</arg>
<arg>${message}</arg>
<doc>Types the given ``text`` into the text field identified by ``locator``.</doc>
<msg timestamp="20221113 22:48:21.448" level="INFO">Typing text 'testmessage' into text field 'css:textarea#message'.</msg>
<status status="PASS" starttime="20221113 22:48:21.448" endtime="20221113 22:48:22.434"/>
</kw>
<kw name="And I click submit button" library="JupiterToysKeywords">
<kw name="Wait For Element and Click" library="utils">
<arg>${btn_submit}</arg>
<kw name="Wait Until Element Is Visible" library="SeleniumLibrary">
<arg>${element}</arg>
<doc>Waits until the element ``locator`` is visible.</doc>
<status status="PASS" starttime="20221113 22:48:22.434" endtime="20221113 22:48:23.054"/>
</kw>
<kw name="Click Link" library="SeleniumLibrary">
<arg>${element}</arg>
<doc>Clicks a link identified by ``locator``.</doc>
<msg timestamp="20221113 22:48:23.054" level="INFO">Clicking link 'css:a.btn-contact'.</msg>
<status status="PASS" starttime="20221113 22:48:23.054" endtime="20221113 22:48:24.007"/>
</kw>
<status status="PASS" starttime="20221113 22:48:22.434" endtime="20221113 22:48:24.007"/>
</kw>
<status status="PASS" starttime="20221113 22:48:22.434" endtime="20221113 22:48:24.007"/>
</kw>
<kw name="Then Error messages should not be displayed" library="JupiterToysKeywords">
<kw name="Page Should Not Contain" library="SeleniumLibrary">
<arg>${err_msg_forename}</arg>
<doc>Verifies the current page does not contain ``text``.</doc>
<msg timestamp="20221113 22:48:24.933" level="INFO">Current page does not contain text 'Forename is required'.</msg>
<status status="PASS" starttime="20221113 22:48:24.007" endtime="20221113 22:48:24.933"/>
</kw>
<kw name="Page Should Not Contain" library="SeleniumLibrary">
<arg>${err_msg_email}</arg>
<doc>Verifies the current page does not contain ``text``.</doc>
<msg timestamp="20221113 22:48:25.855" level="INFO">Current page does not contain text 'Email is required'.</msg>
<status status="PASS" starttime="20221113 22:48:24.933" endtime="20221113 22:48:25.855"/>
</kw>
<kw name="Page Should Not Contain" library="SeleniumLibrary">
<arg>${err_msg_message}</arg>
<doc>Verifies the current page does not contain ``text``.</doc>
<msg timestamp="20221113 22:48:26.776" level="INFO">Current page does not contain text 'Message is required'.</msg>
<status status="PASS" starttime="20221113 22:48:25.855" endtime="20221113 22:48:26.776"/>
</kw>
<status status="PASS" starttime="20221113 22:48:24.007" endtime="20221113 22:48:26.776"/>
</kw>
<kw name="And Success message should be displayed" library="JupiterToysKeywords">
<kw name="Wait Until Page Contains Element" library="SeleniumLibrary">
<arg>${modal_feedback}</arg>
<arg>20 seconds</arg>
<doc>Waits until the element ``locator`` appears on the current page.</doc>
<status status="PASS" starttime="20221113 22:48:26.776" endtime="20221113 22:48:27.088"/>
</kw>
<kw name="Wait Until Page Contains Element" library="SeleniumLibrary">
<arg>${contact_success_msg}</arg>
<arg>20 seconds</arg>
<doc>Waits until the element ``locator`` appears on the current page.</doc>
<status status="PASS" starttime="20221113 22:48:27.088" endtime="20221113 22:48:27.398"/>
</kw>
<kw name="Wait Until Page Contains" library="SeleniumLibrary">
<arg>${success_msg_contact}</arg>
<arg>20 seconds</arg>
<doc>Waits until ``text`` appears on the current page.</doc>
<status status="PASS" starttime="20221113 22:48:27.398" endtime="20221113 22:48:29.234"/>
</kw>
<kw name="Wait Until Page Contains" library="SeleniumLibrary">
<arg>${success_msg_contact}</arg>
<arg>20 seconds</arg>
<doc>Waits until ``text`` appears on the current page.</doc>
<status status="PASS" starttime="20221113 22:48:29.234" endtime="20221113 22:48:29.541"/>
</kw>
<kw name="Close Browser" library="SeleniumLibrary">
<doc>Closes the current browser.</doc>
<status status="PASS" starttime="20221113 22:48:29.541" endtime="20221113 22:48:32.041"/>
</kw>
<status status="PASS" starttime="20221113 22:48:26.776" endtime="20221113 22:48:32.041"/>
</kw>
<status status="PASS" starttime="20221113 22:48:11.575" endtime="20221113 22:48:32.041"/>
</kw>
<kw name="Scenario Outline: Successful submission of contact form">
<arg>test3</arg>
<arg>test3@test.com</arg>
<arg>testmessage</arg>
<kw name="Given I am in Jupiter Toys Homepage" library="JupiterToysKeywords">
<kw name="Set Selenium Speed" library="SeleniumLibrary">
<arg>0.3 seconds</arg>
<doc>Sets the delay that is waited after each Selenium command.</doc>
<status status="PASS" starttime="20221113 22:48:32.041" endtime="20221113 22:48:32.041"/>
</kw>
<kw name="I open browser and navigate to URL" library="utils">
<arg>${url_jupiter}</arg>
<arg>${browser}</arg>
<kw name="Open Browser" library="SeleniumLibrary">
<arg>${url}</arg>
<arg>${browser}</arg>
<doc>Opens a new browser instance to the optional ``url``.</doc>
<msg timestamp="20221113 22:48:32.041" level="INFO">Opening browser 'chrome' to base url 'https://jupiter.cloud.planittesting.com/#'.</msg>
<status status="PASS" starttime="20221113 22:48:32.041" endtime="20221113 22:48:35.511"/>
</kw>
<status status="PASS" starttime="20221113 22:48:32.041" endtime="20221113 22:48:35.511"/>
</kw>
<kw name="Location Should Contain" library="SeleniumLibrary">
<arg>${url_jupiter}</arg>
<doc>Verifies that the current URL contains ``expected``.</doc>
<msg timestamp="20221113 22:48:35.817" level="INFO">Current location contains 'https://jupiter.cloud.planittesting.com/#'.</msg>
<status status="PASS" starttime="20221113 22:48:35.511" endtime="20221113 22:48:35.817"/>
</kw>
<kw name="Maximize Browser Window" library="SeleniumLibrary">
<doc>Maximizes current browser window.</doc>
<status status="PASS" starttime="20221113 22:48:35.817" endtime="20221113 22:48:36.257"/>
</kw>
<status status="PASS" starttime="20221113 22:48:32.041" endtime="20221113 22:48:36.257"/>
</kw>
<kw name="When I go to Contact page" library="JupiterToysKeywords">
<kw name="Wait For Element and Click" library="utils">
<arg>${btn_contact}</arg>
<kw name="Wait Until Element Is Visible" library="SeleniumLibrary">
<arg>${element}</arg>
<doc>Waits until the element ``locator`` is visible.</doc>
<status status="PASS" starttime="20221113 22:48:36.257" endtime="20221113 22:48:36.879"/>
</kw>
<kw name="Click Link" library="SeleniumLibrary">
<arg>${element}</arg>
<doc>Clicks a link identified by ``locator``.</doc>
<msg timestamp="20221113 22:48:36.879" level="INFO">Clicking link 'css:a[href="#/contact"]'.</msg>
<status status="PASS" starttime="20221113 22:48:36.879" endtime="20221113 22:48:37.821"/>
</kw>
<status status="PASS" starttime="20221113 22:48:36.257" endtime="20221113 22:48:37.821"/>
</kw>
<kw name="Location Should Contain" library="SeleniumLibrary">
<arg>${url_contact}</arg>
<doc>Verifies that the current URL contains ``expected``.</doc>
<msg timestamp="20221113 22:48:38.126" level="INFO">Current location contains 'https://jupiter.cloud.planittesting.com/#/contact'.</msg>
<status status="PASS" starttime="20221113 22:48:37.821" endtime="20221113 22:48:38.126"/>
</kw>
<kw name="Wait Until Page Contains Element" library="SeleniumLibrary">
<arg>${input_forename}</arg>
<doc>Waits until the element ``locator`` appears on the current page.</doc>
<status status="PASS" starttime="20221113 22:48:38.126" endtime="20221113 22:48:38.437"/>
</kw>
<kw name="Wait Until Page Contains Element" library="SeleniumLibrary">
<arg>${input_surname}</arg>
<doc>Waits until the element ``locator`` appears on the current page.</doc>
<status status="PASS" starttime="20221113 22:48:38.437" endtime="20221113 22:48:38.748"/>
</kw>
<kw name="Wait Until Page Contains Element" library="SeleniumLibrary">
<arg>${input_email}</arg>
<doc>Waits until the element ``locator`` appears on the current page.</doc>
<status status="PASS" starttime="20221113 22:48:38.748" endtime="20221113 22:48:39.058"/>
</kw>
<kw name="Wait Until Page Contains Element" library="SeleniumLibrary">
<arg>${input_telephone}</arg>
<doc>Waits until the element ``locator`` appears on the current page.</doc>
<status status="PASS" starttime="20221113 22:48:39.058" endtime="20221113 22:48:39.370"/>
</kw>
<kw name="Wait Until Page Contains Element" library="SeleniumLibrary">
<arg>${input_message}</arg>
<doc>Waits until the element ``locator`` appears on the current page.</doc>
<status status="PASS" starttime="20221113 22:48:39.370" endtime="20221113 22:48:39.681"/>
</kw>
<kw name="Wait Until Page Contains Element" library="SeleniumLibrary">
<arg>${btn_submit}</arg>
<doc>Waits until the element ``locator`` appears on the current page.</doc>
<status status="PASS" starttime="20221113 22:48:39.681" endtime="20221113 22:48:39.991"/>
</kw>
<status status="PASS" starttime="20221113 22:48:36.257" endtime="20221113 22:48:39.991"/>
</kw>
<kw name="And Input text" library="SeleniumLibrary">
<arg>${input_forename}</arg>
<arg>${forename}</arg>
<doc>Types the given ``text`` into the text field identified by ``locator``.</doc>
<msg timestamp="20221113 22:48:39.991" level="INFO">Typing text 'test3' into text field 'css:input#forename'.</msg>
<status status="PASS" starttime="20221113 22:48:39.991" endtime="20221113 22:48:40.981"/>
</kw>
<kw name="And Input text" library="SeleniumLibrary">
<arg>${input_email}</arg>
<arg>${email}</arg>
<doc>Types the given ``text`` into the text field identified by ``locator``.</doc>
<msg timestamp="20221113 22:48:40.981" level="INFO">Typing text 'test3@test.com' into text field 'css:input#email'.</msg>
<status status="PASS" starttime="20221113 22:48:40.981" endtime="20221113 22:48:41.996"/>
</kw>
<kw name="And Input Text" library="SeleniumLibrary">
<arg>${input_message}</arg>
<arg>${message}</arg>
<doc>Types the given ``text`` into the text field identified by ``locator``.</doc>
<msg timestamp="20221113 22:48:41.996" level="INFO">Typing text 'testmessage' into text field 'css:textarea#message'.</msg>
<status status="PASS" starttime="20221113 22:48:41.996" endtime="20221113 22:48:42.988"/>
</kw>
<kw name="And I click submit button" library="JupiterToysKeywords">
<kw name="Wait For Element and Click" library="utils">
<arg>${btn_submit}</arg>
<kw name="Wait Until Element Is Visible" library="SeleniumLibrary">
<arg>${element}</arg>
<doc>Waits until the element ``locator`` is visible.</doc>
<status status="PASS" starttime="20221113 22:48:42.988" endtime="20221113 22:48:43.608"/>
</kw>
<kw name="Click Link" library="SeleniumLibrary">
<arg>${element}</arg>
<doc>Clicks a link identified by ``locator``.</doc>
<msg timestamp="20221113 22:48:43.608" level="INFO">Clicking link 'css:a.btn-contact'.</msg>
<status status="PASS" starttime="20221113 22:48:43.608" endtime="20221113 22:48:44.561"/>
</kw>
<status status="PASS" starttime="20221113 22:48:42.988" endtime="20221113 22:48:44.561"/>
</kw>
<status status="PASS" starttime="20221113 22:48:42.988" endtime="20221113 22:48:44.561"/>
</kw>
<kw name="Then Error messages should not be displayed" library="JupiterToysKeywords">
<kw name="Page Should Not Contain" library="SeleniumLibrary">
<arg>${err_msg_forename}</arg>
<doc>Verifies the current page does not contain ``text``.</doc>
<msg timestamp="20221113 22:48:45.487" level="INFO">Current page does not contain text 'Forename is required'.</msg>
<status status="PASS" starttime="20221113 22:48:44.561" endtime="20221113 22:48:45.487"/>
</kw>
<kw name="Page Should Not Contain" library="SeleniumLibrary">
<arg>${err_msg_email}</arg>
<doc>Verifies the current page does not contain ``text``.</doc>
<msg timestamp="20221113 22:48:46.411" level="INFO">Current page does not contain text 'Email is required'.</msg>
<status status="PASS" starttime="20221113 22:48:45.487" endtime="20221113 22:48:46.411"/>
</kw>
<kw name="Page Should Not Contain" library="SeleniumLibrary">
<arg>${err_msg_message}</arg>
<doc>Verifies the current page does not contain ``text``.</doc>
<msg timestamp="20221113 22:48:47.335" level="INFO">Current page does not contain text 'Message is required'.</msg>
<status status="PASS" starttime="20221113 22:48:46.411" endtime="20221113 22:48:47.335"/>
</kw>
<status status="PASS" starttime="20221113 22:48:44.561" endtime="20221113 22:48:47.335"/>
</kw>
<kw name="And Success message should be displayed" library="JupiterToysKeywords">
<kw name="Wait Until Page Contains Element" library="SeleniumLibrary">
<arg>${modal_feedback}</arg>
<arg>20 seconds</arg>
<doc>Waits until the element ``locator`` appears on the current page.</doc>
<status status="PASS" starttime="20221113 22:48:47.335" endtime="20221113 22:48:47.648"/>
</kw>
<kw name="Wait Until Page Contains Element" library="SeleniumLibrary">
<arg>${contact_success_msg}</arg>
<arg>20 seconds</arg>
<doc>Waits until the element ``locator`` appears on the current page.</doc>
<status status="PASS" starttime="20221113 22:48:47.648" endtime="20221113 22:48:47.959"/>
</kw>
<kw name="Wait Until Page Contains" library="SeleniumLibrary">
<arg>${success_msg_contact}</arg>
<arg>20 seconds</arg>
<doc>Waits until ``text`` appears on the current page.</doc>
<status status="PASS" starttime="20221113 22:48:47.959" endtime="20221113 22:48:50.812"/>
</kw>
<kw name="Wait Until Page Contains" library="SeleniumLibrary">
<arg>${success_msg_contact}</arg>
<arg>20 seconds</arg>
<doc>Waits until ``text`` appears on the current page.</doc>
<status status="PASS" starttime="20221113 22:48:50.812" endtime="20221113 22:48:51.119"/>
</kw>
<kw name="Close Browser" library="SeleniumLibrary">
<doc>Closes the current browser.</doc>
<status status="PASS" starttime="20221113 22:48:51.119" endtime="20221113 22:48:53.514"/>
</kw>
<status status="PASS" starttime="20221113 22:48:47.335" endtime="20221113 22:48:53.514"/>
</kw>
<status status="PASS" starttime="20221113 22:48:32.041" endtime="20221113 22:48:53.514"/>
</kw>
<kw name="Scenario Outline: Successful submission of contact form">
<arg>test4</arg>
<arg>test4@test.com</arg>
<arg>testmessage</arg>
<kw name="Given I am in Jupiter Toys Homepage" library="JupiterToysKeywords">
<kw name="Set Selenium Speed" library="SeleniumLibrary">
<arg>0.3 seconds</arg>
<doc>Sets the delay that is waited after each Selenium command.</doc>
<status status="PASS" starttime="20221113 22:48:53.514" endtime="20221113 22:48:53.514"/>
</kw>
<kw name="I open browser and navigate to URL" library="utils">
<arg>${url_jupiter}</arg>
<arg>${browser}</arg>
<kw name="Open Browser" library="SeleniumLibrary">
<arg>${url}</arg>
<arg>${browser}</arg>
<doc>Opens a new browser instance to the optional ``url``.</doc>
<msg timestamp="20221113 22:48:53.514" level="INFO">Opening browser 'chrome' to base url 'https://jupiter.cloud.planittesting.com/#'.</msg>
<status status="PASS" starttime="20221113 22:48:53.514" endtime="20221113 22:48:56.988"/>
</kw>
<status status="PASS" starttime="20221113 22:48:53.514" endtime="20221113 22:48:56.988"/>
</kw>
<kw name="Location Should Contain" library="SeleniumLibrary">
<arg>${url_jupiter}</arg>
<doc>Verifies that the current URL contains ``expected``.</doc>
<msg timestamp="20221113 22:48:57.294" level="INFO">Current location contains 'https://jupiter.cloud.planittesting.com/#'.</msg>
<status status="PASS" starttime="20221113 22:48:56.988" endtime="20221113 22:48:57.294"/>
</kw>
<kw name="Maximize Browser Window" library="SeleniumLibrary">
<doc>Maximizes current browser window.</doc>
<status status="PASS" starttime="20221113 22:48:57.294" endtime="20221113 22:48:57.712"/>
</kw>
<status status="PASS" starttime="20221113 22:48:53.514" endtime="20221113 22:48:57.712"/>
</kw>
<kw name="When I go to Contact page" library="JupiterToysKeywords">
<kw name="Wait For Element and Click" library="utils">
<arg>${btn_contact}</arg>
<kw name="Wait Until Element Is Visible" library="SeleniumLibrary">
<arg>${element}</arg>
<doc>Waits until the element ``locator`` is visible.</doc>
<status status="PASS" starttime="20221113 22:48:57.712" endtime="20221113 22:48:58.334"/>
</kw>
<kw name="Click Link" library="SeleniumLibrary">
<arg>${element}</arg>
<doc>Clicks a link identified by ``locator``.</doc>
<msg timestamp="20221113 22:48:58.334" level="INFO">Clicking link 'css:a[href="#/contact"]'.</msg>
<status status="PASS" starttime="20221113 22:48:58.334" endtime="20221113 22:48:59.283"/>
</kw>
<status status="PASS" starttime="20221113 22:48:57.712" endtime="20221113 22:48:59.283"/>
</kw>
<kw name="Location Should Contain" library="SeleniumLibrary">
<arg>${url_contact}</arg>
<doc>Verifies that the current URL contains ``expected``.</doc>
<msg timestamp="20221113 22:48:59.588" level="INFO">Current location contains 'https://jupiter.cloud.planittesting.com/#/contact'.</msg>
<status status="PASS" starttime="20221113 22:48:59.283" endtime="20221113 22:48:59.588"/>
</kw>
<kw name="Wait Until Page Contains Element" library="SeleniumLibrary">
<arg>${input_forename}</arg>
<doc>Waits until the element ``locator`` appears on the current page.</doc>
<status status="PASS" starttime="20221113 22:48:59.588" endtime="20221113 22:48:59.899"/>
</kw>
<kw name="Wait Until Page Contains Element" library="SeleniumLibrary">
<arg>${input_surname}</arg>
<doc>Waits until the element ``locator`` appears on the current page.</doc>
<status status="PASS" starttime="20221113 22:48:59.899" endtime="20221113 22:49:00.210"/>
</kw>
<kw name="Wait Until Page Contains Element" library="SeleniumLibrary">
<arg>${input_email}</arg>
<doc>Waits until the element ``locator`` appears on the current page.</doc>
<status status="PASS" starttime="20221113 22:49:00.210" endtime="20221113 22:49:00.521"/>
</kw>
<kw name="Wait Until Page Contains Element" library="SeleniumLibrary">
<arg>${input_telephone}</arg>
<doc>Waits until the element ``locator`` appears on the current page.</doc>
<status status="PASS" starttime="20221113 22:49:00.521" endtime="20221113 22:49:00.833"/>
</kw>
<kw name="Wait Until Page Contains Element" library="SeleniumLibrary">
<arg>${input_message}</arg>
<doc>Waits until the element ``locator`` appears on the current page.</doc>
<status status="PASS" starttime="20221113 22:49:00.833" endtime="20221113 22:49:01.145"/>
</kw>
<kw name="Wait Until Page Contains Element" library="SeleniumLibrary">
<arg>${btn_submit}</arg>
<doc>Waits until the element ``locator`` appears on the current page.</doc>
<status status="PASS" starttime="20221113 22:49:01.145" endtime="20221113 22:49:01.456"/>
</kw>
<status status="PASS" starttime="20221113 22:48:57.712" endtime="20221113 22:49:01.456"/>
</kw>
<kw name="And Input text" library="SeleniumLibrary">
<arg>${input_forename}</arg>
<arg>${forename}</arg>
<doc>Types the given ``text`` into the text field identified by ``locator``.</doc>
<msg timestamp="20221113 22:49:01.456" level="INFO">Typing text 'test4' into text field 'css:input#forename'.</msg>
<status status="PASS" starttime="20221113 22:49:01.456" endtime="20221113 22:49:02.450"/>
</kw>
<kw name="And Input text" library="SeleniumLibrary">
<arg>${input_email}</arg>
<arg>${email}</arg>
<doc>Types the given ``text`` into the text field identified by ``locator``.</doc>
<msg timestamp="20221113 22:49:02.451" level="INFO">Typing text 'test4@test.com' into text field 'css:input#email'.</msg>
<status status="PASS" starttime="20221113 22:49:02.450" endtime="20221113 22:49:03.465"/>
</kw>
<kw name="And Input Text" library="SeleniumLibrary">
<arg>${input_message}</arg>
<arg>${message}</arg>
<doc>Types the given ``text`` into the text field identified by ``locator``.</doc>
<msg timestamp="20221113 22:49:03.466" level="INFO">Typing text 'testmessage' into text field 'css:textarea#message'.</msg>
<status status="PASS" starttime="20221113 22:49:03.465" endtime="20221113 22:49:04.459"/>
</kw>
<kw name="And I click submit button" library="JupiterToysKeywords">
<kw name="Wait For Element and Click" library="utils">
<arg>${btn_submit}</arg>
<kw name="Wait Until Element Is Visible" library="SeleniumLibrary">
<arg>${element}</arg>
<doc>Waits until the element ``locator`` is visible.</doc>
<status status="PASS" starttime="20221113 22:49:04.460" endtime="20221113 22:49:05.083"/>
</kw>
<kw name="Click Link" library="SeleniumLibrary">
<arg>${element}</arg>
<doc>Clicks a link identified by ``locator``.</doc>
<msg timestamp="20221113 22:49:05.083" level="INFO">Clicking link 'css:a.btn-contact'.</msg>
<status status="PASS" starttime="20221113 22:49:05.083" endtime="20221113 22:49:06.065"/>
</kw>
<status status="PASS" starttime="20221113 22:49:04.459" endtime="20221113 22:49:06.065"/>
</kw>
<status status="PASS" starttime="20221113 22:49:04.459" endtime="20221113 22:49:06.065"/>
</kw>
<kw name="Then Error messages should not be displayed" library="JupiterToysKeywords">
<kw name="Page Should Not Contain" library="SeleniumLibrary">
<arg>${err_msg_forename}</arg>
<doc>Verifies the current page does not contain ``text``.</doc>
<msg timestamp="20221113 22:49:06.994" level="INFO">Current page does not contain text 'Forename is required'.</msg>
<status status="PASS" starttime="20221113 22:49:06.065" endtime="20221113 22:49:06.994"/>
</kw>
<kw name="Page Should Not Contain" library="SeleniumLibrary">
<arg>${err_msg_email}</arg>
<doc>Verifies the current page does not contain ``text``.</doc>
<msg timestamp="20221113 22:49:07.916" level="INFO">Current page does not contain text 'Email is required'.</msg>
<status status="PASS" starttime="20221113 22:49:06.994" endtime="20221113 22:49:07.916"/>
</kw>
<kw name="Page Should Not Contain" library="SeleniumLibrary">
<arg>${err_msg_message}</arg>
<doc>Verifies the current page does not contain ``text``.</doc>
<msg timestamp="20221113 22:49:08.839" level="INFO">Current page does not contain text 'Message is required'.</msg>
<status status="PASS" starttime="20221113 22:49:07.916" endtime="20221113 22:49:08.839"/>
</kw>
<status status="PASS" starttime="20221113 22:49:06.065" endtime="20221113 22:49:08.839"/>
</kw>
<kw name="And Success message should be displayed" library="JupiterToysKeywords">
<kw name="Wait Until Page Contains Element" library="SeleniumLibrary">
<arg>${modal_feedback}</arg>
<arg>20 seconds</arg>
<doc>Waits until the element ``locator`` appears on the current page.</doc>
<status status="PASS" starttime="20221113 22:49:08.840" endtime="20221113 22:49:09.150"/>
</kw>
<kw name="Wait Until Page Contains Element" library="SeleniumLibrary">
<arg>${contact_success_msg}</arg>
<arg>20 seconds</arg>
<doc>Waits until the element ``locator`` appears on the current page.</doc>
<status status="PASS" starttime="20221113 22:49:09.150" endtime="20221113 22:49:09.460"/>
</kw>
<kw name="Wait Until Page Contains" library="SeleniumLibrary">
<arg>${success_msg_contact}</arg>
<arg>20 seconds</arg>
<doc>Waits until ``text`` appears on the current page.</doc>
<status status="PASS" starttime="20221113 22:49:09.460" endtime="20221113 22:49:09.770"/>
</kw>
<kw name="Wait Until Page Contains" library="SeleniumLibrary">
<arg>${success_msg_contact}</arg>
<arg>20 seconds</arg>
<doc>Waits until ``text`` appears on the current page.</doc>
<status status="PASS" starttime="20221113 22:49:09.770" endtime="20221113 22:49:10.079"/>
</kw>
<kw name="Close Browser" library="SeleniumLibrary">
<doc>Closes the current browser.</doc>
<status status="PASS" starttime="20221113 22:49:10.079" endtime="20221113 22:49:12.427"/>
</kw>
<status status="PASS" starttime="20221113 22:49:08.839" endtime="20221113 22:49:12.427"/>
</kw>
<status status="PASS" starttime="20221113 22:48:53.514" endtime="20221113 22:49:12.427"/>
</kw>
<kw name="Scenario Outline: Successful submission of contact form">
<arg>test5</arg>
<arg>test5@test.com</arg>
<arg>testmessage</arg>
<kw name="Given I am in Jupiter Toys Homepage" library="JupiterToysKeywords">
<kw name="Set Selenium Speed" library="SeleniumLibrary">
<arg>0.3 seconds</arg>
<doc>Sets the delay that is waited after each Selenium command.</doc>
<status status="PASS" starttime="20221113 22:49:12.427" endtime="20221113 22:49:12.427"/>
</kw>
<kw name="I open browser and navigate to URL" library="utils">
<arg>${url_jupiter}</arg>
<arg>${browser}</arg>
<kw name="Open Browser" library="SeleniumLibrary">
<arg>${url}</arg>
<arg>${browser}</arg>
<doc>Opens a new browser instance to the optional ``url``.</doc>
<msg timestamp="20221113 22:49:12.427" level="INFO">Opening browser 'chrome' to base url 'https://jupiter.cloud.planittesting.com/#'.</msg>
<status status="PASS" starttime="20221113 22:49:12.427" endtime="20221113 22:49:15.839"/>
</kw>
<status status="PASS" starttime="20221113 22:49:12.427" endtime="20221113 22:49:15.839"/>
</kw>
<kw name="Location Should Contain" library="SeleniumLibrary">
<arg>${url_jupiter}</arg>
<doc>Verifies that the current URL contains ``expected``.</doc>
<msg timestamp="20221113 22:49:16.145" level="INFO">Current location contains 'https://jupiter.cloud.planittesting.com/#'.</msg>
<status status="PASS" starttime="20221113 22:49:15.839" endtime="20221113 22:49:16.145"/>
</kw>
<kw name="Maximize Browser Window" library="SeleniumLibrary">
<doc>Maximizes current browser window.</doc>
<status status="PASS" starttime="20221113 22:49:16.145" endtime="20221113 22:49:16.566"/>
</kw>
<status status="PASS" starttime="20221113 22:49:12.427" endtime="20221113 22:49:16.566"/>
</kw>
<kw name="When I go to Contact page" library="JupiterToysKeywords">
<kw name="Wait For Element and Click" library="utils">
<arg>${btn_contact}</arg>
<kw name="Wait Until Element Is Visible" library="SeleniumLibrary">
<arg>${element}</arg>
<doc>Waits until the element ``locator`` is visible.</doc>
<status status="PASS" starttime="20221113 22:49:16.566" endtime="20221113 22:49:17.191"/>
</kw>
<kw name="Click Link" library="SeleniumLibrary">
<arg>${element}</arg>
<doc>Clicks a link identified by ``locator``.</doc>
<msg timestamp="20221113 22:49:17.191" level="INFO">Clicking link 'css:a[href="#/contact"]'.</msg>
<status status="PASS" starttime="20221113 22:49:17.191" endtime="20221113 22:49:18.161"/>
</kw>
<status status="PASS" starttime="20221113 22:49:16.566" endtime="20221113 22:49:18.161"/>
</kw>
<kw name="Location Should Contain" library="SeleniumLibrary">
<arg>${url_contact}</arg>
<doc>Verifies that the current URL contains ``expected``.</doc>
<msg timestamp="20221113 22:49:18.467" level="INFO">Current location contains 'https://jupiter.cloud.planittesting.com/#/contact'.</msg>
<status status="PASS" starttime="20221113 22:49:18.161" endtime="20221113 22:49:18.467"/>
</kw>
<kw name="Wait Until Page Contains Element" library="SeleniumLibrary">
<arg>${input_forename}</arg>
<doc>Waits until the element ``locator`` appears on the current page.</doc>
<status status="PASS" starttime="20221113 22:49:18.467" endtime="20221113 22:49:18.780"/>
</kw>
<kw name="Wait Until Page Contains Element" library="SeleniumLibrary">
<arg>${input_surname}</arg>
<doc>Waits until the element ``locator`` appears on the current page.</doc>
<status status="PASS" starttime="20221113 22:49:18.780" endtime="20221113 22:49:19.093"/>
</kw>
<kw name="Wait Until Page Contains Element" library="SeleniumLibrary">
<arg>${input_email}</arg>
<doc>Waits until the element ``locator`` appears on the current page.</doc>
<status status="PASS" starttime="20221113 22:49:19.093" endtime="20221113 22:49:19.405"/>
</kw>
<kw name="Wait Until Page Contains Element" library="SeleniumLibrary">
<arg>${input_telephone}</arg>
<doc>Waits until the element ``locator`` appears on the current page.</doc>
<status status="PASS" starttime="20221113 22:49:19.405" endtime="20221113 22:49:19.717"/>
</kw>
<kw name="Wait Until Page Contains Element" library="SeleniumLibrary">
<arg>${input_message}</arg>
<doc>Waits until the element ``locator`` appears on the current page.</doc>
<status status="PASS" starttime="20221113 22:49:19.717" endtime="20221113 22:49:20.029"/>
</kw>
<kw name="Wait Until Page Contains Element" library="SeleniumLibrary">
<arg>${btn_submit}</arg>
<doc>Waits until the element ``locator`` appears on the current page.</doc>
<status status="PASS" starttime="20221113 22:49:20.029" endtime="20221113 22:49:20.341"/>
</kw>
<status status="PASS" starttime="20221113 22:49:16.566" endtime="20221113 22:49:20.341"/>
</kw>
<kw name="And Input text" library="SeleniumLibrary">
<arg>${input_forename}</arg>
<arg>${forename}</arg>
<doc>Types the given ``text`` into the text field identified by ``locator``.</doc>
<msg timestamp="20221113 22:49:20.341" level="INFO">Typing text 'test5' into text field 'css:input#forename'.</msg>
<status status="PASS" starttime="20221113 22:49:20.341" endtime="20221113 22:49:21.327"/>
</kw>
<kw name="And Input text" library="SeleniumLibrary">
<arg>${input_email}</arg>
<arg>${email}</arg>
<doc>Types the given ``text`` into the text field identified by ``locator``.</doc>
<msg timestamp="20221113 22:49:21.327" level="INFO">Typing text 'test5@test.com' into text field 'css:input#email'.</msg>
<status status="PASS" starttime="20221113 22:49:21.327" endtime="20221113 22:49:22.323"/>
</kw>
<kw name="And Input Text" library="SeleniumLibrary">
<arg>${input_message}</arg>
<arg>${message}</arg>
<doc>Types the given ``text`` into the text field identified by ``locator``.</doc>
<msg timestamp="20221113 22:49:22.323" level="INFO">Typing text 'testmessage' into text field 'css:textarea#message'.</msg>
<status status="PASS" starttime="20221113 22:49:22.323" endtime="20221113 22:49:23.316"/>
</kw>
<kw name="And I click submit button" library="JupiterToysKeywords">
<kw name="Wait For Element and Click" library="utils">
<arg>${btn_submit}</arg>
<kw name="Wait Until Element Is Visible" library="SeleniumLibrary">
<arg>${element}</arg>
<doc>Waits until the element ``locator`` is visible.</doc>
<status status="PASS" starttime="20221113 22:49:23.316" endtime="20221113 22:49:23.938"/>
</kw>
<kw name="Click Link" library="SeleniumLibrary">
<arg>${element}</arg>
<doc>Clicks a link identified by ``locator``.</doc>
<msg timestamp="20221113 22:49:23.938" level="INFO">Clicking link 'css:a.btn-contact'.</msg>
<status status="PASS" starttime="20221113 22:49:23.938" endtime="20221113 22:49:24.899"/>
</kw>
<status status="PASS" starttime="20221113 22:49:23.316" endtime="20221113 22:49:24.899"/>
</kw>
<status status="PASS" starttime="20221113 22:49:23.316" endtime="20221113 22:49:24.899"/>
</kw>
<kw name="Then Error messages should not be displayed" library="JupiterToysKeywords">
<kw name="Page Should Not Contain" library="SeleniumLibrary">
<arg>${err_msg_forename}</arg>
<doc>Verifies the current page does not contain ``text``.</doc>
<msg timestamp="20221113 22:49:25.825" level="INFO">Current page does not contain text 'Forename is required'.</msg>
<status status="PASS" starttime="20221113 22:49:24.899" endtime="20221113 22:49:25.825"/>
</kw>
<kw name="Page Should Not Contain" library="SeleniumLibrary">
<arg>${err_msg_email}</arg>
<doc>Verifies the current page does not contain ``text``.</doc>
<msg timestamp="20221113 22:49:26.746" level="INFO">Current page does not contain text 'Email is required'.</msg>
<status status="PASS" starttime="20221113 22:49:25.825" endtime="20221113 22:49:26.746"/>
</kw>
<kw name="Page Should Not Contain" library="SeleniumLibrary">
<arg>${err_msg_message}</arg>
<doc>Verifies the current page does not contain ``text``.</doc>
<msg timestamp="20221113 22:49:27.667" level="INFO">Current page does not contain text 'Message is required'.</msg>
<status status="PASS" starttime="20221113 22:49:26.746" endtime="20221113 22:49:27.667"/>
</kw>
<status status="PASS" starttime="20221113 22:49:24.899" endtime="20221113 22:49:27.667"/>
</kw>
<kw name="And Success message should be displayed" library="JupiterToysKeywords">
<kw name="Wait Until Page Contains Element" library="SeleniumLibrary">
<arg>${modal_feedback}</arg>
<arg>20 seconds</arg>
<doc>Waits until the element ``locator`` appears on the current page.</doc>
<status status="PASS" starttime="20221113 22:49:27.667" endtime="20221113 22:49:27.980"/>
</kw>
<kw name="Wait Until Page Contains Element" library="SeleniumLibrary">
<arg>${contact_success_msg}</arg>
<arg>20 seconds</arg>
<doc>Waits until the element ``locator`` appears on the current page.</doc>
<status status="PASS" starttime="20221113 22:49:27.981" endtime="20221113 22:49:28.306"/>
</kw>
<kw name="Wait Until Page Contains" library="SeleniumLibrary">
<arg>${success_msg_contact}</arg>
<arg>20 seconds</arg>
<doc>Waits until ``text`` appears on the current page.</doc>
<status status="PASS" starttime="20221113 22:49:28.307" endtime="20221113 22:49:28.623"/>
</kw>
<kw name="Wait Until Page Contains" library="SeleniumLibrary">
<arg>${success_msg_contact}</arg>
<arg>20 seconds</arg>
<doc>Waits until ``text`` appears on the current page.</doc>
<status status="PASS" starttime="20221113 22:49:28.623" endtime="20221113 22:49:28.948"/>
</kw>
<kw name="Close Browser" library="SeleniumLibrary">
<doc>Closes the current browser.</doc>
<status status="PASS" starttime="20221113 22:49:28.948" endtime="20221113 22:49:31.626"/>
</kw>
<status status="PASS" starttime="20221113 22:49:27.667" endtime="20221113 22:49:31.626"/>
</kw>
<status status="PASS" starttime="20221113 22:49:12.427" endtime="20221113 22:49:31.626"/>
</kw>
<tag>Regression</tag>
<status status="PASS" starttime="20221113 22:47:52.736" endtime="20221113 22:49:31.627"/>
</test>
<status status="PASS" starttime="20221113 22:47:52.736" endtime="20221113 22:49:31.629"/>
</suite>
<suite id="s1-s1-s3" name="TC3" source="C:\Users\Karla\PycharmProjects\Planit-Karla\tests\TC3.robot">
<test id="s1-s1-s3-t1" name="Scenario: Verify Cart Computations" line="11">
<kw name="Given I am in Jupiter Toys Homepage" library="JupiterToysKeywords">
<kw name="Set Selenium Speed" library="SeleniumLibrary">
<arg>0.3 seconds</arg>
<doc>Sets the delay that is waited after each Selenium command.</doc>
<status status="PASS" starttime="20221113 22:49:31.640" endtime="20221113 22:49:31.640"/>
</kw>
<kw name="I open browser and navigate to URL" library="utils">
<arg>${url_jupiter}</arg>
<arg>${browser}</arg>
<kw name="Open Browser" library="SeleniumLibrary">
<arg>${url}</arg>
<arg>${browser}</arg>
<doc>Opens a new browser instance to the optional ``url``.</doc>
<msg timestamp="20221113 22:49:31.641" level="INFO">Opening browser 'chrome' to base url 'https://jupiter.cloud.planittesting.com/#'.</msg>
<status status="PASS" starttime="20221113 22:49:31.641" endtime="20221113 22:49:35.586"/>
</kw>
<status status="PASS" starttime="20221113 22:49:31.640" endtime="20221113 22:49:35.586"/>
</kw>
<kw name="Location Should Contain" library="SeleniumLibrary">
<arg>${url_jupiter}</arg>
<doc>Verifies that the current URL contains ``expected``.</doc>
<msg timestamp="20221113 22:49:35.894" level="INFO">Current location contains 'https://jupiter.cloud.planittesting.com/#'.</msg>
<status status="PASS" starttime="20221113 22:49:35.586" endtime="20221113 22:49:35.894"/>
</kw>
<kw name="Maximize Browser Window" library="SeleniumLibrary">
<doc>Maximizes current browser window.</doc>
<status status="PASS" starttime="20221113 22:49:35.894" endtime="20221113 22:49:36.316"/>
</kw>
<status status="PASS" starttime="20221113 22:49:31.640" endtime="20221113 22:49:36.316"/>
</kw>
<kw name="When I go to Shop page" library="JupiterToysKeywords">
<kw name="Wait For Element and Click" library="utils">
<arg>${btn_shop}</arg>
<kw name="Wait Until Element Is Visible" library="SeleniumLibrary">
<arg>${element}</arg>
<doc>Waits until the element ``locator`` is visible.</doc>
<status status="PASS" starttime="20221113 22:49:36.316" endtime="20221113 22:49:36.950"/>
</kw>
<kw name="Click Link" library="SeleniumLibrary">
<arg>${element}</arg>
<doc>Clicks a link identified by ``locator``.</doc>
<msg timestamp="20221113 22:49:36.950" level="INFO">Clicking link 'css:a[href="#/shop"]'.</msg>
<status status="PASS" starttime="20221113 22:49:36.950" endtime="20221113 22:49:38.219"/>
</kw>
<status status="PASS" starttime="20221113 22:49:36.316" endtime="20221113 22:49:38.219"/>
</kw>
<kw name="Location Should Contain" library="SeleniumLibrary">
<arg>${url_shop}</arg>
<doc>Verifies that the current URL contains ``expected``.</doc>
<msg timestamp="20221113 22:49:38.527" level="INFO">Current location contains 'https://jupiter.cloud.planittesting.com/#/shop'.</msg>
<status status="PASS" starttime="20221113 22:49:38.220" endtime="20221113 22:49:38.527"/>
</kw>
<kw name="Wait Until Element Is Visible" library="SeleniumLibrary">
<arg>${lbl_frog_price}</arg>
<doc>Waits until the element ``locator`` is visible.</doc>
<status status="PASS" starttime="20221113 22:49:38.527" endtime="20221113 22:49:39.162"/>
</kw>
<kw name="Wait Until Element Is Visible" library="SeleniumLibrary">
<arg>${lbl_bunny_price}</arg>
<doc>Waits until the element ``locator`` is visible.</doc>
<status status="PASS" starttime="20221113 22:49:39.162" endtime="20221113 22:49:39.791"/>
</kw>
<kw name="Wait Until Element Is Visible" library="SeleniumLibrary">
<arg>${lbl_vbear_price}</arg>
<doc>Waits until the element ``locator`` is visible.</doc>
<status status="PASS" starttime="20221113 22:49:39.791" endtime="20221113 22:49:40.418"/>
</kw>
<status status="PASS" starttime="20221113 22:49:36.316" endtime="20221113 22:49:40.418"/>
</kw>
<kw name="And I get the product price on Shop page" library="JupiterToysKeywords">
<kw name="Get Text" library="SeleniumLibrary">
<var>${shop_frog_price}</var>
<arg>${lbl_frog_price}</arg>
<doc>Returns the text value of the element identified by ``locator``.</doc>
<msg timestamp="20221113 22:49:41.041" level="INFO">${shop_frog_price} = $10.99</msg>
<status status="PASS" starttime="20221113 22:49:40.418" endtime="20221113 22:49:41.041"/>
</kw>
<kw name="Get Price String As Integer" library="utils">
<var>${actual_frog_price}</var>
<arg>${shop_frog_price}</arg>
<kw name="Remove String" library="String">
<var>${price}</var>
<arg>${price}</arg>
<arg>$</arg>
<arg>,</arg>
<doc>Removes all ``removables`` from the given ``string``.</doc>
<msg timestamp="20221113 22:49:41.041" level="INFO">${price} = 10.99</msg>
<status status="PASS" starttime="20221113 22:49:41.041" endtime="20221113 22:49:41.041"/>
</kw>
<kw name="Convert To Number" library="BuiltIn">
<var>${value}</var>
<arg>${price}</arg>
<doc>Converts the given item to a floating point number.</doc>
<msg timestamp="20221113 22:49:41.041" level="INFO">${value} = 10.99</msg>
<status status="PASS" starttime="20221113 22:49:41.041" endtime="20221113 22:49:41.041"/>
</kw>
<msg timestamp="20221113 22:49:41.041" level="INFO">${actual_frog_price} = 10.99</msg>
<status status="PASS" starttime="20221113 22:49:41.041" endtime="20221113 22:49:41.041"/>
</kw>
<kw name="Set Global Variable" library="BuiltIn">
<arg>${actual_frog_price}</arg>
<doc>Makes a variable available globally in all tests and suites.</doc>
<msg timestamp="20221113 22:49:41.041" level="INFO">${actual_frog_price} = 10.99</msg>
<status status="PASS" starttime="20221113 22:49:41.041" endtime="20221113 22:49:41.041"/>
</kw>
<kw name="Get Text" library="SeleniumLibrary">
<var>${shop_bunny_price}</var>
<arg>${lbl_bunny_price}</arg>
<doc>Returns the text value of the element identified by ``locator``.</doc>
<msg timestamp="20221113 22:49:41.666" level="INFO">${shop_bunny_price} = $9.99</msg>
<status status="PASS" starttime="20221113 22:49:41.041" endtime="20221113 22:49:41.666"/>
</kw>
<kw name="Get Price String As Integer" library="utils">
<var>${actual_bunny_price}</var>
<arg>${shop_bunny_price}</arg>
<kw name="Remove String" library="String">
<var>${price}</var>
<arg>${price}</arg>
<arg>$</arg>
<arg>,</arg>
<doc>Removes all ``removables`` from the given ``string``.</doc>
<msg timestamp="20221113 22:49:41.667" level="INFO">${price} = 9.99</msg>
<status status="PASS" starttime="20221113 22:49:41.666" endtime="20221113 22:49:41.667"/>
</kw>
<kw name="Convert To Number" library="BuiltIn">
<var>${value}</var>
<arg>${price}</arg>
<doc>Converts the given item to a floating point number.</doc>
<msg timestamp="20221113 22:49:41.667" level="INFO">${value} = 9.99</msg>
<status status="PASS" starttime="20221113 22:49:41.667" endtime="20221113 22:49:41.667"/>
</kw>
<msg timestamp="20221113 22:49:41.667" level="INFO">${actual_bunny_price} = 9.99</msg>
<status status="PASS" starttime="20221113 22:49:41.666" endtime="20221113 22:49:41.667"/>
</kw>
<kw name="Set Global Variable" library="BuiltIn">
<arg>${actual_bunny_price}</arg>
<doc>Makes a variable available globally in all tests and suites.</doc>
<msg timestamp="20221113 22:49:41.667" level="INFO">${actual_bunny_price} = 9.99</msg>
<status status="PASS" starttime="20221113 22:49:41.667" endtime="20221113 22:49:41.667"/>
</kw>
<kw name="Get Text" library="SeleniumLibrary">
<var>${shop_vbear_price}</var>
<arg>${lbl_vbear_price}</arg>
<doc>Returns the text value of the element identified by ``locator``.</doc>
<msg timestamp="20221113 22:49:42.294" level="INFO">${shop_vbear_price} = $14.99</msg>
<status status="PASS" starttime="20221113 22:49:41.668" endtime="20221113 22:49:42.294"/>
</kw>
<kw name="Get Price String As Integer" library="utils">
<var>${actual_vbear_price}</var>
<arg>${shop_vbear_price}</arg>
<kw name="Remove String" library="String">
<var>${price}</var>
<arg>${price}</arg>
<arg>$</arg>
<arg>,</arg>
<doc>Removes all ``removables`` from the given ``string``.</doc>
<msg timestamp="20221113 22:49:42.294" level="INFO">${price} = 14.99</msg>
<status status="PASS" starttime="20221113 22:49:42.294" endtime="20221113 22:49:42.295"/>
</kw>
<kw name="Convert To Number" library="BuiltIn">
<var>${value}</var>
<arg>${price}</arg>
<doc>Converts the given item to a floating point number.</doc>
<msg timestamp="20221113 22:49:42.295" level="INFO">${value} = 14.99</msg>
<status status="PASS" starttime="20221113 22:49:42.295" endtime="20221113 22:49:42.295"/>
</kw>
<msg timestamp="20221113 22:49:42.295" level="INFO">${actual_vbear_price} = 14.99</msg>
<status status="PASS" starttime="20221113 22:49:42.294" endtime="20221113 22:49:42.295"/>
</kw>
<kw name="Set Global Variable" library="BuiltIn">
<arg>${actual_vbear_price}</arg>
<doc>Makes a variable available globally in all tests and suites.</doc>
<msg timestamp="20221113 22:49:42.295" level="INFO">${actual_vbear_price} = 14.99</msg>
<status status="PASS" starttime="20221113 22:49:42.295" endtime="20221113 22:49:42.295"/>
</kw>
<status status="PASS" starttime="20221113 22:49:40.418" endtime="20221113 22:49:42.296"/>
</kw>
<kw name="And I buy 2 stuffed Frog, 5 Fluffy Bunny and 3 Valentine Bear" library="JupiterToysKeywords">
<kw name="Wait Until Element Is Visible" library="SeleniumLibrary">
<arg>${btn_frog_buy}</arg>
<doc>Waits until the element ``locator`` is visible.</doc>
<status status="PASS" starttime="20221113 22:49:42.296" endtime="20221113 22:49:42.921"/>
</kw>
<kw name="Get Text" library="SeleniumLibrary">
<arg>${lbl_frog_price}</arg>
<doc>Returns the text value of the element identified by ``locator``.</doc>
<status status="PASS" starttime="20221113 22:49:42.921" endtime="20221113 22:49:43.542"/>
</kw>
<kw name="Wait Until Element Is Visible" library="SeleniumLibrary">
<arg>${btn_bunny_buy}</arg>
<doc>Waits until the element ``locator`` is visible.</doc>
<status status="PASS" starttime="20221113 22:49:43.542" endtime="20221113 22:49:44.167"/>
</kw>
<kw name="Wait Until Element Is Visible" library="SeleniumLibrary">
<arg>${btn_vbear_buy}</arg>
<doc>Waits until the element ``locator`` is visible.</doc>
<status status="PASS" starttime="20221113 22:49:44.167" endtime="20221113 22:49:44.796"/>
</kw>
<kw name="Click Element Multiple times and Verify Cart Total Count" library="utils">
<var>${cart_count}</var>
<arg>${btn_frog_buy}</arg>
<arg>${frogs}</arg>
<arg>${cart_ctr}</arg>
<arg>${cart_count}</arg>
<while condition="${ctr} &lt; ${number_of clicks}">
<iter>
<kw name="Click Element" library="SeleniumLibrary">
<arg>${element}</arg>
<doc>Click the element identified by ``locator``.</doc>
<msg timestamp="20221113 22:49:44.798" level="INFO">Clicking element 'xpath://li[@id='product-2']//a[@class='btn btn-success']'.</msg>
<status status="PASS" starttime="20221113 22:49:44.797" endtime="20221113 22:49:45.462"/>
</kw>
<kw name="Evaluate" library="BuiltIn">
<var>${ctr}</var>
<arg>${ctr} + 1</arg>
<doc>Evaluates the given expression in Python and returns the result.</doc>
<msg timestamp="20221113 22:49:45.463" level="INFO">${ctr} = 1</msg>
<status status="PASS" starttime="20221113 22:49:45.463" endtime="20221113 22:49:45.463"/>
</kw>
<status status="PASS" starttime="20221113 22:49:44.797" endtime="20221113 22:49:45.464"/>
</iter>
<iter>
<kw name="Click Element" library="SeleniumLibrary">
<arg>${element}</arg>
<doc>Click the element identified by ``locator``.</doc>
<msg timestamp="20221113 22:49:45.465" level="INFO">Clicking element 'xpath://li[@id='product-2']//a[@class='btn btn-success']'.</msg>
<status status="PASS" starttime="20221113 22:49:45.464" endtime="20221113 22:49:46.122"/>
</kw>
<kw name="Evaluate" library="BuiltIn">
<var>${ctr}</var>
<arg>${ctr} + 1</arg>
<doc>Evaluates the given expression in Python and returns the result.</doc>
<msg timestamp="20221113 22:49:46.123" level="INFO">${ctr} = 2</msg>
<status status="PASS" starttime="20221113 22:49:46.122" endtime="20221113 22:49:46.123"/>
</kw>
<status status="PASS" starttime="20221113 22:49:45.464" endtime="20221113 22:49:46.123"/>
</iter>
<status status="PASS" starttime="20221113 22:49:44.796" endtime="20221113 22:49:46.123"/>
</while>
<kw name="Evaluate" library="BuiltIn">
<var>${total_count}</var>
<arg>${total_count} + ${number_of_clicks}</arg>
<doc>Evaluates the given expression in Python and returns the result.</doc>
<msg timestamp="20221113 22:49:46.124" level="INFO">${total_count} = 2</msg>
<status status="PASS" starttime="20221113 22:49:46.124" endtime="20221113 22:49:46.124"/>
</kw>
<kw name="Element Text Should Be" library="SeleniumLibrary">
<arg>${element_ctr}</arg>
<arg>${total_count}</arg>
<doc>Verifies that element ``locator`` contains exact the text ``expected``.</doc>
<msg timestamp="20221113 22:49:46.126" level="INFO">Verifying element 'css:span.cart-count' contains exact text '2'.</msg>
<status status="PASS" starttime="20221113 22:49:46.125" endtime="20221113 22:49:46.762"/>
</kw>
<msg timestamp="20221113 22:49:46.762" level="INFO">${cart_count} = 2</msg>
<status status="PASS" starttime="20221113 22:49:44.796" endtime="20221113 22:49:46.762"/>
</kw>
<kw name="Click Element Multiple times and Verify Cart Total Count" library="utils">
<var>${cart_count}</var>
<arg>${btn_bunny_buy}</arg>
<arg>${bunnies}</arg>
<arg>${cart_ctr}</arg>
<arg>${cart_count}</arg>
<while condition="${ctr} &lt; ${number_of clicks}">
<iter>
<kw name="Click Element" library="SeleniumLibrary">
<arg>${element}</arg>
<doc>Click the element identified by ``locator``.</doc>
<msg timestamp="20221113 22:49:46.763" level="INFO">Clicking element 'xpath://li[@id='product-4']//a[@class='btn btn-success']'.</msg>
<status status="PASS" starttime="20221113 22:49:46.763" endtime="20221113 22:49:47.400"/>
</kw>
<kw name="Evaluate" library="BuiltIn">
<var>${ctr}</var>
<arg>${ctr} + 1</arg>
<doc>Evaluates the given expression in Python and returns the result.</doc>
<msg timestamp="20221113 22:49:47.400" level="INFO">${ctr} = 1</msg>
<status status="PASS" starttime="20221113 22:49:47.400" endtime="20221113 22:49:47.400"/>
</kw>
[...]
</kw>
<kw name="Click Element Multiple times and Verify Cart Total Count" library="utils">
<arg>${btn_vbear_buy}</arg>
<arg>${vbears}</arg>
<arg>${cart_ctr}</arg>
<arg>${cart_count}</arg>
<while condition="${ctr} &lt; ${number_of clicks}">
<iter>
<kw name="Click Element" library="SeleniumLibrary">
<arg>${element}</arg>
<doc>Click the element identified by ``locator``.</doc>
<msg timestamp="20221113 22:49:50.548" level="INFO">Clicking element 'xpath://li[@id='product-7']//a[@class='btn btn-success']'.</msg>
<status status="PASS" starttime="20221113 22:49:50.548" endtime="20221113 22:49:51.194"/>
</kw>
<kw name="Evaluate" library="BuiltIn">
<var>${ctr}</var>
<arg>${ctr} + 1</arg>
<doc>Evaluates the given expression in Python and returns the result.</doc>
<msg timestamp="20221113 22:49:51.195" level="INFO">${ctr} = 1</msg>
<status status="PASS" starttime="20221113 22:49:51.194" endtime="20221113 22:49:51.195"/>
</kw>
<status status="PASS" starttime="20221113 22:49:50.548" endtime="20221113 22:49:51.195"/>
</iter>
<iter>
<kw name="Click Element" library="SeleniumLibrary">
<arg>${element}</arg>
<doc>Click the element identified by ``locator``.</doc>
<msg timestamp="20221113 22:49:51.196" level="INFO">Clicking element 'xpath://li[@id='product-7']//a[@class='btn btn-success']'.</msg>
<status status="PASS" starttime="20221113 22:49:51.196" endtime="20221113 22:49:51.841"/>
</kw>
<kw name="Evaluate" library="BuiltIn">
<var>${ctr}</var>
<arg>${ctr} + 1</arg>
<doc>Evaluates the given expression in Python and returns the result.</doc>
<msg timestamp="20221113 22:49:51.842" level="INFO">${ctr} = 2</msg>
<status status="PASS" starttime="20221113 22:49:51.841" endtime="20221113 22:49:51.842"/>
</kw>
<status status="PASS" starttime="20221113 22:49:51.195" endtime="20221113 22:49:51.842"/>
</iter>
<iter>
<kw name="Click Element" library="SeleniumLibrary">
<arg>${element}</arg>
<doc>Click the element identified by ``locator``.</doc>
<msg timestamp="20221113 22:49:51.844" level="INFO">Clicking element 'xpath://li[@id='product-7']//a[@class='btn btn-success']'.</msg>
<status status="PASS" starttime="20221113 22:49:51.843" endtime="20221113 22:49:52.511"/>
</kw>
<kw name="Evaluate" library="BuiltIn">
<var>${ctr}</var>
<arg>${ctr} + 1</arg>
<doc>Evaluates the given expression in Python and returns the result.</doc>
<msg timestamp="20221113 22:49:52.512" level="INFO">${ctr} = 3</msg>
<status status="PASS" starttime="20221113 22:49:52.511" endtime="20221113 22:49:52.512"/>
</kw>
<status status="PASS" starttime="20221113 22:49:51.842" endtime="20221113 22:49:52.512"/>
</iter>
<status status="PASS" starttime="20221113 22:49:50.548" endtime="20221113 22:49:52.512"/>
</while>
<kw name="Evaluate" library="BuiltIn">
<var>${total_count}</var>
<arg>${total_count} + ${number_of_clicks}</arg>
<doc>Evaluates the given expression in Python and returns the result.</doc>
<msg timestamp="20221113 22:49:52.513" level="INFO">${total_count} = 10</msg>
<status status="PASS" starttime="20221113 22:49:52.512" endtime="20221113 22:49:52.513"/>
</kw>
<kw name="Element Text Should Be" library="SeleniumLibrary">
<arg>${element_ctr}</arg>
<arg>${total_count}</arg>
<doc>Verifies that element ``locator`` contains exact the text ``expected``.</doc>
<msg timestamp="20221113 22:49:52.515" level="INFO">Verifying element 'css:span.cart-count' contains exact text '10'.</msg>
<status status="PASS" starttime="20221113 22:49:52.513" endtime="20221113 22:49:53.137"/>
</kw>
<status status="PASS" starttime="20221113 22:49:50.547" endtime="20221113 22:49:53.137"/>
</kw>
<status status="PASS" starttime="20221113 22:49:42.296" endtime="20221113 22:49:53.137"/>
</kw>
<kw name="And I go to Cart Page" library="JupiterToysKeywords">
<kw name="Wait For Element and Click" library="utils">
<arg>${btn_cart}</arg>
<kw name="Wait Until Element Is Visible" library="SeleniumLibrary">
<arg>${element}</arg>
<doc>Waits until the element ``locator`` is visible.</doc>
<status status="PASS" starttime="20221113 22:49:53.139" endtime="20221113 22:49:53.776"/>
</kw>
<kw name="Click Link" library="SeleniumLibrary">
<arg>${element}</arg>
<doc>Clicks a link identified by ``locator``.</doc>
<msg timestamp="20221113 22:49:53.776" level="INFO">Clicking link 'css:a[href="#/cart"]'.</msg>
<status status="PASS" starttime="20221113 22:49:53.776" endtime="20221113 22:49:54.737"/>
</kw>
<status status="PASS" starttime="20221113 22:49:53.139" endtime="20221113 22:49:54.738"/>
</kw>
<kw name="Location Should Contain" library="SeleniumLibrary">
<arg>${url_cart}</arg>
<doc>Verifies that the current URL contains ``expected``.</doc>
<msg timestamp="20221113 22:49:55.044" level="INFO">Current location contains 'https://jupiter.cloud.planittesting.com/#/cart'.</msg>
<status status="PASS" starttime="20221113 22:49:54.738" endtime="20221113 22:49:55.044"/>
</kw>
<kw name="Wait Until Element Is Visible" library="SeleniumLibrary">
<arg>${btn_checkout}</arg>
<doc>Waits until the element ``locator`` is visible.</doc>
<status status="PASS" starttime="20221113 22:49:55.044" endtime="20221113 22:49:55.668"/>
</kw>
<kw name="Wait Until Element Is Visible" library="SeleniumLibrary">
<arg>${btn_empty_cart}</arg>
<doc>Waits until the element ``locator`` is visible.</doc>
<status status="PASS" starttime="20221113 22:49:55.668" endtime="20221113 22:49:56.289"/>
</kw>
<kw name="Element Should Be Visible" library="SeleniumLibrary">
<arg>${btn_checkout}</arg>
<doc>Verifies that the element identified by ``locator`` is visible.</doc>
<msg timestamp="20221113 22:49:56.910" level="INFO">Element 'css:a.btn-checkout' is displayed.</msg>
<status status="PASS" starttime="20221113 22:49:56.289" endtime="20221113 22:49:56.910"/>
</kw>
<kw name="Element Should Be Visible" library="SeleniumLibrary">
<arg>${btn_empty_cart}</arg>
<doc>Verifies that the element identified by ``locator`` is visible.</doc>
<msg timestamp="20221113 22:49:57.532" level="INFO">Element 'css:ng-confirm[title='Empty Cart']' is displayed.</msg>
<status status="PASS" starttime="20221113 22:49:56.910" endtime="20221113 22:49:57.532"/>
</kw>
<status status="PASS" starttime="20221113 22:49:53.138" endtime="20221113 22:49:57.532"/>
</kw>
<kw name="Then The price of each product should be correct" library="JupiterToysKeywords">
<kw name="Get Text" library="SeleniumLibrary">
<var>${cart_frog_price}</var>
<arg>${cart_lbl_frog_price}</arg>
<doc>Returns the text value of the element identified by ``locator``.</doc>
<msg timestamp="20221113 22:49:58.164" level="INFO">${cart_frog_price} = $10.99</msg>
<status status="PASS" starttime="20221113 22:49:57.533" endtime="20221113 22:49:58.164"/>
</kw>
<kw name="Get Price String As Integer" library="utils">
<var>${cart_frog_price}</var>
<arg>${cart_frog_price}</arg>
<kw name="Remove String" library="String">
<var>${price}</var>
<arg>${price}</arg>
<arg>$</arg>
<arg>,</arg>
<doc>Removes all ``removables`` from the given ``string``.</doc>
<msg timestamp="20221113 22:49:58.165" level="INFO">${price} = 10.99</msg>
<status status="PASS" starttime="20221113 22:49:58.164" endtime="20221113 22:49:58.165"/>
</kw>
<kw name="Convert To Number" library="BuiltIn">
<var>${value}</var>
<arg>${price}</arg>
<doc>Converts the given item to a floating point number.</doc>
<msg timestamp="20221113 22:49:58.165" level="INFO">${value} = 10.99</msg>
<status status="PASS" starttime="20221113 22:49:58.165" endtime="20221113 22:49:58.165"/>
</kw>
<msg timestamp="20221113 22:49:58.166" level="INFO">${cart_frog_price} = 10.99</msg>
<status status="PASS" starttime="20221113 22:49:58.164" endtime="20221113 22:49:58.166"/>
</kw>
<kw name="Get Text" library="SeleniumLibrary">
<var>${cart_bunny_price}</var>
<arg>${cart_lbl_bunny_price}</arg>
<doc>Returns the text value of the element identified by ``locator``.</doc>
<msg timestamp="20221113 22:49:58.800" level="INFO">${cart_bunny_price} = $9.99</msg>
<status status="PASS" starttime="20221113 22:49:58.166" endtime="20221113 22:49:58.800"/>
</kw>
<kw name="Get Price String As Integer" library="utils">
<var>${cart_bunny_price}</var>
<arg>${cart_bunny_price}</arg>
<kw name="Remove String" library="String">
<var>${price}</var>
<arg>${price}</arg>
<arg>$</arg>
<arg>,</arg>
<doc>Removes all ``removables`` from the given ``string``.</doc>
<msg timestamp="20221113 22:49:58.800" level="INFO">${price} = 9.99</msg>
<status status="PASS" starttime="20221113 22:49:58.800" endtime="20221113 22:49:58.800"/>
</kw>
<kw name="Convert To Number" library="BuiltIn">
<var>${value}</var>
<arg>${price}</arg>
<doc>Converts the given item to a floating point number.</doc>
<msg timestamp="20221113 22:49:58.800" level="INFO">${value} = 9.99</msg>
<status status="PASS" starttime="20221113 22:49:58.800" endtime="20221113 22:49:58.800"/>
</kw>
<msg timestamp="20221113 22:49:58.800" level="INFO">${cart_bunny_price} = 9.99</msg>
<status status="PASS" starttime="20221113 22:49:58.800" endtime="20221113 22:49:58.800"/>
</kw>
<kw name="Get Text" library="SeleniumLibrary">
<var>${cart_vbear_price}</var>
<arg>${cart_lbl_vbear_price}</arg>
<doc>Returns the text value of the element identified by ``locator``.</doc>
<msg timestamp="20221113 22:49:59.431" level="INFO">${cart_vbear_price} = $14.99</msg>
<status status="PASS" starttime="20221113 22:49:58.800" endtime="20221113 22:49:59.431"/>
</kw>
<kw name="Get Price String As Integer" library="utils">
<var>${cart_vbear_price}</var>
<arg>${cart_vbear_price}</arg>
<kw name="Remove String" library="String">
<var>${price}</var>
<arg>${price}</arg>
<arg>$</arg>
<arg>,</arg>
<doc>Removes all ``removables`` from the given ``string``.</doc>
<msg timestamp="20221113 22:49:59.431" level="INFO">${price} = 14.99</msg>
<status status="PASS" starttime="20221113 22:49:59.431" endtime="20221113 22:49:59.431"/>
</kw>
<kw name="Convert To Number" library="BuiltIn">
<var>${value}</var>
<arg>${price}</arg>
<doc>Converts the given item to a floating point number.</doc>
<msg timestamp="20221113 22:49:59.431" level="INFO">${value} = 14.99</msg>
<status status="PASS" starttime="20221113 22:49:59.431" endtime="20221113 22:49:59.431"/>
</kw>
<msg timestamp="20221113 22:49:59.431" level="INFO">${cart_vbear_price} = 14.99</msg>
<status status="PASS" starttime="20221113 22:49:59.431" endtime="20221113 22:49:59.431"/>
</kw>
<kw name="Evaluate" library="BuiltIn">
<arg>${actual_frog_price} == ${cart_frog_price}</arg>
<doc>Evaluates the given expression in Python and returns the result.</doc>
<status status="PASS" starttime="20221113 22:49:59.431" endtime="20221113 22:49:59.431"/>
</kw>
<kw name="Evaluate" library="BuiltIn">
<arg>${actual_bunny_price} == ${cart_bunny_price}</arg>
<doc>Evaluates the given expression in Python and returns the result.</doc>
<status status="PASS" starttime="20221113 22:49:59.431" endtime="20221113 22:49:59.431"/>
</kw>
<kw name="Evaluate" library="BuiltIn">
<arg>${actual_vbear_price} == ${cart_vbear_price}</arg>
<doc>Evaluates the given expression in Python and returns the result.</doc>
<status status="PASS" starttime="20221113 22:49:59.431" endtime="20221113 22:49:59.431"/>
</kw>
<status status="PASS" starttime="20221113 22:49:57.532" endtime="20221113 22:49:59.431"/>
</kw>
<kw name="And Sub-total for each product should be correct" library="JupiterToysKeywords">
<kw name="Get Text" library="SeleniumLibrary">
<var>${frog_subtotal_price}</var>
<arg>${cart_lbl_frog_subtotal_price}</arg>
<doc>Returns the text value of the element identified by ``locator``.</doc>
<msg timestamp="20221113 22:50:00.055" level="INFO">${frog_subtotal_price} = $21.98</msg>
<status status="PASS" starttime="20221113 22:49:59.431" endtime="20221113 22:50:00.055"/>
</kw>
<kw name="Get Price String As Integer" library="utils">
<var>${frog_subtotal_price}</var>
<arg>${frog_subtotal_price}</arg>
<kw name="Remove String" library="String">
<var>${price}</var>
<arg>${price}</arg>
<arg>$</arg>
<arg>,</arg>
<doc>Removes all ``removables`` from the given ``string``.</doc>
<msg timestamp="20221113 22:50:00.055" level="INFO">${price} = 21.98</msg>
<status status="PASS" starttime="20221113 22:50:00.055" endtime="20221113 22:50:00.055"/>
</kw>
<kw name="Convert To Number" library="BuiltIn">
<var>${value}</var>
<arg>${price}</arg>
<doc>Converts the given item to a floating point number.</doc>
<msg timestamp="20221113 22:50:00.055" level="INFO">${value} = 21.98</msg>
<status status="PASS" starttime="20221113 22:50:00.055" endtime="20221113 22:50:00.055"/>
</kw>
<msg timestamp="20221113 22:50:00.055" level="INFO">${frog_subtotal_price} = 21.98</msg>
<status status="PASS" starttime="20221113 22:50:00.055" endtime="20221113 22:50:00.055"/>
</kw>
<kw name="Set Global Variable" library="BuiltIn">
<arg>${frog_subtotal_price}</arg>
<doc>Makes a variable available globally in all tests and suites.</doc>
<msg timestamp="20221113 22:50:00.055" level="INFO">${frog_subtotal_price} = 21.98</msg>
<status status="PASS" starttime="20221113 22:50:00.055" endtime="20221113 22:50:00.055"/>
</kw>
<kw name="Evaluate" library="BuiltIn">
<arg>${actual_frog_price}*${frogs} == ${frog_subtotal_price}</arg>
<doc>Evaluates the given expression in Python and returns the result.</doc>
<status status="PASS" starttime="20221113 22:50:00.055" endtime="20221113 22:50:00.055"/>
</kw>
<kw name="Get Text" library="SeleniumLibrary">
<var>${bunny_subtotal_price}</var>
<arg>${cart_lbl_bunny_subtotal_price}</arg>
<doc>Returns the text value of the element identified by ``locator``.</doc>
<msg timestamp="20221113 22:50:00.678" level="INFO">${bunny_subtotal_price} = $49.95</msg>
<status status="PASS" starttime="20221113 22:50:00.055" endtime="20221113 22:50:00.678"/>
</kw>
<kw name="Get Price String As Integer" library="utils">
<var>${bunny_subtotal_price}</var>
<arg>${bunny_subtotal_price}</arg>
<kw name="Remove String" library="String">
<var>${price}</var>
<arg>${price}</arg>
<arg>$</arg>
<arg>,</arg>
<doc>Removes all ``removables`` from the given ``string``.</doc>
<msg timestamp="20221113 22:50:00.678" level="INFO">${price} = 49.95</msg>
<status status="PASS" starttime="20221113 22:50:00.678" endtime="20221113 22:50:00.678"/>
</kw>
<kw name="Convert To Number" library="BuiltIn">
<var>${value}</var>
<arg>${price}</arg>
<doc>Converts the given item to a floating point number.</doc>
<msg timestamp="20221113 22:50:00.678" level="INFO">${value} = 49.95</msg>
<status status="PASS" starttime="20221113 22:50:00.678" endtime="20221113 22:50:00.678"/>
</kw>
<msg timestamp="20221113 22:50:00.678" level="INFO">${bunny_subtotal_price} = 49.95</msg>
<status status="PASS" starttime="20221113 22:50:00.678" endtime="20221113 22:50:00.678"/>
</kw>
<kw name="Set Global Variable" library="BuiltIn">
<arg>${bunny_subtotal_price}</arg>
<doc>Makes a variable available globally in all tests and suites.</doc>
<msg timestamp="20221113 22:50:00.678" level="INFO">${bunny_subtotal_price} = 49.95</msg>
<status status="PASS" starttime="20221113 22:50:00.678" endtime="20221113 22:50:00.678"/>
</kw>
<kw name="Evaluate" library="BuiltIn">
<arg>${actual_bunny_price}*${bunnies} == ${bunny_subtotal_price}</arg>
<doc>Evaluates the given expression in Python and returns the result.</doc>
<status status="PASS" starttime="20221113 22:50:00.678" endtime="20221113 22:50:00.678"/>
</kw>
<kw name="Get Text" library="SeleniumLibrary">
<var>${vbear_subtotal_price}</var>
<arg>${cart_lbl_vbear_subtotal_price}</arg>
<doc>Returns the text value of the element identified by ``locator``.</doc>
<msg timestamp="20221113 22:50:01.301" level="INFO">${vbear_subtotal_price} = $44.97</msg>
<status status="PASS" starttime="20221113 22:50:00.678" endtime="20221113 22:50:01.301"/>
</kw>
<kw name="Get Price String As Integer" library="utils">
<var>${vbear_subtotal_price}</var>
<arg>${vbear_subtotal_price}</arg>
<kw name="Remove String" library="String">
<var>${price}</var>
<arg>${price}</arg>
<arg>$</arg>
<arg>,</arg>
<doc>Removes all ``removables`` from the given ``string``.</doc>
<msg timestamp="20221113 22:50:01.301" level="INFO">${price} = 44.97</msg>
<status status="PASS" starttime="20221113 22:50:01.301" endtime="20221113 22:50:01.301"/>
</kw>
<kw name="Convert To Number" library="BuiltIn">
<var>${value}</var>
<arg>${price}</arg>
<doc>Converts the given item to a floating point number.</doc>
<msg timestamp="20221113 22:50:01.301" level="INFO">${value} = 44.97</msg>
<status status="PASS" starttime="20221113 22:50:01.301" endtime="20221113 22:50:01.301"/>
</kw>
<msg timestamp="20221113 22:50:01.301" level="INFO">${vbear_subtotal_price} = 44.97</msg>
<status status="PASS" starttime="20221113 22:50:01.301" endtime="20221113 22:50:01.301"/>
</kw>
<kw name="Set Global Variable" library="BuiltIn">
<arg>${vbear_subtotal_price}</arg>
<doc>Makes a variable available globally in all tests and suites.</doc>
<msg timestamp="20221113 22:50:01.301" level="INFO">${vbear_subtotal_price} = 44.97</msg>
<status status="PASS" starttime="20221113 22:50:01.301" endtime="20221113 22:50:01.301"/>
</kw>
<kw name="Evaluate" library="BuiltIn">
<arg>${actual_vbear_price}*${vbears} == ${vbear_subtotal_price}</arg>
<doc>Evaluates the given expression in Python and returns the result.</doc>
<status status="PASS" starttime="20221113 22:50:01.301" endtime="20221113 22:50:01.301"/>
</kw>
<status status="PASS" starttime="20221113 22:49:59.431" endtime="20221113 22:50:01.301"/>
</kw>
<kw name="And Total of all products should be correct" library="JupiterToysKeywords">
<kw name="Get Text" library="SeleniumLibrary">
<var>${total_price}</var>
<arg>${cart_lbl_total_price}</arg>
<doc>Returns the text value of the element identified by ``locator``.</doc>
<msg timestamp="20221113 22:50:01.925" level="INFO">${total_price} = Total: 116.9</msg>
<status status="PASS" starttime="20221113 22:50:01.301" endtime="20221113 22:50:01.925"/>
</kw>
<kw name="Remove String" library="String">
<var>${total_price}</var>
<arg>${total_price}</arg>
<arg>Total:</arg>
<doc>Removes all ``removables`` from the given ``string``.</doc>
<msg timestamp="20221113 22:50:01.925" level="INFO">${total_price} =  116.9</msg>
<status status="PASS" starttime="20221113 22:50:01.925" endtime="20221113 22:50:01.925"/>
</kw>
<kw name="Convert To Number" library="BuiltIn">
<var>${total_price}</var>
<arg>${total_price}</arg>
<doc>Converts the given item to a floating point number.</doc>
<msg timestamp="20221113 22:50:01.926" level="INFO">${total_price} = 116.9</msg>
<status status="PASS" starttime="20221113 22:50:01.925" endtime="20221113 22:50:01.926"/>
</kw>
<kw name="Evaluate" library="BuiltIn">
<arg>${actual_frog_price}+${actual_bunny_price}+${actual_vbear_price} == ${total_price}</arg>
<doc>Evaluates the given expression in Python and returns the result.</doc>
<status status="PASS" starttime="20221113 22:50:01.926" endtime="20221113 22:50:01.926"/>
</kw>
<status status="PASS" starttime="20221113 22:50:01.301" endtime="20221113 22:50:01.926"/>
</kw>
<tag>Regression</tag>
<status status="PASS" starttime="20221113 22:49:31.640" endtime="20221113 22:50:01.926"/>
</test>
<status status="PASS" starttime="20221113 22:49:31.629" endtime="20221113 22:50:01.926"/>
</suite>
<status status="PASS" starttime="20221113 22:47:26.107" endtime="20221113 22:50:01.926"/>
</suite>
<status status="PASS" starttime="20221113 22:47:26.075" endtime="20221113 22:50:01.926"/>
</suite>
<statistics>
<total>
<stat pass="5" fail="0" skip="0">All Tests</stat>
</total>
<tag>
<stat pass="2" fail="0" skip="0">Regression</stat>
</tag>
<suite>
<stat pass="5" fail="0" skip="0" id="s1" name="Planit-Karla">Planit-Karla</stat>
<stat pass="5" fail="0" skip="0" id="s1-s1" name="Tests">Planit-Karla.Tests</stat>
<stat pass="3" fail="0" skip="0" id="s1-s1-s1" name="TC1">Planit-Karla.Tests.TC1</stat>
<stat pass="1" fail="0" skip="0" id="s1-s1-s2" name="TC2">Planit-Karla.Tests.TC2</stat>
<stat pass="1" fail="0" skip="0" id="s1-s1-s3" name="TC3">Planit-Karla.Tests.TC3</stat>
</suite>
</statistics>
<errors>
</errors>
</robot>
